2026-03-02 01:26:02,852 [INFO] [DRY-RUN] [content_pipeline] Would execute: Content Pipeline
2026-03-02 01:26:02,852 [INFO] [DRY-RUN] [content_pipeline] Schedule: Every 6 hours (00:00, 06:00, 12:00, 18:00)
2026-03-02 01:26:02,852 [INFO] [DRY-RUN] [content_pipeline] Timeout: 600s
2026-03-02 01:26:02,852 [INFO] [DRY-RUN] [content_pipeline] Dependencies OK: ['skills/content/pipeline.py', 'skills/content/guardrails.py', 'skills/revenue_dashboard/dashboard.py']
2026-03-02 01:26:02,852 [INFO] [DRY-RUN] [content_pipeline] Module: skills.content.pipeline.ContentPipeline.run
2026-03-02 01:26:02,853 [INFO] [DRY-RUN] [opportunity_scan] Would execute: Market/Opportunity Scan
2026-03-02 01:26:02,853 [INFO] [DRY-RUN] [opportunity_scan] Schedule: Daily at 8:00 AM WIB
2026-03-02 01:26:02,853 [INFO] [DRY-RUN] [opportunity_scan] Timeout: 900s
2026-03-02 01:26:02,853 [INFO] [DRY-RUN] [opportunity_scan] Dependencies OK: ['skills/opportunity_scout/engine.py', 'skills/opportunity-scout/engine.py']
2026-03-02 01:26:02,853 [INFO] [DRY-RUN] [opportunity_scan] Module: skills.opportunity_scout.engine.OpportunityScout.scan
2026-03-02 01:26:02,853 [INFO] [DRY-RUN] [trading_signal_check] Would execute: Trading Signal Check
2026-03-02 01:26:02,853 [INFO] [DRY-RUN] [trading_signal_check] Schedule: Every 1 hour
2026-03-02 01:26:02,854 [INFO] [DRY-RUN] [trading_signal_check] Timeout: 300s
2026-03-02 01:26:02,854 [INFO] [DRY-RUN] [trading_signal_check] Dependencies OK: ['skills/trading/pipeline.py', 'skills/trading/guardrails.py', 'skills/revenue_dashboard/dashboard.py']
2026-03-02 01:26:02,854 [INFO] [DRY-RUN] [trading_signal_check] Module: skills.trading.pipeline.TradingPipeline.run
2026-03-02 01:26:02,854 [INFO] [DRY-RUN] [task_enforcement] Would execute: Task Enforcement Check
2026-03-02 01:26:02,854 [INFO] [DRY-RUN] [task_enforcement] Schedule: Every 4 hours
2026-03-02 01:26:02,854 [INFO] [DRY-RUN] [task_enforcement] Timeout: 120s
2026-03-02 01:26:02,854 [INFO] [DRY-RUN] [task_enforcement] Dependencies OK: ['skills/task_manager/enforcement.py', 'skills/task_manager/storage.py', 'skills/task_manager/notifier.py']
2026-03-02 01:26:02,854 [INFO] [DRY-RUN] [task_enforcement] Module: skills.task_manager.enforcement.EnforcementProtocol.check_all_tasks
2026-03-02 01:26:02,855 [INFO] [DRY-RUN] [revenue_report] Would execute: Revenue Report
2026-03-02 01:26:02,855 [INFO] [DRY-RUN] [revenue_report] Schedule: Daily at 8:00 PM WIB
2026-03-02 01:26:02,855 [INFO] [DRY-RUN] [revenue_report] Timeout: 120s
2026-03-02 01:26:02,855 [INFO] [DRY-RUN] [revenue_report] Dependencies OK: ['skills/revenue_dashboard/dashboard.py']
2026-03-02 01:26:02,855 [INFO] [DRY-RUN] [revenue_report] Module: skills.revenue_dashboard.dashboard.RevenueDashboard.get_report
2026-03-02 01:26:02,855 [INFO] [DRY-RUN] [weekly_strategic_review] Would execute: Weekly Strategic Review
2026-03-02 01:26:02,855 [INFO] [DRY-RUN] [weekly_strategic_review] Schedule: Every Monday at 9:00 AM WIB
2026-03-02 01:26:02,856 [INFO] [DRY-RUN] [weekly_strategic_review] Timeout: 1800s
2026-03-02 01:26:02,856 [INFO] [DRY-RUN] [weekly_strategic_review] Dependencies OK: ['skills/strategic_recommendations/engine.py', 'skills/revenue_dashboard/dashboard.py', 'skills/opportunity_scout/engine.py']
2026-03-02 01:26:02,856 [INFO] [DRY-RUN] [weekly_strategic_review] Module: skills.strategic_recommendations.engine.StrategicEngine.generate_weekly_review
2026-03-02 01:26:02,856 [INFO] [DRY-RUN] [log_cleanup] Would execute: Log Cleanup
2026-03-02 01:26:02,856 [INFO] [DRY-RUN] [log_cleanup] Schedule: Every Sunday at 3:00 AM WIB
2026-03-02 01:26:02,856 [INFO] [DRY-RUN] [log_cleanup] Timeout: 60s
2026-03-02 01:26:02,856 [INFO] [DRY-RUN] [log_cleanup] Dependencies OK: []
2026-03-02 01:26:02,856 [INFO] [DRY-RUN] [log_cleanup] Command: find /home/openclaw/.openclaw/workspace/logs/cron -name '*.log' -mtime +30 -delete
2026-03-02 01:27:01,982 [INFO] [DRY-RUN] [content_pipeline] Would execute: Content Pipeline
2026-03-02 01:27:01,982 [INFO] [DRY-RUN] [content_pipeline] Schedule: Every 6 hours (00:00, 06:00, 12:00, 18:00)
2026-03-02 01:27:01,982 [INFO] [DRY-RUN] [content_pipeline] Timeout: 600s
2026-03-02 01:27:01,982 [INFO] [DRY-RUN] [content_pipeline] Dependencies OK: ['skills/content/pipeline.py', 'skills/content/guardrails.py', 'skills/revenue_dashboard/dashboard.py']
2026-03-02 01:27:01,982 [INFO] [DRY-RUN] [content_pipeline] Module: skills.content.pipeline.ContentPipeline.run
2026-03-02 01:27:01,982 [INFO] [DRY-RUN] [opportunity_scan] Would execute: Market/Opportunity Scan
2026-03-02 01:27:01,983 [INFO] [DRY-RUN] [opportunity_scan] Schedule: Daily at 8:00 AM WIB
2026-03-02 01:27:01,983 [INFO] [DRY-RUN] [opportunity_scan] Timeout: 900s
2026-03-02 01:27:01,983 [INFO] [DRY-RUN] [opportunity_scan] Dependencies OK: ['skills/opportunity_scout/engine.py', 'skills/opportunity-scout/engine.py']
2026-03-02 01:27:01,983 [INFO] [DRY-RUN] [opportunity_scan] Module: skills.opportunity_scout.engine.OpportunityScout.scan
2026-03-02 01:27:01,983 [INFO] [DRY-RUN] [trading_signal_check] Would execute: Trading Signal Check
2026-03-02 01:27:01,983 [INFO] [DRY-RUN] [trading_signal_check] Schedule: Every 1 hour
2026-03-02 01:27:01,983 [INFO] [DRY-RUN] [trading_signal_check] Timeout: 300s
2026-03-02 01:27:01,983 [INFO] [DRY-RUN] [trading_signal_check] Dependencies OK: ['skills/trading/pipeline.py', 'skills/trading/guardrails.py', 'skills/revenue_dashboard/dashboard.py']
2026-03-02 01:27:01,983 [INFO] [DRY-RUN] [trading_signal_check] Module: skills.trading.pipeline.TradingPipeline.run
2026-03-02 01:27:01,984 [INFO] [DRY-RUN] [task_enforcement] Would execute: Task Enforcement Check
2026-03-02 01:27:01,984 [INFO] [DRY-RUN] [task_enforcement] Schedule: Every 4 hours
2026-03-02 01:27:01,984 [INFO] [DRY-RUN] [task_enforcement] Timeout: 120s
2026-03-02 01:27:01,984 [INFO] [DRY-RUN] [task_enforcement] Dependencies OK: ['skills/task_manager/enforcement.py', 'skills/task_manager/storage.py', 'skills/task_manager/notifier.py']
2026-03-02 01:27:01,984 [INFO] [DRY-RUN] [task_enforcement] Module: skills.task_manager.enforcement.EnforcementProtocol.check_all_tasks
2026-03-02 01:27:01,984 [INFO] [DRY-RUN] [revenue_report] Would execute: Revenue Report
2026-03-02 01:27:01,984 [INFO] [DRY-RUN] [revenue_report] Schedule: Daily at 8:00 PM WIB
2026-03-02 01:27:01,984 [INFO] [DRY-RUN] [revenue_report] Timeout: 120s
2026-03-02 01:27:01,984 [INFO] [DRY-RUN] [revenue_report] Dependencies OK: ['skills/revenue_dashboard/dashboard.py']
2026-03-02 01:27:01,984 [INFO] [DRY-RUN] [revenue_report] Module: skills.revenue_dashboard.dashboard.RevenueDashboard.get_report
2026-03-02 01:27:01,985 [INFO] [DRY-RUN] [weekly_strategic_review] Would execute: Weekly Strategic Review
2026-03-02 01:27:01,985 [INFO] [DRY-RUN] [weekly_strategic_review] Schedule: Every Monday at 9:00 AM WIB
2026-03-02 01:27:01,985 [INFO] [DRY-RUN] [weekly_strategic_review] Timeout: 1800s
2026-03-02 01:27:01,985 [INFO] [DRY-RUN] [weekly_strategic_review] Dependencies OK: ['skills/strategic_recommendations/engine.py', 'skills/revenue_dashboard/dashboard.py', 'skills/opportunity_scout/engine.py']
2026-03-02 01:27:01,985 [INFO] [DRY-RUN] [weekly_strategic_review] Module: skills.strategic_recommendations.engine.StrategicEngine.generate_weekly_review
2026-03-02 01:27:01,985 [INFO] [DRY-RUN] [log_cleanup] Would execute: Log Cleanup
2026-03-02 01:27:01,985 [INFO] [DRY-RUN] [log_cleanup] Schedule: Every Sunday at 3:00 AM WIB
2026-03-02 01:27:01,985 [INFO] [DRY-RUN] [log_cleanup] Timeout: 60s
2026-03-02 01:27:01,985 [INFO] [DRY-RUN] [log_cleanup] Dependencies OK: []
2026-03-02 01:27:01,985 [INFO] [DRY-RUN] [log_cleanup] Command: find /home/openclaw/.openclaw/workspace/logs/cron -name '*.log' -mtime +30 -delete
2026-03-02 01:27:07,024 [INFO] [DRY-RUN] [content_pipeline] Would execute: Content Pipeline
2026-03-02 01:27:07,024 [INFO] [DRY-RUN] [content_pipeline] Schedule: Every 6 hours (00:00, 06:00, 12:00, 18:00)
2026-03-02 01:27:07,024 [INFO] [DRY-RUN] [content_pipeline] Timeout: 600s
2026-03-02 01:27:07,024 [INFO] [DRY-RUN] [content_pipeline] Dependencies OK: ['skills/content/pipeline.py', 'skills/content/guardrails.py', 'skills/revenue_dashboard/dashboard.py']
2026-03-02 01:27:07,025 [INFO] [DRY-RUN] [content_pipeline] Module: skills.content.pipeline.ContentPipeline.run
2026-03-02 01:27:07,025 [INFO] [DRY-RUN] [opportunity_scan] Would execute: Market/Opportunity Scan
2026-03-02 01:27:07,025 [INFO] [DRY-RUN] [opportunity_scan] Schedule: Daily at 8:00 AM WIB
2026-03-02 01:27:07,025 [INFO] [DRY-RUN] [opportunity_scan] Timeout: 900s
2026-03-02 01:27:07,025 [INFO] [DRY-RUN] [opportunity_scan] Dependencies OK: ['skills/opportunity_scout/engine.py', 'skills/opportunity-scout/engine.py']
2026-03-02 01:27:07,025 [INFO] [DRY-RUN] [opportunity_scan] Module: skills.opportunity_scout.engine.OpportunityScout.scan
2026-03-02 01:27:07,026 [INFO] [DRY-RUN] [trading_signal_check] Would execute: Trading Signal Check
2026-03-02 01:27:07,026 [INFO] [DRY-RUN] [trading_signal_check] Schedule: Every 1 hour
2026-03-02 01:27:07,026 [INFO] [DRY-RUN] [trading_signal_check] Timeout: 300s
2026-03-02 01:27:07,026 [INFO] [DRY-RUN] [trading_signal_check] Dependencies OK: ['skills/trading/pipeline.py', 'skills/trading/guardrails.py', 'skills/revenue_dashboard/dashboard.py']
2026-03-02 01:27:07,026 [INFO] [DRY-RUN] [trading_signal_check] Module: skills.trading.pipeline.TradingPipeline.run
2026-03-02 01:27:07,026 [INFO] [DRY-RUN] [task_enforcement] Would execute: Task Enforcement Check
2026-03-02 01:27:07,026 [INFO] [DRY-RUN] [task_enforcement] Schedule: Every 4 hours
2026-03-02 01:27:07,026 [INFO] [DRY-RUN] [task_enforcement] Timeout: 120s
2026-03-02 01:27:07,027 [INFO] [DRY-RUN] [task_enforcement] Dependencies OK: ['skills/task_manager/enforcement.py', 'skills/task_manager/storage.py', 'skills/task_manager/notifier.py']
2026-03-02 01:27:07,027 [INFO] [DRY-RUN] [task_enforcement] Module: skills.task_manager.enforcement.EnforcementProtocol.check_all_tasks
2026-03-02 01:27:07,027 [INFO] [DRY-RUN] [revenue_report] Would execute: Revenue Report
2026-03-02 01:27:07,027 [INFO] [DRY-RUN] [revenue_report] Schedule: Daily at 8:00 PM WIB
2026-03-02 01:27:07,027 [INFO] [DRY-RUN] [revenue_report] Timeout: 120s
2026-03-02 01:27:07,027 [INFO] [DRY-RUN] [revenue_report] Dependencies OK: ['skills/revenue_dashboard/dashboard.py']
2026-03-02 01:27:07,027 [INFO] [DRY-RUN] [revenue_report] Module: skills.revenue_dashboard.dashboard.RevenueDashboard.get_report
2026-03-02 01:27:07,027 [INFO] [DRY-RUN] [weekly_strategic_review] Would execute: Weekly Strategic Review
2026-03-02 01:27:07,028 [INFO] [DRY-RUN] [weekly_strategic_review] Schedule: Every Monday at 9:00 AM WIB
2026-03-02 01:27:07,028 [INFO] [DRY-RUN] [weekly_strategic_review] Timeout: 1800s
2026-03-02 01:27:07,028 [INFO] [DRY-RUN] [weekly_strategic_review] Dependencies OK: ['skills/strategic_recommendations/engine.py', 'skills/revenue_dashboard/dashboard.py', 'skills/opportunity_scout/engine.py']
2026-03-02 01:27:07,028 [INFO] [DRY-RUN] [weekly_strategic_review] Module: skills.strategic_recommendations.engine.StrategicEngine.generate_weekly_review
2026-03-02 01:27:07,028 [INFO] [DRY-RUN] [log_cleanup] Would execute: Log Cleanup
2026-03-02 01:27:07,028 [INFO] [DRY-RUN] [log_cleanup] Schedule: Every Sunday at 3:00 AM WIB
2026-03-02 01:27:07,028 [INFO] [DRY-RUN] [log_cleanup] Timeout: 60s
2026-03-02 01:27:07,028 [INFO] [DRY-RUN] [log_cleanup] Dependencies OK: []
2026-03-02 01:27:07,029 [INFO] [DRY-RUN] [log_cleanup] Command: find /home/openclaw/.openclaw/workspace/logs/cron -name '*.log' -mtime +30 -delete
