2026-03-20 09:00:01,449 [INFO] ContentKingdom — 🚀 Content Kingdom Daily Pipeline — 2026-03-20 [run_20260320_090001]
2026-03-20 09:00:01,450 [WARNING] ContentKingdom — Paperclip GET /companies/33e1e20e-d9f2-45f2-b907-0579ab795942/issues failed: HTTPConnectionPool(host='localhost', port=3100): Max retries exceeded with url: /api/companies/33e1e20e-d9f2-45f2-b907-0579ab795942/issues?limit=50 (Caused by NewConnectionError("HTTPConnection(host='localhost', port=3100): Failed to establish a new connection: [Errno 111] Connection refused"))
2026-03-20 09:00:01,451 [WARNING] ContentKingdom — Paperclip GET /issues failed: HTTPConnectionPool(host='localhost', port=3100): Max retries exceeded with url: /api/issues?limit=50 (Caused by NewConnectionError("HTTPConnection(host='localhost', port=3100): Failed to establish a new connection: [Errno 111] Connection refused"))
2026-03-20 09:00:01,452 [WARNING] ContentKingdom — Paperclip POST /companies/33e1e20e-d9f2-45f2-b907-0579ab795942/issues failed: HTTPConnectionPool(host='localhost', port=3100): Max retries exceeded with url: /api/companies/33e1e20e-d9f2-45f2-b907-0579ab795942/issues (Caused by NewConnectionError("HTTPConnection(host='localhost', port=3100): Failed to establish a new connection: [Errno 111] Connection refused"))
2026-03-20 09:00:01,453 [WARNING] ContentKingdom — Paperclip POST /issues failed: HTTPConnectionPool(host='localhost', port=3100): Max retries exceeded with url: /api/issues (Caused by NewConnectionError("HTTPConnection(host='localhost', port=3100): Failed to establish a new connection: [Errno 111] Connection refused"))
2026-03-20 09:00:01,453 [WARNING] ContentKingdom — Paperclip parent issue creation failed or server unavailable
2026-03-20 09:00:01,453 [INFO] ContentKingdom — 
============================================================
▶ Phase 1: RESEARCH
============================================================
2026-03-20 09:00:01,684 [INFO] ContentKingdom — 
============================================================
▶ Phase 2: PLAN
============================================================
2026-03-20 09:00:01,692 [INFO] ContentKingdom — 
============================================================
▶ Phase 3: SCRIPT
============================================================
2026-03-20 09:00:01,693 [INFO] ContentKingdom — Storyboard templates available: ['ad_short', 'product_showcase', 'storytelling', 'tutorial']
2026-03-20 09:00:01,693 [WARNING] ContentKingdom — PersonaManager load failed: Can't instantiate abstract class PersonaManager without an implementation for abstract methods '_execute', 'name'
2026-03-20 09:00:01,702 [INFO] ContentKingdom — 
============================================================
▶ Phase 4: CREATE
============================================================
2026-03-20 09:00:01,703 [INFO] ContentKingdom.ProviderChain — Video: trying byteplus...
2026-03-20 09:00:33,135 [INFO] ContentKingdom.ProviderChain — Video: byteplus ✅ https://ark-content-generation-ap-southeast-1.tos-ap-southea
2026-03-20 09:00:34,640 [INFO] ContentKingdom — Provider chain video: byteplus → /home/openclaw/.openclaw/workspace/skills/content-kingdom/output/media/2026-03-20/video_00_tiktok.mp4
2026-03-20 09:00:34,640 [INFO] ContentKingdom.ProviderChain — Video: trying byteplus...
2026-03-20 09:01:05,671 [INFO] ContentKingdom.ProviderChain — Video: byteplus ✅ https://ark-content-generation-ap-southeast-1.tos-ap-southea
2026-03-20 09:01:06,365 [INFO] ContentKingdom — Provider chain video: byteplus → /home/openclaw/.openclaw/workspace/skills/content-kingdom/output/media/2026-03-20/video_01_tiktok.mp4
2026-03-20 09:01:06,366 [INFO] ContentKingdom.ProviderChain — Image: trying geminigen...
2026-03-20 09:01:06,374 [INFO] ContentKingdom.ProviderChain — Image: trying nvidia...
2026-03-20 09:01:06,374 [INFO] ContentKingdom.ProviderChain — Image: nvidia skipped — no API key
2026-03-20 09:01:06,374 [INFO] ContentKingdom.ProviderChain — Image: trying replicate...
2026-03-20 09:01:06,374 [INFO] ContentKingdom.ProviderChain — Image: replicate skipped — no API key
2026-03-20 09:01:06,374 [INFO] ContentKingdom.ProviderChain — Image: trying falai...
2026-03-20 09:01:07,187 [INFO] ContentKingdom.ProviderChain — Image: trying pexels...
2026-03-20 09:01:07,325 [INFO] ContentKingdom.ProviderChain — Image: trying pil...
2026-03-20 09:01:07,368 [INFO] ContentKingdom.ProviderChain — Image: PIL placeholder ✅ /tmp/tmp6kta1exb.jpg
2026-03-20 09:01:07,368 [INFO] ContentKingdom — Provider chain image: pil → /home/openclaw/.openclaw/workspace/skills/content-kingdom/output/media/2026-03-20/image_02_facebook.png
2026-03-20 09:01:07,368 [INFO] ContentKingdom.ProviderChain — Image: trying geminigen...
2026-03-20 09:01:07,369 [INFO] ContentKingdom.ProviderChain — Image: trying nvidia...
2026-03-20 09:01:07,369 [INFO] ContentKingdom.ProviderChain — Image: nvidia skipped — no API key
2026-03-20 09:01:07,369 [INFO] ContentKingdom.ProviderChain — Image: trying replicate...
2026-03-20 09:01:07,369 [INFO] ContentKingdom.ProviderChain — Image: replicate skipped — no API key
2026-03-20 09:01:07,369 [INFO] ContentKingdom.ProviderChain — Image: trying falai...
2026-03-20 09:01:08,092 [INFO] ContentKingdom.ProviderChain — Image: trying pexels...
2026-03-20 09:01:08,203 [INFO] ContentKingdom.ProviderChain — Image: trying pil...
2026-03-20 09:01:08,210 [INFO] ContentKingdom.ProviderChain — Image: PIL placeholder ✅ /tmp/tmp_a9nht2w.jpg
2026-03-20 09:01:08,210 [INFO] ContentKingdom — Provider chain image: pil → /home/openclaw/.openclaw/workspace/skills/content-kingdom/output/media/2026-03-20/image_03_facebook.png
2026-03-20 09:01:08,211 [INFO] ContentKingdom.ProviderChain — Video: trying byteplus...
2026-03-20 09:01:34,075 [INFO] ContentKingdom.ProviderChain — Video: byteplus ✅ https://ark-content-generation-ap-southeast-1.tos-ap-southea
2026-03-20 09:01:35,236 [INFO] ContentKingdom — Provider chain video: byteplus → /home/openclaw/.openclaw/workspace/skills/content-kingdom/output/media/2026-03-20/video_04_youtube.mp4
2026-03-20 09:01:35,244 [INFO] ContentKingdom — 
============================================================
▶ Phase 5: REVIEW
============================================================
2026-03-20 09:01:35,251 [INFO] ContentKingdom — 
============================================================
▶ Phase 6: SCHEDULE
============================================================
2026-03-20 09:01:43,374 [INFO] ContentKingdom — 
============================================================
▶ Phase 7: POST
============================================================
2026-03-20 09:01:43,374 [INFO] ContentKingdom — Phase 7 POST — uploading media from /home/openclaw/.openclaw/workspace/skills/content-kingdom/output/media/2026-03-20
2026-03-20 09:01:48,395 [INFO] ContentKingdom — Uploaded video_00_tiktok.mp4 → media_id=04b00e43-4759-4f3d-b671-ae7fbca7bfd8
2026-03-20 09:01:49,747 [INFO] ContentKingdom — Uploaded image_02_facebook.png → media_id=6bae4ed3-7282-434b-995d-779e803e99e9
2026-03-20 09:01:51,638 [INFO] ContentKingdom — ✅ Post created — platform=tiktok script=None
2026-03-20 09:01:53,374 [INFO] ContentKingdom — ✅ Post created — platform=tiktok script=None
2026-03-20 09:01:58,232 [INFO] ContentKingdom — ✅ Post created — platform=facebook script=None
2026-03-20 09:02:03,133 [INFO] ContentKingdom — ✅ Post created — platform=facebook script=None
2026-03-20 09:02:05,013 [INFO] ContentKingdom — ✅ Post created — platform=youtube script=None
2026-03-20 09:02:06,847 [INFO] ContentKingdom — ✅ Post created — platform=youtube script=None
2026-03-20 09:02:08,643 [INFO] ContentKingdom — 
============================================================
▶ Phase 8: ENGAGE
============================================================
[CommentManager] PostBridge unavailable: HTTP Error 404: Not Found
2026-03-20 09:02:08,942 [INFO] ContentKingdom — 
============================================================
▶ Phase 9: ANALYZE
============================================================
2026-03-20 09:02:11,695 [INFO] ContentKingdom — 
============================================================
▶ Phase 10: OPTIMIZE
============================================================
2026-03-20 09:02:12,422 [INFO] ContentKingdom — 
============================================================
▶ Phase 11: REPURPOSE
============================================================
2026-03-20 09:02:12,453 [WARNING] ContentKingdom — Script /home/openclaw/.openclaw/workspace/skills/auto-clipper/scripts/auto_clipper.py exited 2:
usage: auto_clipper.py [-h] [--dry-run] [--force] [--output OUTPUT]
                       {run,watch,status}
auto_clipper.py: error: the following arguments are required: command

2026-03-20 09:02:12,459 [INFO] ContentKingdom — 
============================================================
▶ Phase 12: SCALE
============================================================
[EngagementEngine] 0 actions scheduled for 164e39ef-9e71-4da3-921b-fa726bb0cefb across 4 waves
[EngagementEngine] 0 actions scheduled for 00004dc7-bc96-4257-a382-119fb803f790 across 4 waves
[EngagementEngine] 0 actions scheduled for d14acdd0-ba64-464f-8153-d8078a44dd63 across 4 waves
[EngagementEngine] 0 actions scheduled for 8babbf60-a679-4925-9f93-8fc96817183d across 4 waves
[EngagementEngine] 0 actions scheduled for 254bbfa8-7338-4183-baaa-8444ee5a90a0 across 4 waves
2026-03-20 09:02:12,476 [INFO] ContentKingdom — ✅ Pipeline complete. Run ID: run_20260320_090001
