2026-03-20 08:30:01,569 [INFO] ContentKingdom — 🚀 Content Kingdom Daily Pipeline — 2026-03-20 [run_20260320_083001]
2026-03-20 08:30:01,571 [WARNING] ContentKingdom — Paperclip GET /companies/33e1e20e-d9f2-45f2-b907-0579ab795942/issues failed: HTTPConnectionPool(host='localhost', port=3100): Max retries exceeded with url: /api/companies/33e1e20e-d9f2-45f2-b907-0579ab795942/issues?limit=50 (Caused by NewConnectionError("HTTPConnection(host='localhost', port=3100): Failed to establish a new connection: [Errno 111] Connection refused"))
2026-03-20 08:30:01,572 [WARNING] ContentKingdom — Paperclip GET /issues failed: HTTPConnectionPool(host='localhost', port=3100): Max retries exceeded with url: /api/issues?limit=50 (Caused by NewConnectionError("HTTPConnection(host='localhost', port=3100): Failed to establish a new connection: [Errno 111] Connection refused"))
2026-03-20 08:30:01,572 [WARNING] ContentKingdom — Paperclip POST /companies/33e1e20e-d9f2-45f2-b907-0579ab795942/issues failed: HTTPConnectionPool(host='localhost', port=3100): Max retries exceeded with url: /api/companies/33e1e20e-d9f2-45f2-b907-0579ab795942/issues (Caused by NewConnectionError("HTTPConnection(host='localhost', port=3100): Failed to establish a new connection: [Errno 111] Connection refused"))
2026-03-20 08:30:01,573 [WARNING] ContentKingdom — Paperclip POST /issues failed: HTTPConnectionPool(host='localhost', port=3100): Max retries exceeded with url: /api/issues (Caused by NewConnectionError("HTTPConnection(host='localhost', port=3100): Failed to establish a new connection: [Errno 111] Connection refused"))
2026-03-20 08:30:01,573 [WARNING] ContentKingdom — Paperclip parent issue creation failed or server unavailable
2026-03-20 08:30:01,573 [INFO] ContentKingdom — 
============================================================
▶ Phase 1: RESEARCH
============================================================
2026-03-20 08:30:01,775 [INFO] ContentKingdom — 
============================================================
▶ Phase 2: PLAN
============================================================
2026-03-20 08:30:01,870 [INFO] ContentKingdom — 
============================================================
▶ Phase 3: SCRIPT
============================================================
2026-03-20 08:30:01,871 [INFO] ContentKingdom — Storyboard templates available: ['ad_short', 'product_showcase', 'storytelling', 'tutorial']
2026-03-20 08:30:01,871 [WARNING] ContentKingdom — PersonaManager load failed: Can't instantiate abstract class PersonaManager without an implementation for abstract methods '_execute', 'name'
2026-03-20 08:30:01,878 [INFO] ContentKingdom — 
============================================================
▶ Phase 4: CREATE
============================================================
2026-03-20 08:30:01,879 [INFO] ContentKingdom.ProviderChain — Video: trying byteplus...
2026-03-20 08:30:33,140 [INFO] ContentKingdom.ProviderChain — Video: byteplus ✅ https://ark-content-generation-ap-southeast-1.tos-ap-southea
2026-03-20 08:30:34,203 [INFO] ContentKingdom — Provider chain video: byteplus → /home/openclaw/.openclaw/workspace/skills/content-kingdom/output/media/2026-03-20/video_00_tiktok.mp4
2026-03-20 08:30:34,203 [INFO] ContentKingdom.ProviderChain — Video: trying byteplus...
2026-03-20 08:34:29,591 [INFO] ContentKingdom.ProviderChain — Video: byteplus ✅ https://ark-content-generation-ap-southeast-1.tos-ap-southea
2026-03-20 08:34:30,991 [INFO] ContentKingdom — Provider chain video: byteplus → /home/openclaw/.openclaw/workspace/skills/content-kingdom/output/media/2026-03-20/video_01_tiktok.mp4
2026-03-20 08:34:30,993 [INFO] ContentKingdom.ProviderChain — Image: trying geminigen...
2026-03-20 08:34:31,027 [INFO] ContentKingdom.ProviderChain — Image: trying nvidia...
2026-03-20 08:34:31,027 [INFO] ContentKingdom.ProviderChain — Image: nvidia skipped — no API key
2026-03-20 08:34:31,027 [INFO] ContentKingdom.ProviderChain — Image: trying replicate...
2026-03-20 08:34:31,027 [INFO] ContentKingdom.ProviderChain — Image: replicate skipped — no API key
2026-03-20 08:34:31,027 [INFO] ContentKingdom.ProviderChain — Image: trying falai...
2026-03-20 08:34:31,853 [INFO] ContentKingdom.ProviderChain — Image: trying pexels...
2026-03-20 08:34:32,009 [INFO] ContentKingdom.ProviderChain — Image: trying pil...
2026-03-20 08:34:32,072 [INFO] ContentKingdom.ProviderChain — Image: PIL placeholder ✅ /tmp/tmpwix53fnr.jpg
2026-03-20 08:34:32,073 [INFO] ContentKingdom — Provider chain image: pil → /home/openclaw/.openclaw/workspace/skills/content-kingdom/output/media/2026-03-20/image_02_facebook.png
2026-03-20 08:34:32,073 [INFO] ContentKingdom.ProviderChain — Image: trying geminigen...
2026-03-20 08:34:32,073 [INFO] ContentKingdom.ProviderChain — Image: trying nvidia...
2026-03-20 08:34:32,073 [INFO] ContentKingdom.ProviderChain — Image: nvidia skipped — no API key
2026-03-20 08:34:32,074 [INFO] ContentKingdom.ProviderChain — Image: trying replicate...
2026-03-20 08:34:32,074 [INFO] ContentKingdom.ProviderChain — Image: replicate skipped — no API key
2026-03-20 08:34:32,074 [INFO] ContentKingdom.ProviderChain — Image: trying falai...
2026-03-20 08:34:32,855 [INFO] ContentKingdom.ProviderChain — Image: trying pexels...
2026-03-20 08:34:32,948 [INFO] ContentKingdom.ProviderChain — Image: trying pil...
2026-03-20 08:34:32,960 [INFO] ContentKingdom.ProviderChain — Image: PIL placeholder ✅ /tmp/tmp3yfmfmih.jpg
2026-03-20 08:34:32,961 [INFO] ContentKingdom — Provider chain image: pil → /home/openclaw/.openclaw/workspace/skills/content-kingdom/output/media/2026-03-20/image_03_facebook.png
2026-03-20 08:34:32,961 [INFO] ContentKingdom.ProviderChain — Video: trying byteplus...
2026-03-20 08:35:39,558 [INFO] ContentKingdom.ProviderChain — Video: byteplus ✅ https://ark-content-generation-ap-southeast-1.tos-ap-southea
2026-03-20 08:35:41,954 [INFO] ContentKingdom — Provider chain video: byteplus → /home/openclaw/.openclaw/workspace/skills/content-kingdom/output/media/2026-03-20/video_04_youtube.mp4
2026-03-20 08:35:41,961 [INFO] ContentKingdom — 
============================================================
▶ Phase 5: REVIEW
============================================================
2026-03-20 08:35:41,968 [INFO] ContentKingdom — 
============================================================
▶ Phase 6: SCHEDULE
============================================================
2026-03-20 08:35:50,136 [INFO] ContentKingdom — 
============================================================
▶ Phase 7: POST
============================================================
2026-03-20 08:35:50,136 [INFO] ContentKingdom — Phase 7 POST — uploading media from /home/openclaw/.openclaw/workspace/skills/content-kingdom/output/media/2026-03-20
2026-03-20 08:35:54,891 [INFO] ContentKingdom — Uploaded video_00_tiktok.mp4 → media_id=54fd73e3-b722-4943-bdd9-7f1a4d349629
2026-03-20 08:35:56,232 [INFO] ContentKingdom — Uploaded image_02_facebook.png → media_id=bd3c489d-87d2-4958-9798-63cab9abf167
2026-03-20 08:35:58,173 [INFO] ContentKingdom — ✅ Post created — platform=tiktok script=None
2026-03-20 08:36:00,098 [INFO] ContentKingdom — ✅ Post created — platform=tiktok script=None
2026-03-20 08:36:04,999 [INFO] ContentKingdom — ✅ Post created — platform=facebook script=None
2026-03-20 08:36:09,827 [INFO] ContentKingdom — ✅ Post created — platform=facebook script=None
2026-03-20 08:36:11,709 [INFO] ContentKingdom — ✅ Post created — platform=youtube script=None
2026-03-20 08:36:13,630 [INFO] ContentKingdom — ✅ Post created — platform=youtube script=None
2026-03-20 08:36:14,820 [INFO] ContentKingdom — 
============================================================
▶ Phase 8: ENGAGE
============================================================
[CommentManager] PostBridge unavailable: HTTP Error 404: Not Found
2026-03-20 08:36:15,125 [INFO] ContentKingdom — 
============================================================
▶ Phase 9: ANALYZE
============================================================
2026-03-20 08:36:18,210 [INFO] ContentKingdom — 
============================================================
▶ Phase 10: OPTIMIZE
============================================================
2026-03-20 08:36:18,946 [INFO] ContentKingdom — 
============================================================
▶ Phase 11: REPURPOSE
============================================================
2026-03-20 08:36:18,976 [WARNING] ContentKingdom — Script /home/openclaw/.openclaw/workspace/skills/auto-clipper/scripts/auto_clipper.py exited 2:
usage: auto_clipper.py [-h] [--dry-run] [--force] [--output OUTPUT]
                       {run,watch,status}
auto_clipper.py: error: the following arguments are required: command

2026-03-20 08:36:18,982 [INFO] ContentKingdom — 
============================================================
▶ Phase 12: SCALE
============================================================
[EngagementEngine] 0 actions scheduled for 164e39ef-9e71-4da3-921b-fa726bb0cefb across 4 waves
[EngagementEngine] 0 actions scheduled for 00004dc7-bc96-4257-a382-119fb803f790 across 4 waves
[EngagementEngine] 0 actions scheduled for d14acdd0-ba64-464f-8153-d8078a44dd63 across 4 waves
[EngagementEngine] 0 actions scheduled for 8babbf60-a679-4925-9f93-8fc96817183d across 4 waves
[EngagementEngine] 0 actions scheduled for 254bbfa8-7338-4183-baaa-8444ee5a90a0 across 4 waves
2026-03-20 08:36:18,998 [INFO] ContentKingdom — ✅ Pipeline complete. Run ID: run_20260320_083001
