2026-03-20 02:30:01,782 [INFO] ContentKingdom — 🚀 Content Kingdom Daily Pipeline — 2026-03-20 [run_20260320_023001]
2026-03-20 02:30:01,812 [INFO] ContentKingdom — 📋 Paperclip: reusing existing issue ea2295ab-ca89-41e2-9104-a2d8031d2527
2026-03-20 02:30:01,830 [INFO] ContentKingdom — 
============================================================
▶ Phase 1: RESEARCH
============================================================
2026-03-20 02:30:02,198 [INFO] ContentKingdom — 
============================================================
▶ Phase 2: PLAN
============================================================
2026-03-20 02:30:02,233 [INFO] ContentKingdom — 
============================================================
▶ Phase 3: SCRIPT
============================================================
2026-03-20 02:30:02,236 [INFO] ContentKingdom — Storyboard templates available: ['ad_short', 'product_showcase', 'storytelling', 'tutorial']
2026-03-20 02:30:02,259 [WARNING] ContentKingdom — PersonaManager load failed: Can't instantiate abstract class PersonaManager without an implementation for abstract methods '_execute', 'name'
2026-03-20 02:30:02,262 [INFO] ContentKingdom — 
============================================================
▶ Phase 4: CREATE
============================================================
2026-03-20 02:30:02,263 [INFO] ContentKingdom.ProviderChain — Video: trying byteplus...
2026-03-20 02:30:33,591 [INFO] ContentKingdom.ProviderChain — Video: byteplus ✅ https://ark-content-generation-ap-southeast-1.tos-ap-southea
2026-03-20 02:30:34,994 [INFO] ContentKingdom — Provider chain video: byteplus → /home/openclaw/.openclaw/workspace/skills/content-kingdom/output/media/2026-03-20/video_00_tiktok.mp4
2026-03-20 02:30:34,995 [INFO] ContentKingdom.ProviderChain — Video: trying byteplus...
2026-03-20 02:31:00,894 [INFO] ContentKingdom.ProviderChain — Video: byteplus ✅ https://ark-content-generation-ap-southeast-1.tos-ap-southea
2026-03-20 02:31:01,393 [INFO] ContentKingdom — Provider chain video: byteplus → /home/openclaw/.openclaw/workspace/skills/content-kingdom/output/media/2026-03-20/video_01_tiktok.mp4
2026-03-20 02:31:01,394 [INFO] ContentKingdom.ProviderChain — Image: trying geminigen...
2026-03-20 02:31:01,463 [INFO] ContentKingdom.ProviderChain — Image: trying nvidia...
2026-03-20 02:31:01,464 [INFO] ContentKingdom.ProviderChain — Image: nvidia skipped — no API key
2026-03-20 02:31:01,464 [INFO] ContentKingdom.ProviderChain — Image: trying replicate...
2026-03-20 02:31:01,464 [INFO] ContentKingdom.ProviderChain — Image: replicate skipped — no API key
2026-03-20 02:31:01,464 [INFO] ContentKingdom.ProviderChain — Image: trying falai...
2026-03-20 02:31:02,212 [INFO] ContentKingdom.ProviderChain — Image: trying pexels...
2026-03-20 02:31:02,380 [INFO] ContentKingdom.ProviderChain — Image: trying pil...
2026-03-20 02:31:02,427 [INFO] ContentKingdom.ProviderChain — Image: PIL placeholder ✅ /tmp/tmp96k9kup2.jpg
2026-03-20 02:31:02,428 [INFO] ContentKingdom — Provider chain image: pil → /home/openclaw/.openclaw/workspace/skills/content-kingdom/output/media/2026-03-20/image_02_instagram.png
2026-03-20 02:31:02,429 [INFO] ContentKingdom.ProviderChain — Image: trying geminigen...
2026-03-20 02:31:02,429 [INFO] ContentKingdom.ProviderChain — Image: trying nvidia...
2026-03-20 02:31:02,429 [INFO] ContentKingdom.ProviderChain — Image: nvidia skipped — no API key
2026-03-20 02:31:02,429 [INFO] ContentKingdom.ProviderChain — Image: trying replicate...
2026-03-20 02:31:02,429 [INFO] ContentKingdom.ProviderChain — Image: replicate skipped — no API key
2026-03-20 02:31:02,429 [INFO] ContentKingdom.ProviderChain — Image: trying falai...
2026-03-20 02:31:03,116 [INFO] ContentKingdom.ProviderChain — Image: trying pexels...
2026-03-20 02:31:03,215 [INFO] ContentKingdom.ProviderChain — Image: trying pil...
2026-03-20 02:31:03,225 [INFO] ContentKingdom.ProviderChain — Image: PIL placeholder ✅ /tmp/tmp00m7r208.jpg
2026-03-20 02:31:03,225 [INFO] ContentKingdom — Provider chain image: pil → /home/openclaw/.openclaw/workspace/skills/content-kingdom/output/media/2026-03-20/image_03_instagram.png
2026-03-20 02:31:03,226 [INFO] ContentKingdom.ProviderChain — Image: trying geminigen...
2026-03-20 02:31:03,226 [INFO] ContentKingdom.ProviderChain — Image: trying nvidia...
2026-03-20 02:31:03,226 [INFO] ContentKingdom.ProviderChain — Image: nvidia skipped — no API key
2026-03-20 02:31:03,226 [INFO] ContentKingdom.ProviderChain — Image: trying replicate...
2026-03-20 02:31:03,226 [INFO] ContentKingdom.ProviderChain — Image: replicate skipped — no API key
2026-03-20 02:31:03,226 [INFO] ContentKingdom.ProviderChain — Image: trying falai...
2026-03-20 02:31:03,925 [INFO] ContentKingdom.ProviderChain — Image: trying pexels...
2026-03-20 02:31:04,030 [INFO] ContentKingdom.ProviderChain — Image: trying pil...
2026-03-20 02:31:04,037 [INFO] ContentKingdom.ProviderChain — Image: PIL placeholder ✅ /tmp/tmphpb86blx.jpg
2026-03-20 02:31:04,037 [INFO] ContentKingdom — Provider chain image: pil → /home/openclaw/.openclaw/workspace/skills/content-kingdom/output/media/2026-03-20/image_04_facebook.png
2026-03-20 02:31:04,038 [INFO] ContentKingdom — 
============================================================
▶ Phase 5: REVIEW
============================================================
2026-03-20 02:31:04,040 [INFO] ContentKingdom — 
============================================================
▶ Phase 6: SCHEDULE
============================================================
2026-03-20 02:31:13,225 [INFO] ContentKingdom — 
============================================================
▶ Phase 7: POST
============================================================
2026-03-20 02:31:13,225 [INFO] ContentKingdom — Phase 7 POST — uploading media from /home/openclaw/.openclaw/workspace/skills/content-kingdom/output/media/2026-03-20
2026-03-20 02:31:13,907 [WARNING] ContentKingdom — Upload URL failed: {"message":["size_bytes must not be less than 1","size_bytes must be an integer number","name must b
2026-03-20 02:31:14,429 [WARNING] ContentKingdom — Upload URL failed: {"message":["size_bytes must not be less than 1","size_bytes must be an integer number","name must b
2026-03-20 02:31:14,957 [WARNING] ContentKingdom — Upload URL failed: {"message":["size_bytes must not be less than 1","size_bytes must be an integer number","name must b
2026-03-20 02:31:15,458 [WARNING] ContentKingdom — Upload URL failed: {"message":["size_bytes must not be less than 1","size_bytes must be an integer number","name must b
2026-03-20 02:31:15,955 [WARNING] ContentKingdom — Upload URL failed: {"message":["size_bytes must not be less than 1","size_bytes must be an integer number","name must b
2026-03-20 02:31:16,431 [WARNING] ContentKingdom — Post creation failed: {"statusCode":400,"message":"Invalid Request","errors":["invalid social accounts, not owned by user"
2026-03-20 02:31:17,034 [WARNING] ContentKingdom — Post creation failed: {"statusCode":400,"message":"Invalid Request","errors":["invalid social accounts, not owned by user"
2026-03-20 02:31:18,088 [INFO] ContentKingdom — Post created: None
2026-03-20 02:31:19,117 [INFO] ContentKingdom — Post created: None
2026-03-20 02:31:20,168 [INFO] ContentKingdom — Post created: None
2026-03-20 02:31:22,523 [INFO] ContentKingdom — 
============================================================
▶ Phase 8: ENGAGE
============================================================
[CommentManager] PostBridge unavailable: HTTP Error 404: Not Found
2026-03-20 02:31:22,809 [INFO] ContentKingdom — 
============================================================
▶ Phase 9: ANALYZE
============================================================
2026-03-20 02:31:25,424 [INFO] ContentKingdom — 
============================================================
▶ Phase 10: OPTIMIZE
============================================================
2026-03-20 02:31:26,145 [INFO] ContentKingdom — 
============================================================
▶ Phase 11: REPURPOSE
============================================================
2026-03-20 02:31:26,180 [WARNING] ContentKingdom — Script /home/openclaw/.openclaw/workspace/skills/auto-clipper/scripts/auto_clipper.py exited 2:
usage: auto_clipper.py [-h] [--dry-run] [--force] [--output OUTPUT]
                       {run,watch,status}
auto_clipper.py: error: the following arguments are required: command

2026-03-20 02:31:26,182 [INFO] ContentKingdom — 
============================================================
▶ Phase 12: SCALE
============================================================
[EngagementEngine] 0 actions scheduled for 164e39ef-9e71-4da3-921b-fa726bb0cefb across 4 waves
[EngagementEngine] 0 actions scheduled for 00004dc7-bc96-4257-a382-119fb803f790 across 4 waves
[EngagementEngine] 0 actions scheduled for d14acdd0-ba64-464f-8153-d8078a44dd63 across 4 waves
[EngagementEngine] 0 actions scheduled for 8babbf60-a679-4925-9f93-8fc96817183d across 4 waves
[EngagementEngine] 0 actions scheduled for 254bbfa8-7338-4183-baaa-8444ee5a90a0 across 4 waves
2026-03-20 02:31:26,227 [INFO] ContentKingdom — ✅ Pipeline complete. Run ID: run_20260320_023001
