2026-03-20 08:00:01,527 [INFO] ContentKingdom — 🚀 Content Kingdom Daily Pipeline — 2026-03-20 [run_20260320_080001]
2026-03-20 08:00:01,529 [WARNING] ContentKingdom — Paperclip GET /companies/33e1e20e-d9f2-45f2-b907-0579ab795942/issues failed: HTTPConnectionPool(host='localhost', port=3100): Max retries exceeded with url: /api/companies/33e1e20e-d9f2-45f2-b907-0579ab795942/issues?limit=50 (Caused by NewConnectionError("HTTPConnection(host='localhost', port=3100): Failed to establish a new connection: [Errno 111] Connection refused"))
2026-03-20 08:00:01,530 [WARNING] ContentKingdom — Paperclip GET /issues failed: HTTPConnectionPool(host='localhost', port=3100): Max retries exceeded with url: /api/issues?limit=50 (Caused by NewConnectionError("HTTPConnection(host='localhost', port=3100): Failed to establish a new connection: [Errno 111] Connection refused"))
2026-03-20 08:00:01,530 [WARNING] ContentKingdom — Paperclip POST /companies/33e1e20e-d9f2-45f2-b907-0579ab795942/issues failed: HTTPConnectionPool(host='localhost', port=3100): Max retries exceeded with url: /api/companies/33e1e20e-d9f2-45f2-b907-0579ab795942/issues (Caused by NewConnectionError("HTTPConnection(host='localhost', port=3100): Failed to establish a new connection: [Errno 111] Connection refused"))
2026-03-20 08:00:01,531 [WARNING] ContentKingdom — Paperclip POST /issues failed: HTTPConnectionPool(host='localhost', port=3100): Max retries exceeded with url: /api/issues (Caused by NewConnectionError("HTTPConnection(host='localhost', port=3100): Failed to establish a new connection: [Errno 111] Connection refused"))
2026-03-20 08:00:01,531 [WARNING] ContentKingdom — Paperclip parent issue creation failed or server unavailable
2026-03-20 08:00:01,531 [INFO] ContentKingdom — 
============================================================
▶ Phase 1: RESEARCH
============================================================
2026-03-20 08:00:01,827 [INFO] ContentKingdom — 
============================================================
▶ Phase 2: PLAN
============================================================
2026-03-20 08:00:01,836 [INFO] ContentKingdom — 
============================================================
▶ Phase 3: SCRIPT
============================================================
2026-03-20 08:00:01,837 [INFO] ContentKingdom — Storyboard templates available: ['ad_short', 'product_showcase', 'storytelling', 'tutorial']
2026-03-20 08:00:01,837 [WARNING] ContentKingdom — PersonaManager load failed: Can't instantiate abstract class PersonaManager without an implementation for abstract methods '_execute', 'name'
2026-03-20 08:00:01,844 [INFO] ContentKingdom — 
============================================================
▶ Phase 4: CREATE
============================================================
2026-03-20 08:00:01,845 [INFO] ContentKingdom.ProviderChain — Video: trying byteplus...
2026-03-20 08:00:33,456 [INFO] ContentKingdom.ProviderChain — Video: byteplus ✅ https://ark-content-generation-ap-southeast-1.tos-ap-southea
2026-03-20 08:00:34,813 [INFO] ContentKingdom — Provider chain video: byteplus → /home/openclaw/.openclaw/workspace/skills/content-kingdom/output/media/2026-03-20/video_00_tiktok.mp4
2026-03-20 08:00:34,814 [INFO] ContentKingdom.ProviderChain — Video: trying byteplus...
2026-03-20 08:01:00,742 [INFO] ContentKingdom.ProviderChain — Video: byteplus ✅ https://ark-content-generation-ap-southeast-1.tos-ap-southea
2026-03-20 08:01:01,289 [INFO] ContentKingdom — Provider chain video: byteplus → /home/openclaw/.openclaw/workspace/skills/content-kingdom/output/media/2026-03-20/video_01_tiktok.mp4
2026-03-20 08:01:01,290 [INFO] ContentKingdom.ProviderChain — Image: trying geminigen...
2026-03-20 08:01:01,298 [INFO] ContentKingdom.ProviderChain — Image: trying nvidia...
2026-03-20 08:01:01,298 [INFO] ContentKingdom.ProviderChain — Image: nvidia skipped — no API key
2026-03-20 08:01:01,298 [INFO] ContentKingdom.ProviderChain — Image: trying replicate...
2026-03-20 08:01:01,298 [INFO] ContentKingdom.ProviderChain — Image: replicate skipped — no API key
2026-03-20 08:01:01,298 [INFO] ContentKingdom.ProviderChain — Image: trying falai...
2026-03-20 08:01:02,097 [INFO] ContentKingdom.ProviderChain — Image: trying pexels...
2026-03-20 08:01:02,251 [INFO] ContentKingdom.ProviderChain — Image: trying pil...
2026-03-20 08:01:02,276 [INFO] ContentKingdom.ProviderChain — Image: PIL placeholder ✅ /tmp/tmpkbm5ral4.jpg
2026-03-20 08:01:02,277 [INFO] ContentKingdom — Provider chain image: pil → /home/openclaw/.openclaw/workspace/skills/content-kingdom/output/media/2026-03-20/image_02_facebook.png
2026-03-20 08:01:02,277 [INFO] ContentKingdom.ProviderChain — Image: trying geminigen...
2026-03-20 08:01:02,277 [INFO] ContentKingdom.ProviderChain — Image: trying nvidia...
2026-03-20 08:01:02,277 [INFO] ContentKingdom.ProviderChain — Image: nvidia skipped — no API key
2026-03-20 08:01:02,278 [INFO] ContentKingdom.ProviderChain — Image: trying replicate...
2026-03-20 08:01:02,278 [INFO] ContentKingdom.ProviderChain — Image: replicate skipped — no API key
2026-03-20 08:01:02,278 [INFO] ContentKingdom.ProviderChain — Image: trying falai...
2026-03-20 08:01:03,021 [INFO] ContentKingdom.ProviderChain — Image: trying pexels...
2026-03-20 08:01:03,126 [INFO] ContentKingdom.ProviderChain — Image: trying pil...
2026-03-20 08:01:03,133 [INFO] ContentKingdom.ProviderChain — Image: PIL placeholder ✅ /tmp/tmpmdns2rsy.jpg
2026-03-20 08:01:03,133 [INFO] ContentKingdom — Provider chain image: pil → /home/openclaw/.openclaw/workspace/skills/content-kingdom/output/media/2026-03-20/image_03_facebook.png
2026-03-20 08:01:03,134 [INFO] ContentKingdom.ProviderChain — Video: trying byteplus...
2026-03-20 08:01:33,995 [INFO] ContentKingdom.ProviderChain — Video: byteplus ✅ https://ark-content-generation-ap-southeast-1.tos-ap-southea
2026-03-20 08:01:36,776 [INFO] ContentKingdom — Provider chain video: byteplus → /home/openclaw/.openclaw/workspace/skills/content-kingdom/output/media/2026-03-20/video_04_youtube.mp4
2026-03-20 08:01:36,785 [INFO] ContentKingdom — 
============================================================
▶ Phase 5: REVIEW
============================================================
2026-03-20 08:01:36,802 [INFO] ContentKingdom — 
============================================================
▶ Phase 6: SCHEDULE
============================================================
2026-03-20 08:01:45,962 [INFO] ContentKingdom — 
============================================================
▶ Phase 7: POST
============================================================
2026-03-20 08:01:45,962 [INFO] ContentKingdom — Phase 7 POST — uploading media from /home/openclaw/.openclaw/workspace/skills/content-kingdom/output/media/2026-03-20
2026-03-20 08:01:50,669 [INFO] ContentKingdom — Uploaded video_00_tiktok.mp4 → media_id=ef668a60-bbeb-4a1f-b2de-ea1405eefa9c
2026-03-20 08:01:51,870 [INFO] ContentKingdom — Uploaded image_02_facebook.png → media_id=a7da6c3c-0383-472e-b651-aeb94c48c65b
2026-03-20 08:01:53,583 [INFO] ContentKingdom — ✅ Post created — platform=tiktok script=None
2026-03-20 08:01:55,542 [INFO] ContentKingdom — ✅ Post created — platform=tiktok script=None
2026-03-20 08:02:00,544 [INFO] ContentKingdom — ✅ Post created — platform=facebook script=None
2026-03-20 08:02:05,568 [INFO] ContentKingdom — ✅ Post created — platform=facebook script=None
2026-03-20 08:02:07,909 [INFO] ContentKingdom — ✅ Post created — platform=youtube script=None
2026-03-20 08:02:09,789 [INFO] ContentKingdom — ✅ Post created — platform=youtube script=None
2026-03-20 08:02:10,927 [INFO] ContentKingdom — 
============================================================
▶ Phase 8: ENGAGE
============================================================
[CommentManager] PostBridge unavailable: HTTP Error 404: Not Found
2026-03-20 08:02:11,383 [INFO] ContentKingdom — 
============================================================
▶ Phase 9: ANALYZE
============================================================
2026-03-20 08:02:14,110 [INFO] ContentKingdom — 
============================================================
▶ Phase 10: OPTIMIZE
============================================================
2026-03-20 08:02:14,660 [INFO] ContentKingdom — 
============================================================
▶ Phase 11: REPURPOSE
============================================================
2026-03-20 08:02:14,691 [WARNING] ContentKingdom — Script /home/openclaw/.openclaw/workspace/skills/auto-clipper/scripts/auto_clipper.py exited 2:
usage: auto_clipper.py [-h] [--dry-run] [--force] [--output OUTPUT]
                       {run,watch,status}
auto_clipper.py: error: the following arguments are required: command

2026-03-20 08:02:14,696 [INFO] ContentKingdom — 
============================================================
▶ Phase 12: SCALE
============================================================
[EngagementEngine] 0 actions scheduled for 164e39ef-9e71-4da3-921b-fa726bb0cefb across 4 waves
[EngagementEngine] 0 actions scheduled for 00004dc7-bc96-4257-a382-119fb803f790 across 4 waves
[EngagementEngine] 0 actions scheduled for d14acdd0-ba64-464f-8153-d8078a44dd63 across 4 waves
[EngagementEngine] 0 actions scheduled for 8babbf60-a679-4925-9f93-8fc96817183d across 4 waves
[EngagementEngine] 0 actions scheduled for 254bbfa8-7338-4183-baaa-8444ee5a90a0 across 4 waves
2026-03-20 08:02:14,712 [INFO] ContentKingdom — ✅ Pipeline complete. Run ID: run_20260320_080001
