2026-03-20 06:30:01,553 [INFO] ContentKingdom — 🚀 Content Kingdom Daily Pipeline — 2026-03-20 [run_20260320_063001]
2026-03-20 06:30:01,554 [WARNING] ContentKingdom — Paperclip GET /companies/33e1e20e-d9f2-45f2-b907-0579ab795942/issues failed: HTTPConnectionPool(host='localhost', port=3100): Max retries exceeded with url: /api/companies/33e1e20e-d9f2-45f2-b907-0579ab795942/issues?limit=50 (Caused by NewConnectionError("HTTPConnection(host='localhost', port=3100): Failed to establish a new connection: [Errno 111] Connection refused"))
2026-03-20 06:30:01,555 [WARNING] ContentKingdom — Paperclip GET /issues failed: HTTPConnectionPool(host='localhost', port=3100): Max retries exceeded with url: /api/issues?limit=50 (Caused by NewConnectionError("HTTPConnection(host='localhost', port=3100): Failed to establish a new connection: [Errno 111] Connection refused"))
2026-03-20 06:30:01,556 [WARNING] ContentKingdom — Paperclip POST /companies/33e1e20e-d9f2-45f2-b907-0579ab795942/issues failed: HTTPConnectionPool(host='localhost', port=3100): Max retries exceeded with url: /api/companies/33e1e20e-d9f2-45f2-b907-0579ab795942/issues (Caused by NewConnectionError("HTTPConnection(host='localhost', port=3100): Failed to establish a new connection: [Errno 111] Connection refused"))
2026-03-20 06:30:01,557 [WARNING] ContentKingdom — Paperclip POST /issues failed: HTTPConnectionPool(host='localhost', port=3100): Max retries exceeded with url: /api/issues (Caused by NewConnectionError("HTTPConnection(host='localhost', port=3100): Failed to establish a new connection: [Errno 111] Connection refused"))
2026-03-20 06:30:01,557 [WARNING] ContentKingdom — Paperclip parent issue creation failed or server unavailable
2026-03-20 06:30:01,557 [INFO] ContentKingdom — 
============================================================
▶ Phase 1: RESEARCH
============================================================
2026-03-20 06:30:01,748 [INFO] ContentKingdom — 
============================================================
▶ Phase 2: PLAN
============================================================
2026-03-20 06:30:01,755 [INFO] ContentKingdom — 
============================================================
▶ Phase 3: SCRIPT
============================================================
2026-03-20 06:30:01,756 [INFO] ContentKingdom — Storyboard templates available: ['ad_short', 'product_showcase', 'storytelling', 'tutorial']
2026-03-20 06:30:01,756 [WARNING] ContentKingdom — PersonaManager load failed: Can't instantiate abstract class PersonaManager without an implementation for abstract methods '_execute', 'name'
2026-03-20 06:30:01,783 [INFO] ContentKingdom — 
============================================================
▶ Phase 4: CREATE
============================================================
2026-03-20 06:30:01,784 [INFO] ContentKingdom.ProviderChain — Video: trying byteplus...
2026-03-20 06:30:27,921 [INFO] ContentKingdom.ProviderChain — Video: byteplus ✅ https://ark-content-generation-ap-southeast-1.tos-ap-southea
2026-03-20 06:30:29,202 [INFO] ContentKingdom — Provider chain video: byteplus → /home/openclaw/.openclaw/workspace/skills/content-kingdom/output/media/2026-03-20/video_00_tiktok.mp4
2026-03-20 06:30:29,202 [INFO] ContentKingdom.ProviderChain — Video: trying byteplus...
2026-03-20 06:34:24,852 [INFO] ContentKingdom.ProviderChain — Video: byteplus ✅ https://ark-content-generation-ap-southeast-1.tos-ap-southea
2026-03-20 06:34:25,913 [INFO] ContentKingdom — Provider chain video: byteplus → /home/openclaw/.openclaw/workspace/skills/content-kingdom/output/media/2026-03-20/video_01_tiktok.mp4
2026-03-20 06:34:25,914 [INFO] ContentKingdom.ProviderChain — Image: trying geminigen...
2026-03-20 06:34:25,921 [INFO] ContentKingdom.ProviderChain — Image: trying nvidia...
2026-03-20 06:34:25,921 [INFO] ContentKingdom.ProviderChain — Image: nvidia skipped — no API key
2026-03-20 06:34:25,921 [INFO] ContentKingdom.ProviderChain — Image: trying replicate...
2026-03-20 06:34:25,921 [INFO] ContentKingdom.ProviderChain — Image: replicate skipped — no API key
2026-03-20 06:34:25,921 [INFO] ContentKingdom.ProviderChain — Image: trying falai...
2026-03-20 06:34:26,733 [INFO] ContentKingdom.ProviderChain — Image: trying pexels...
2026-03-20 06:34:26,850 [INFO] ContentKingdom.ProviderChain — Image: trying pil...
2026-03-20 06:34:26,878 [INFO] ContentKingdom.ProviderChain — Image: PIL placeholder ✅ /tmp/tmpvll914lv.jpg
2026-03-20 06:34:26,879 [INFO] ContentKingdom — Provider chain image: pil → /home/openclaw/.openclaw/workspace/skills/content-kingdom/output/media/2026-03-20/image_02_facebook.png
2026-03-20 06:34:26,879 [INFO] ContentKingdom.ProviderChain — Image: trying geminigen...
2026-03-20 06:34:26,879 [INFO] ContentKingdom.ProviderChain — Image: trying nvidia...
2026-03-20 06:34:26,879 [INFO] ContentKingdom.ProviderChain — Image: nvidia skipped — no API key
2026-03-20 06:34:26,879 [INFO] ContentKingdom.ProviderChain — Image: trying replicate...
2026-03-20 06:34:26,879 [INFO] ContentKingdom.ProviderChain — Image: replicate skipped — no API key
2026-03-20 06:34:26,879 [INFO] ContentKingdom.ProviderChain — Image: trying falai...
2026-03-20 06:34:27,657 [INFO] ContentKingdom.ProviderChain — Image: trying pexels...
2026-03-20 06:34:27,752 [INFO] ContentKingdom.ProviderChain — Image: trying pil...
2026-03-20 06:34:27,759 [INFO] ContentKingdom.ProviderChain — Image: PIL placeholder ✅ /tmp/tmpwfjkd0hv.jpg
2026-03-20 06:34:27,759 [INFO] ContentKingdom — Provider chain image: pil → /home/openclaw/.openclaw/workspace/skills/content-kingdom/output/media/2026-03-20/image_03_facebook.png
2026-03-20 06:34:27,760 [INFO] ContentKingdom.ProviderChain — Video: trying byteplus...
2026-03-20 06:34:53,514 [INFO] ContentKingdom.ProviderChain — Video: byteplus ✅ https://ark-content-generation-ap-southeast-1.tos-ap-southea
2026-03-20 06:34:54,605 [INFO] ContentKingdom — Provider chain video: byteplus → /home/openclaw/.openclaw/workspace/skills/content-kingdom/output/media/2026-03-20/video_04_youtube.mp4
2026-03-20 06:34:54,612 [INFO] ContentKingdom — 
============================================================
▶ Phase 5: REVIEW
============================================================
2026-03-20 06:34:54,691 [INFO] ContentKingdom — 
============================================================
▶ Phase 6: SCHEDULE
============================================================
2026-03-20 06:35:03,841 [INFO] ContentKingdom — 
============================================================
▶ Phase 7: POST
============================================================
2026-03-20 06:35:03,841 [INFO] ContentKingdom — Phase 7 POST — uploading media from /home/openclaw/.openclaw/workspace/skills/content-kingdom/output/media/2026-03-20
2026-03-20 06:35:09,632 [INFO] ContentKingdom — Uploaded video_00_tiktok.mp4 → media_id=7b138fa1-3df5-4a89-8659-debbdc69ea0e
2026-03-20 06:35:11,685 [INFO] ContentKingdom — Uploaded image_02_facebook.png → media_id=85bf8cdd-68a7-46e7-b66f-652773e6140c
2026-03-20 06:35:13,614 [INFO] ContentKingdom — ✅ Post created — platform=tiktok script=None
2026-03-20 06:35:15,583 [INFO] ContentKingdom — ✅ Post created — platform=tiktok script=None
2026-03-20 06:35:20,509 [INFO] ContentKingdom — ✅ Post created — platform=facebook script=None
2026-03-20 06:35:25,452 [INFO] ContentKingdom — ✅ Post created — platform=facebook script=None
2026-03-20 06:35:27,179 [INFO] ContentKingdom — ✅ Post created — platform=youtube script=None
2026-03-20 06:35:29,136 [INFO] ContentKingdom — ✅ Post created — platform=youtube script=None
2026-03-20 06:35:32,157 [INFO] ContentKingdom — 
============================================================
▶ Phase 8: ENGAGE
============================================================
[CommentManager] PostBridge unavailable: HTTP Error 404: Not Found
2026-03-20 06:35:32,634 [INFO] ContentKingdom — 
============================================================
▶ Phase 9: ANALYZE
============================================================
2026-03-20 06:35:35,586 [INFO] ContentKingdom — 
============================================================
▶ Phase 10: OPTIMIZE
============================================================
2026-03-20 06:35:36,307 [INFO] ContentKingdom — 
============================================================
▶ Phase 11: REPURPOSE
============================================================
2026-03-20 06:35:36,345 [WARNING] ContentKingdom — Script /home/openclaw/.openclaw/workspace/skills/auto-clipper/scripts/auto_clipper.py exited 2:
usage: auto_clipper.py [-h] [--dry-run] [--force] [--output OUTPUT]
                       {run,watch,status}
auto_clipper.py: error: the following arguments are required: command

2026-03-20 06:35:36,362 [INFO] ContentKingdom — 
============================================================
▶ Phase 12: SCALE
============================================================
[EngagementEngine] 0 actions scheduled for 164e39ef-9e71-4da3-921b-fa726bb0cefb across 4 waves
[EngagementEngine] 0 actions scheduled for 00004dc7-bc96-4257-a382-119fb803f790 across 4 waves
[EngagementEngine] 0 actions scheduled for d14acdd0-ba64-464f-8153-d8078a44dd63 across 4 waves
[EngagementEngine] 0 actions scheduled for 8babbf60-a679-4925-9f93-8fc96817183d across 4 waves
[EngagementEngine] 0 actions scheduled for 254bbfa8-7338-4183-baaa-8444ee5a90a0 across 4 waves
2026-03-20 06:35:36,377 [INFO] ContentKingdom — ✅ Pipeline complete. Run ID: run_20260320_063001
