2026-03-20 00:30:01,389 [INFO] ContentKingdom — 🚀 Content Kingdom Daily Pipeline — 2026-03-20 [run_20260320_003001]
2026-03-20 00:30:01,403 [INFO] ContentKingdom — 📋 Paperclip: reusing existing issue ea2295ab-ca89-41e2-9104-a2d8031d2527
2026-03-20 00:30:01,413 [INFO] ContentKingdom — 
============================================================
▶ Phase 1: RESEARCH
============================================================
2026-03-20 00:30:01,579 [INFO] ContentKingdom — 
============================================================
▶ Phase 2: PLAN
============================================================
2026-03-20 00:30:01,581 [INFO] ContentKingdom — 
============================================================
▶ Phase 3: SCRIPT
============================================================
2026-03-20 00:30:01,582 [INFO] ContentKingdom — Storyboard templates available: ['ad_short', 'product_showcase', 'storytelling', 'tutorial']
2026-03-20 00:30:01,582 [WARNING] ContentKingdom — PersonaManager load failed: Can't instantiate abstract class PersonaManager without an implementation for abstract methods '_execute', 'name'
2026-03-20 00:30:01,584 [INFO] ContentKingdom — 
============================================================
▶ Phase 4: CREATE
============================================================
2026-03-20 00:30:01,588 [INFO] ContentKingdom.ProviderChain — Video: trying byteplus...
2026-03-20 00:30:01,588 [INFO] ContentKingdom.ProviderChain — Video: byteplus skipped — no API key
2026-03-20 00:30:01,588 [INFO] ContentKingdom.ProviderChain — Video: trying xai...
2026-03-20 00:30:01,593 [WARNING] ContentKingdom.ProviderChain — Video: xai/geminigen failed: GeminiGenClient.generate_video_grok() got an unexpected keyword argument 'resolution'
2026-03-20 00:30:01,593 [INFO] ContentKingdom.ProviderChain — Video: trying siliconflow...
2026-03-20 00:30:01,593 [INFO] ContentKingdom.ProviderChain — Video: siliconflow skipped — no API key
2026-03-20 00:30:01,593 [INFO] ContentKingdom.ProviderChain — Video: trying falai...
2026-03-20 00:30:01,593 [INFO] ContentKingdom.ProviderChain — Video: falai skipped — no API key
2026-03-20 00:30:01,593 [INFO] ContentKingdom.ProviderChain — Video: trying ffmpeg_placeholder...
2026-03-20 00:30:01,622 [INFO] ContentKingdom.ProviderChain — Image: PIL placeholder ✅ /tmp/tmpamnc9p9c.jpg
2026-03-20 00:30:02,521 [INFO] ContentKingdom.ProviderChain — Video: ffmpeg placeholder ✅ /tmp/tmppujcu2na.mp4
2026-03-20 00:30:02,522 [INFO] ContentKingdom — Provider chain video: ffmpeg_placeholder → /home/openclaw/.openclaw/workspace/skills/content-kingdom/output/media/2026-03-20/video_00_tiktok.mp4
2026-03-20 00:30:02,522 [INFO] ContentKingdom.ProviderChain — Video: trying byteplus...
2026-03-20 00:30:02,522 [INFO] ContentKingdom.ProviderChain — Video: byteplus skipped — no API key
2026-03-20 00:30:02,522 [INFO] ContentKingdom.ProviderChain — Video: trying xai...
2026-03-20 00:30:02,522 [WARNING] ContentKingdom.ProviderChain — Video: xai/geminigen failed: GeminiGenClient.generate_video_grok() got an unexpected keyword argument 'resolution'
2026-03-20 00:30:02,522 [INFO] ContentKingdom.ProviderChain — Video: trying siliconflow...
2026-03-20 00:30:02,523 [INFO] ContentKingdom.ProviderChain — Video: siliconflow skipped — no API key
2026-03-20 00:30:02,523 [INFO] ContentKingdom.ProviderChain — Video: trying falai...
2026-03-20 00:30:02,523 [INFO] ContentKingdom.ProviderChain — Video: falai skipped — no API key
2026-03-20 00:30:02,523 [INFO] ContentKingdom.ProviderChain — Video: trying ffmpeg_placeholder...
2026-03-20 00:30:02,529 [INFO] ContentKingdom.ProviderChain — Image: PIL placeholder ✅ /tmp/tmpw7ob2bzv.jpg
2026-03-20 00:30:03,232 [INFO] ContentKingdom.ProviderChain — Video: ffmpeg placeholder ✅ /tmp/tmpx5i0i1xg.mp4
2026-03-20 00:30:03,232 [INFO] ContentKingdom — Provider chain video: ffmpeg_placeholder → /home/openclaw/.openclaw/workspace/skills/content-kingdom/output/media/2026-03-20/video_01_tiktok.mp4
2026-03-20 00:30:03,233 [INFO] ContentKingdom.ProviderChain — Image: trying geminigen...
2026-03-20 00:30:03,233 [INFO] ContentKingdom.ProviderChain — Image: trying nvidia...
2026-03-20 00:30:03,233 [INFO] ContentKingdom.ProviderChain — Image: nvidia skipped — no API key
2026-03-20 00:30:03,233 [INFO] ContentKingdom.ProviderChain — Image: trying replicate...
2026-03-20 00:30:03,233 [INFO] ContentKingdom.ProviderChain — Image: replicate skipped — no API key
2026-03-20 00:30:03,233 [INFO] ContentKingdom.ProviderChain — Image: trying falai...
2026-03-20 00:30:03,233 [INFO] ContentKingdom.ProviderChain — Image: falai skipped — no API key
2026-03-20 00:30:03,233 [INFO] ContentKingdom.ProviderChain — Image: trying pexels...
2026-03-20 00:30:03,233 [INFO] ContentKingdom.ProviderChain — Image: pexels skipped — no PEXELS_API_KEY
2026-03-20 00:30:03,233 [INFO] ContentKingdom.ProviderChain — Image: trying pil...
2026-03-20 00:30:03,240 [INFO] ContentKingdom.ProviderChain — Image: PIL placeholder ✅ /tmp/tmpqoqb2u4i.jpg
2026-03-20 00:30:03,240 [INFO] ContentKingdom — Provider chain image: pil → /home/openclaw/.openclaw/workspace/skills/content-kingdom/output/media/2026-03-20/image_02_instagram.png
2026-03-20 00:30:03,241 [INFO] ContentKingdom.ProviderChain — Image: trying geminigen...
2026-03-20 00:30:03,241 [INFO] ContentKingdom.ProviderChain — Image: trying nvidia...
2026-03-20 00:30:03,241 [INFO] ContentKingdom.ProviderChain — Image: nvidia skipped — no API key
2026-03-20 00:30:03,241 [INFO] ContentKingdom.ProviderChain — Image: trying replicate...
2026-03-20 00:30:03,241 [INFO] ContentKingdom.ProviderChain — Image: replicate skipped — no API key
2026-03-20 00:30:03,241 [INFO] ContentKingdom.ProviderChain — Image: trying falai...
2026-03-20 00:30:03,241 [INFO] ContentKingdom.ProviderChain — Image: falai skipped — no API key
2026-03-20 00:30:03,241 [INFO] ContentKingdom.ProviderChain — Image: trying pexels...
2026-03-20 00:30:03,241 [INFO] ContentKingdom.ProviderChain — Image: pexels skipped — no PEXELS_API_KEY
2026-03-20 00:30:03,241 [INFO] ContentKingdom.ProviderChain — Image: trying pil...
2026-03-20 00:30:03,247 [INFO] ContentKingdom.ProviderChain — Image: PIL placeholder ✅ /tmp/tmpxo6_6_6r.jpg
2026-03-20 00:30:03,247 [INFO] ContentKingdom — Provider chain image: pil → /home/openclaw/.openclaw/workspace/skills/content-kingdom/output/media/2026-03-20/image_03_instagram.png
2026-03-20 00:30:03,248 [INFO] ContentKingdom.ProviderChain — Image: trying geminigen...
2026-03-20 00:30:03,248 [INFO] ContentKingdom.ProviderChain — Image: trying nvidia...
2026-03-20 00:30:03,248 [INFO] ContentKingdom.ProviderChain — Image: nvidia skipped — no API key
2026-03-20 00:30:03,248 [INFO] ContentKingdom.ProviderChain — Image: trying replicate...
2026-03-20 00:30:03,248 [INFO] ContentKingdom.ProviderChain — Image: replicate skipped — no API key
2026-03-20 00:30:03,248 [INFO] ContentKingdom.ProviderChain — Image: trying falai...
2026-03-20 00:30:03,248 [INFO] ContentKingdom.ProviderChain — Image: falai skipped — no API key
2026-03-20 00:30:03,248 [INFO] ContentKingdom.ProviderChain — Image: trying pexels...
2026-03-20 00:30:03,248 [INFO] ContentKingdom.ProviderChain — Image: pexels skipped — no PEXELS_API_KEY
2026-03-20 00:30:03,248 [INFO] ContentKingdom.ProviderChain — Image: trying pil...
2026-03-20 00:30:03,254 [INFO] ContentKingdom.ProviderChain — Image: PIL placeholder ✅ /tmp/tmp51r_s21f.jpg
2026-03-20 00:30:03,255 [INFO] ContentKingdom — Provider chain image: pil → /home/openclaw/.openclaw/workspace/skills/content-kingdom/output/media/2026-03-20/image_04_facebook.png
2026-03-20 00:30:03,256 [INFO] ContentKingdom — 
============================================================
▶ Phase 5: REVIEW
============================================================
2026-03-20 00:30:03,257 [INFO] ContentKingdom — 
============================================================
▶ Phase 6: SCHEDULE
============================================================
2026-03-20 00:30:12,405 [INFO] ContentKingdom — 
============================================================
▶ Phase 7: POST
============================================================
2026-03-20 00:30:13,520 [INFO] ContentKingdom — 
============================================================
▶ Phase 8: ENGAGE
============================================================
[CommentManager] PostBridge unavailable: HTTP Error 404: Not Found
2026-03-20 00:30:13,862 [INFO] ContentKingdom — 
============================================================
▶ Phase 9: ANALYZE
============================================================
2026-03-20 00:30:16,542 [INFO] ContentKingdom — 
============================================================
▶ Phase 10: OPTIMIZE
============================================================
2026-03-20 00:30:17,045 [INFO] ContentKingdom — 
============================================================
▶ Phase 11: REPURPOSE
============================================================
2026-03-20 00:30:17,078 [WARNING] ContentKingdom — Script /home/openclaw/.openclaw/workspace/skills/auto-clipper/scripts/auto_clipper.py exited 2:
usage: auto_clipper.py [-h] [--dry-run] [--force] [--output OUTPUT]
                       {run,watch,status}
auto_clipper.py: error: the following arguments are required: command

2026-03-20 00:30:17,080 [INFO] ContentKingdom — 
============================================================
▶ Phase 12: SCALE
============================================================
[EngagementEngine] 0 actions scheduled for 164e39ef-9e71-4da3-921b-fa726bb0cefb across 4 waves
[EngagementEngine] 0 actions scheduled for 00004dc7-bc96-4257-a382-119fb803f790 across 4 waves
[EngagementEngine] 0 actions scheduled for d14acdd0-ba64-464f-8153-d8078a44dd63 across 4 waves
[EngagementEngine] 0 actions scheduled for 8babbf60-a679-4925-9f93-8fc96817183d across 4 waves
[EngagementEngine] 0 actions scheduled for 254bbfa8-7338-4183-baaa-8444ee5a90a0 across 4 waves
2026-03-20 00:30:17,084 [INFO] ContentKingdom — ✅ Pipeline complete. Run ID: run_20260320_003001
