2026-03-20 05:30:02,075 [INFO] ContentKingdom — 🚀 Content Kingdom Daily Pipeline — 2026-03-20 [run_20260320_053002]
2026-03-20 05:30:02,124 [WARNING] ContentKingdom — Paperclip GET /companies/33e1e20e-d9f2-45f2-b907-0579ab795942/issues failed: HTTPConnectionPool(host='localhost', port=3100): Max retries exceeded with url: /api/companies/33e1e20e-d9f2-45f2-b907-0579ab795942/issues?limit=50 (Caused by NewConnectionError("HTTPConnection(host='localhost', port=3100): Failed to establish a new connection: [Errno 111] Connection refused"))
2026-03-20 05:30:02,125 [WARNING] ContentKingdom — Paperclip GET /issues failed: HTTPConnectionPool(host='localhost', port=3100): Max retries exceeded with url: /api/issues?limit=50 (Caused by NewConnectionError("HTTPConnection(host='localhost', port=3100): Failed to establish a new connection: [Errno 111] Connection refused"))
2026-03-20 05:30:02,126 [WARNING] ContentKingdom — Paperclip POST /companies/33e1e20e-d9f2-45f2-b907-0579ab795942/issues failed: HTTPConnectionPool(host='localhost', port=3100): Max retries exceeded with url: /api/companies/33e1e20e-d9f2-45f2-b907-0579ab795942/issues (Caused by NewConnectionError("HTTPConnection(host='localhost', port=3100): Failed to establish a new connection: [Errno 111] Connection refused"))
2026-03-20 05:30:02,127 [WARNING] ContentKingdom — Paperclip POST /issues failed: HTTPConnectionPool(host='localhost', port=3100): Max retries exceeded with url: /api/issues (Caused by NewConnectionError("HTTPConnection(host='localhost', port=3100): Failed to establish a new connection: [Errno 111] Connection refused"))
2026-03-20 05:30:02,127 [WARNING] ContentKingdom — Paperclip parent issue creation failed or server unavailable
2026-03-20 05:30:02,127 [INFO] ContentKingdom — 
============================================================
▶ Phase 1: RESEARCH
============================================================
2026-03-20 05:30:02,355 [INFO] ContentKingdom — 
============================================================
▶ Phase 2: PLAN
============================================================
2026-03-20 05:30:02,393 [INFO] ContentKingdom — 
============================================================
▶ Phase 3: SCRIPT
============================================================
2026-03-20 05:30:02,396 [INFO] ContentKingdom — Storyboard templates available: ['ad_short', 'product_showcase', 'storytelling', 'tutorial']
2026-03-20 05:30:02,450 [WARNING] ContentKingdom — PersonaManager load failed: Can't instantiate abstract class PersonaManager without an implementation for abstract methods '_execute', 'name'
2026-03-20 05:30:02,482 [INFO] ContentKingdom — 
============================================================
▶ Phase 4: CREATE
============================================================
2026-03-20 05:30:02,495 [INFO] ContentKingdom.ProviderChain — Video: trying byteplus...
2026-03-20 05:30:28,632 [INFO] ContentKingdom.ProviderChain — Video: byteplus ✅ https://ark-content-generation-ap-southeast-1.tos-ap-southea
2026-03-20 05:30:29,822 [INFO] ContentKingdom — Provider chain video: byteplus → /home/openclaw/.openclaw/workspace/skills/content-kingdom/output/media/2026-03-20/video_00_tiktok.mp4
2026-03-20 05:30:29,822 [INFO] ContentKingdom.ProviderChain — Video: trying byteplus...
2026-03-20 05:30:55,714 [INFO] ContentKingdom.ProviderChain — Video: byteplus ✅ https://ark-content-generation-ap-southeast-1.tos-ap-southea
2026-03-20 05:30:56,402 [INFO] ContentKingdom — Provider chain video: byteplus → /home/openclaw/.openclaw/workspace/skills/content-kingdom/output/media/2026-03-20/video_01_tiktok.mp4
2026-03-20 05:30:56,403 [INFO] ContentKingdom.ProviderChain — Image: trying geminigen...
2026-03-20 05:30:56,521 [INFO] ContentKingdom.ProviderChain — Image: trying nvidia...
2026-03-20 05:30:56,522 [INFO] ContentKingdom.ProviderChain — Image: nvidia skipped — no API key
2026-03-20 05:30:56,522 [INFO] ContentKingdom.ProviderChain — Image: trying replicate...
2026-03-20 05:30:56,522 [INFO] ContentKingdom.ProviderChain — Image: replicate skipped — no API key
2026-03-20 05:30:56,522 [INFO] ContentKingdom.ProviderChain — Image: trying falai...
2026-03-20 05:30:57,315 [INFO] ContentKingdom.ProviderChain — Image: trying pexels...
2026-03-20 05:30:57,468 [INFO] ContentKingdom.ProviderChain — Image: trying pil...
2026-03-20 05:30:57,553 [INFO] ContentKingdom.ProviderChain — Image: PIL placeholder ✅ /tmp/tmpswwzdzhj.jpg
2026-03-20 05:30:57,553 [INFO] ContentKingdom — Provider chain image: pil → /home/openclaw/.openclaw/workspace/skills/content-kingdom/output/media/2026-03-20/image_02_facebook.png
2026-03-20 05:30:57,553 [INFO] ContentKingdom.ProviderChain — Image: trying geminigen...
2026-03-20 05:30:57,553 [INFO] ContentKingdom.ProviderChain — Image: trying nvidia...
2026-03-20 05:30:57,554 [INFO] ContentKingdom.ProviderChain — Image: nvidia skipped — no API key
2026-03-20 05:30:57,554 [INFO] ContentKingdom.ProviderChain — Image: trying replicate...
2026-03-20 05:30:57,554 [INFO] ContentKingdom.ProviderChain — Image: replicate skipped — no API key
2026-03-20 05:30:57,554 [INFO] ContentKingdom.ProviderChain — Image: trying falai...
2026-03-20 05:30:58,302 [INFO] ContentKingdom.ProviderChain — Image: trying pexels...
2026-03-20 05:30:58,402 [INFO] ContentKingdom.ProviderChain — Image: trying pil...
2026-03-20 05:30:58,434 [INFO] ContentKingdom.ProviderChain — Image: PIL placeholder ✅ /tmp/tmp2vargc6s.jpg
2026-03-20 05:30:58,435 [INFO] ContentKingdom — Provider chain image: pil → /home/openclaw/.openclaw/workspace/skills/content-kingdom/output/media/2026-03-20/image_03_facebook.png
2026-03-20 05:30:58,436 [INFO] ContentKingdom.ProviderChain — Video: trying byteplus...
2026-03-20 05:31:29,470 [INFO] ContentKingdom.ProviderChain — Video: byteplus ✅ https://ark-content-generation-ap-southeast-1.tos-ap-southea
2026-03-20 05:31:30,704 [INFO] ContentKingdom — Provider chain video: byteplus → /home/openclaw/.openclaw/workspace/skills/content-kingdom/output/media/2026-03-20/video_04_youtube.mp4
2026-03-20 05:31:30,752 [INFO] ContentKingdom — 
============================================================
▶ Phase 5: REVIEW
============================================================
2026-03-20 05:31:30,773 [INFO] ContentKingdom — 
============================================================
▶ Phase 6: SCHEDULE
============================================================
2026-03-20 05:31:39,984 [INFO] ContentKingdom — 
============================================================
▶ Phase 7: POST
============================================================
2026-03-20 05:31:39,984 [INFO] ContentKingdom — Phase 7 POST — uploading media from /home/openclaw/.openclaw/workspace/skills/content-kingdom/output/media/2026-03-20
2026-03-20 05:31:44,876 [INFO] ContentKingdom — Uploaded video_00_tiktok.mp4 → media_id=fbd9228c-31ff-4ac3-afb8-4596b1737e40
2026-03-20 05:31:46,914 [INFO] ContentKingdom — Uploaded image_02_facebook.png → media_id=832a7294-b058-4b24-bb7b-d70d316cc1ff
2026-03-20 05:31:48,836 [INFO] ContentKingdom — ✅ Post created — platform=tiktok script=None
2026-03-20 05:31:50,754 [INFO] ContentKingdom — ✅ Post created — platform=tiktok script=None
2026-03-20 05:31:55,598 [INFO] ContentKingdom — ✅ Post created — platform=facebook script=None
2026-03-20 05:32:00,668 [INFO] ContentKingdom — ✅ Post created — platform=facebook script=None
2026-03-20 05:32:02,693 [INFO] ContentKingdom — ✅ Post created — platform=youtube script=None
2026-03-20 05:32:04,797 [INFO] ContentKingdom — ✅ Post created — platform=youtube script=None
2026-03-20 05:32:06,194 [INFO] ContentKingdom — 
============================================================
▶ Phase 8: ENGAGE
============================================================
[CommentManager] PostBridge unavailable: HTTP Error 404: Not Found
2026-03-20 05:32:06,487 [INFO] ContentKingdom — 
============================================================
▶ Phase 9: ANALYZE
============================================================
2026-03-20 05:32:09,245 [INFO] ContentKingdom — 
============================================================
▶ Phase 10: OPTIMIZE
============================================================
2026-03-20 05:32:09,959 [INFO] ContentKingdom — 
============================================================
▶ Phase 11: REPURPOSE
============================================================
2026-03-20 05:32:09,990 [WARNING] ContentKingdom — Script /home/openclaw/.openclaw/workspace/skills/auto-clipper/scripts/auto_clipper.py exited 2:
usage: auto_clipper.py [-h] [--dry-run] [--force] [--output OUTPUT]
                       {run,watch,status}
auto_clipper.py: error: the following arguments are required: command

2026-03-20 05:32:09,994 [INFO] ContentKingdom — 
============================================================
▶ Phase 12: SCALE
============================================================
[EngagementEngine] 0 actions scheduled for 164e39ef-9e71-4da3-921b-fa726bb0cefb across 4 waves
[EngagementEngine] 0 actions scheduled for 00004dc7-bc96-4257-a382-119fb803f790 across 4 waves
[EngagementEngine] 0 actions scheduled for d14acdd0-ba64-464f-8153-d8078a44dd63 across 4 waves
[EngagementEngine] 0 actions scheduled for 8babbf60-a679-4925-9f93-8fc96817183d across 4 waves
[EngagementEngine] 0 actions scheduled for 254bbfa8-7338-4183-baaa-8444ee5a90a0 across 4 waves
2026-03-20 05:32:10,028 [INFO] ContentKingdom — ✅ Pipeline complete. Run ID: run_20260320_053002
