2026-03-20 03:00:02,197 [INFO] ContentKingdom — 🚀 Content Kingdom Daily Pipeline — 2026-03-20 [run_20260320_030002]
2026-03-20 03:00:02,199 [WARNING] ContentKingdom — Paperclip GET /companies/33e1e20e-d9f2-45f2-b907-0579ab795942/issues failed: HTTPConnectionPool(host='localhost', port=3100): Max retries exceeded with url: /api/companies/33e1e20e-d9f2-45f2-b907-0579ab795942/issues?limit=50 (Caused by NewConnectionError("HTTPConnection(host='localhost', port=3100): Failed to establish a new connection: [Errno 111] Connection refused"))
2026-03-20 03:00:02,200 [WARNING] ContentKingdom — Paperclip GET /issues failed: HTTPConnectionPool(host='localhost', port=3100): Max retries exceeded with url: /api/issues?limit=50 (Caused by NewConnectionError("HTTPConnection(host='localhost', port=3100): Failed to establish a new connection: [Errno 111] Connection refused"))
2026-03-20 03:00:02,201 [WARNING] ContentKingdom — Paperclip POST /companies/33e1e20e-d9f2-45f2-b907-0579ab795942/issues failed: HTTPConnectionPool(host='localhost', port=3100): Max retries exceeded with url: /api/companies/33e1e20e-d9f2-45f2-b907-0579ab795942/issues (Caused by NewConnectionError("HTTPConnection(host='localhost', port=3100): Failed to establish a new connection: [Errno 111] Connection refused"))
2026-03-20 03:00:02,202 [WARNING] ContentKingdom — Paperclip POST /issues failed: HTTPConnectionPool(host='localhost', port=3100): Max retries exceeded with url: /api/issues (Caused by NewConnectionError("HTTPConnection(host='localhost', port=3100): Failed to establish a new connection: [Errno 111] Connection refused"))
2026-03-20 03:00:02,202 [WARNING] ContentKingdom — Paperclip parent issue creation failed or server unavailable
2026-03-20 03:00:02,202 [INFO] ContentKingdom — 
============================================================
▶ Phase 1: RESEARCH
============================================================
2026-03-20 03:00:02,479 [INFO] ContentKingdom — 
============================================================
▶ Phase 2: PLAN
============================================================
2026-03-20 03:00:02,500 [INFO] ContentKingdom — 
============================================================
▶ Phase 3: SCRIPT
============================================================
2026-03-20 03:00:02,502 [INFO] ContentKingdom — Storyboard templates available: ['ad_short', 'product_showcase', 'storytelling', 'tutorial']
2026-03-20 03:00:02,511 [WARNING] ContentKingdom — PersonaManager load failed: Can't instantiate abstract class PersonaManager without an implementation for abstract methods '_execute', 'name'
2026-03-20 03:00:02,516 [INFO] ContentKingdom — 
============================================================
▶ Phase 4: CREATE
============================================================
2026-03-20 03:00:02,518 [INFO] ContentKingdom.ProviderChain — Video: trying byteplus...
2026-03-20 03:00:33,695 [INFO] ContentKingdom.ProviderChain — Video: byteplus ✅ https://ark-content-generation-ap-southeast-1.tos-ap-southea
2026-03-20 03:00:35,358 [INFO] ContentKingdom — Provider chain video: byteplus → /home/openclaw/.openclaw/workspace/skills/content-kingdom/output/media/2026-03-20/video_00_tiktok.mp4
2026-03-20 03:00:35,358 [INFO] ContentKingdom.ProviderChain — Video: trying byteplus...
2026-03-20 03:01:06,402 [INFO] ContentKingdom.ProviderChain — Video: byteplus ✅ https://ark-content-generation-ap-southeast-1.tos-ap-southea
2026-03-20 03:01:07,001 [INFO] ContentKingdom — Provider chain video: byteplus → /home/openclaw/.openclaw/workspace/skills/content-kingdom/output/media/2026-03-20/video_01_tiktok.mp4
2026-03-20 03:01:07,002 [INFO] ContentKingdom.ProviderChain — Image: trying geminigen...
2026-03-20 03:01:07,127 [INFO] ContentKingdom.ProviderChain — Image: trying nvidia...
2026-03-20 03:01:07,127 [INFO] ContentKingdom.ProviderChain — Image: nvidia skipped — no API key
2026-03-20 03:01:07,127 [INFO] ContentKingdom.ProviderChain — Image: trying replicate...
2026-03-20 03:01:07,127 [INFO] ContentKingdom.ProviderChain — Image: replicate skipped — no API key
2026-03-20 03:01:07,129 [INFO] ContentKingdom.ProviderChain — Image: trying falai...
2026-03-20 03:01:07,942 [INFO] ContentKingdom.ProviderChain — Image: trying pexels...
2026-03-20 03:01:08,074 [INFO] ContentKingdom.ProviderChain — Image: trying pil...
2026-03-20 03:01:08,134 [INFO] ContentKingdom.ProviderChain — Image: PIL placeholder ✅ /tmp/tmpwmm3g0oc.jpg
2026-03-20 03:01:08,139 [INFO] ContentKingdom — Provider chain image: pil → /home/openclaw/.openclaw/workspace/skills/content-kingdom/output/media/2026-03-20/image_02_facebook.png
2026-03-20 03:01:08,139 [INFO] ContentKingdom.ProviderChain — Image: trying geminigen...
2026-03-20 03:01:08,139 [INFO] ContentKingdom.ProviderChain — Image: trying nvidia...
2026-03-20 03:01:08,139 [INFO] ContentKingdom.ProviderChain — Image: nvidia skipped — no API key
2026-03-20 03:01:08,139 [INFO] ContentKingdom.ProviderChain — Image: trying replicate...
2026-03-20 03:01:08,139 [INFO] ContentKingdom.ProviderChain — Image: replicate skipped — no API key
2026-03-20 03:01:08,139 [INFO] ContentKingdom.ProviderChain — Image: trying falai...
2026-03-20 03:01:08,865 [INFO] ContentKingdom.ProviderChain — Image: trying pexels...
2026-03-20 03:01:08,974 [INFO] ContentKingdom.ProviderChain — Image: trying pil...
2026-03-20 03:01:08,985 [INFO] ContentKingdom.ProviderChain — Image: PIL placeholder ✅ /tmp/tmpkoa4k01_.jpg
2026-03-20 03:01:08,986 [INFO] ContentKingdom — Provider chain image: pil → /home/openclaw/.openclaw/workspace/skills/content-kingdom/output/media/2026-03-20/image_03_facebook.png
2026-03-20 03:01:08,986 [INFO] ContentKingdom.ProviderChain — Video: trying byteplus...
2026-03-20 03:01:39,996 [INFO] ContentKingdom.ProviderChain — Video: byteplus ✅ https://ark-content-generation-ap-southeast-1.tos-ap-southea
2026-03-20 03:01:41,111 [INFO] ContentKingdom — Provider chain video: byteplus → /home/openclaw/.openclaw/workspace/skills/content-kingdom/output/media/2026-03-20/video_04_youtube.mp4
2026-03-20 03:01:41,114 [INFO] ContentKingdom — 
============================================================
▶ Phase 5: REVIEW
============================================================
2026-03-20 03:01:41,119 [INFO] ContentKingdom — 
============================================================
▶ Phase 6: SCHEDULE
============================================================
2026-03-20 03:01:50,351 [INFO] ContentKingdom — 
============================================================
▶ Phase 7: POST
============================================================
2026-03-20 03:01:50,351 [INFO] ContentKingdom — Phase 7 POST — uploading media from /home/openclaw/.openclaw/workspace/skills/content-kingdom/output/media/2026-03-20
2026-03-20 03:01:55,186 [INFO] ContentKingdom — Uploaded video_00_tiktok.mp4 → media_id=b75fce18-f9a0-4723-b978-96a3876c4ce5
2026-03-20 03:01:56,551 [INFO] ContentKingdom — Uploaded image_02_facebook.png → media_id=2f806060-424b-43c5-a42e-7c31c52348fc
2026-03-20 03:01:58,528 [INFO] ContentKingdom — ✅ Post created — platform=tiktok script=None
2026-03-20 03:02:00,259 [INFO] ContentKingdom — ✅ Post created — platform=tiktok script=None
2026-03-20 03:02:05,248 [INFO] ContentKingdom — ✅ Post created — platform=facebook script=None
2026-03-20 03:02:10,471 [INFO] ContentKingdom — ✅ Post created — platform=facebook script=None
2026-03-20 03:02:12,811 [INFO] ContentKingdom — ✅ Post created — platform=youtube script=None
2026-03-20 03:02:14,836 [INFO] ContentKingdom — ✅ Post created — platform=youtube script=None
2026-03-20 03:02:16,120 [INFO] ContentKingdom — 
============================================================
▶ Phase 8: ENGAGE
============================================================
[CommentManager] PostBridge unavailable: HTTP Error 404: Not Found
2026-03-20 03:02:16,395 [INFO] ContentKingdom — 
============================================================
▶ Phase 9: ANALYZE
============================================================
2026-03-20 03:02:19,367 [INFO] ContentKingdom — 
============================================================
▶ Phase 10: OPTIMIZE
============================================================
2026-03-20 03:02:19,970 [INFO] ContentKingdom — 
============================================================
▶ Phase 11: REPURPOSE
============================================================
2026-03-20 03:02:20,020 [WARNING] ContentKingdom — Script /home/openclaw/.openclaw/workspace/skills/auto-clipper/scripts/auto_clipper.py exited 2:
usage: auto_clipper.py [-h] [--dry-run] [--force] [--output OUTPUT]
                       {run,watch,status}
auto_clipper.py: error: the following arguments are required: command

2026-03-20 03:02:20,023 [INFO] ContentKingdom — 
============================================================
▶ Phase 12: SCALE
============================================================
[EngagementEngine] 0 actions scheduled for 164e39ef-9e71-4da3-921b-fa726bb0cefb across 4 waves
[EngagementEngine] 0 actions scheduled for 00004dc7-bc96-4257-a382-119fb803f790 across 4 waves
[EngagementEngine] 0 actions scheduled for d14acdd0-ba64-464f-8153-d8078a44dd63 across 4 waves
[EngagementEngine] 0 actions scheduled for 8babbf60-a679-4925-9f93-8fc96817183d across 4 waves
[EngagementEngine] 0 actions scheduled for 254bbfa8-7338-4183-baaa-8444ee5a90a0 across 4 waves
2026-03-20 03:02:20,070 [INFO] ContentKingdom — ✅ Pipeline complete. Run ID: run_20260320_030002
