2026-03-20 03:30:01,622 [INFO] ContentKingdom — 🚀 Content Kingdom Daily Pipeline — 2026-03-20 [run_20260320_033001]
2026-03-20 03:30:01,624 [WARNING] ContentKingdom — Paperclip GET /companies/33e1e20e-d9f2-45f2-b907-0579ab795942/issues failed: HTTPConnectionPool(host='localhost', port=3100): Max retries exceeded with url: /api/companies/33e1e20e-d9f2-45f2-b907-0579ab795942/issues?limit=50 (Caused by NewConnectionError("HTTPConnection(host='localhost', port=3100): Failed to establish a new connection: [Errno 111] Connection refused"))
2026-03-20 03:30:01,624 [WARNING] ContentKingdom — Paperclip GET /issues failed: HTTPConnectionPool(host='localhost', port=3100): Max retries exceeded with url: /api/issues?limit=50 (Caused by NewConnectionError("HTTPConnection(host='localhost', port=3100): Failed to establish a new connection: [Errno 111] Connection refused"))
2026-03-20 03:30:01,625 [WARNING] ContentKingdom — Paperclip POST /companies/33e1e20e-d9f2-45f2-b907-0579ab795942/issues failed: HTTPConnectionPool(host='localhost', port=3100): Max retries exceeded with url: /api/companies/33e1e20e-d9f2-45f2-b907-0579ab795942/issues (Caused by NewConnectionError("HTTPConnection(host='localhost', port=3100): Failed to establish a new connection: [Errno 111] Connection refused"))
2026-03-20 03:30:01,626 [WARNING] ContentKingdom — Paperclip POST /issues failed: HTTPConnectionPool(host='localhost', port=3100): Max retries exceeded with url: /api/issues (Caused by NewConnectionError("HTTPConnection(host='localhost', port=3100): Failed to establish a new connection: [Errno 111] Connection refused"))
2026-03-20 03:30:01,626 [WARNING] ContentKingdom — Paperclip parent issue creation failed or server unavailable
2026-03-20 03:30:01,626 [INFO] ContentKingdom — 
============================================================
▶ Phase 1: RESEARCH
============================================================
2026-03-20 03:30:01,811 [INFO] ContentKingdom — 
============================================================
▶ Phase 2: PLAN
============================================================
2026-03-20 03:30:01,814 [INFO] ContentKingdom — 
============================================================
▶ Phase 3: SCRIPT
============================================================
2026-03-20 03:30:01,815 [INFO] ContentKingdom — Storyboard templates available: ['ad_short', 'product_showcase', 'storytelling', 'tutorial']
2026-03-20 03:30:01,815 [WARNING] ContentKingdom — PersonaManager load failed: Can't instantiate abstract class PersonaManager without an implementation for abstract methods '_execute', 'name'
2026-03-20 03:30:01,848 [INFO] ContentKingdom — 
============================================================
▶ Phase 4: CREATE
============================================================
2026-03-20 03:30:01,866 [INFO] ContentKingdom.ProviderChain — Video: trying byteplus...
2026-03-20 03:30:33,111 [INFO] ContentKingdom.ProviderChain — Video: byteplus ✅ https://ark-content-generation-ap-southeast-1.tos-ap-southea
2026-03-20 03:30:34,812 [INFO] ContentKingdom — Provider chain video: byteplus → /home/openclaw/.openclaw/workspace/skills/content-kingdom/output/media/2026-03-20/video_00_tiktok.mp4
2026-03-20 03:30:34,812 [INFO] ContentKingdom.ProviderChain — Video: trying byteplus...
2026-03-20 03:31:06,817 [INFO] ContentKingdom.ProviderChain — Video: byteplus ✅ https://ark-content-generation-ap-southeast-1.tos-ap-southea
2026-03-20 03:31:07,394 [INFO] ContentKingdom — Provider chain video: byteplus → /home/openclaw/.openclaw/workspace/skills/content-kingdom/output/media/2026-03-20/video_01_tiktok.mp4
2026-03-20 03:31:07,395 [INFO] ContentKingdom.ProviderChain — Image: trying geminigen...
2026-03-20 03:31:07,402 [INFO] ContentKingdom.ProviderChain — Image: trying nvidia...
2026-03-20 03:31:07,402 [INFO] ContentKingdom.ProviderChain — Image: nvidia skipped — no API key
2026-03-20 03:31:07,402 [INFO] ContentKingdom.ProviderChain — Image: trying replicate...
2026-03-20 03:31:07,402 [INFO] ContentKingdom.ProviderChain — Image: replicate skipped — no API key
2026-03-20 03:31:07,402 [INFO] ContentKingdom.ProviderChain — Image: trying falai...
2026-03-20 03:31:08,204 [INFO] ContentKingdom.ProviderChain — Image: trying pexels...
2026-03-20 03:31:08,358 [INFO] ContentKingdom.ProviderChain — Image: trying pil...
2026-03-20 03:31:08,507 [INFO] ContentKingdom.ProviderChain — Image: PIL placeholder ✅ /tmp/tmpq6l7h55s.jpg
2026-03-20 03:31:08,508 [INFO] ContentKingdom — Provider chain image: pil → /home/openclaw/.openclaw/workspace/skills/content-kingdom/output/media/2026-03-20/image_02_facebook.png
2026-03-20 03:31:08,508 [INFO] ContentKingdom.ProviderChain — Image: trying geminigen...
2026-03-20 03:31:08,509 [INFO] ContentKingdom.ProviderChain — Image: trying nvidia...
2026-03-20 03:31:08,509 [INFO] ContentKingdom.ProviderChain — Image: nvidia skipped — no API key
2026-03-20 03:31:08,509 [INFO] ContentKingdom.ProviderChain — Image: trying replicate...
2026-03-20 03:31:08,509 [INFO] ContentKingdom.ProviderChain — Image: replicate skipped — no API key
2026-03-20 03:31:08,509 [INFO] ContentKingdom.ProviderChain — Image: trying falai...
2026-03-20 03:31:09,225 [INFO] ContentKingdom.ProviderChain — Image: trying pexels...
2026-03-20 03:31:09,330 [INFO] ContentKingdom.ProviderChain — Image: trying pil...
2026-03-20 03:31:09,337 [INFO] ContentKingdom.ProviderChain — Image: PIL placeholder ✅ /tmp/tmpy9ga0gyg.jpg
2026-03-20 03:31:09,338 [INFO] ContentKingdom — Provider chain image: pil → /home/openclaw/.openclaw/workspace/skills/content-kingdom/output/media/2026-03-20/image_03_facebook.png
2026-03-20 03:31:09,338 [INFO] ContentKingdom.ProviderChain — Video: trying byteplus...
2026-03-20 03:31:40,239 [INFO] ContentKingdom.ProviderChain — Video: byteplus ✅ https://ark-content-generation-ap-southeast-1.tos-ap-southea
2026-03-20 03:31:41,305 [INFO] ContentKingdom — Provider chain video: byteplus → /home/openclaw/.openclaw/workspace/skills/content-kingdom/output/media/2026-03-20/video_04_youtube.mp4
2026-03-20 03:31:41,342 [INFO] ContentKingdom — 
============================================================
▶ Phase 5: REVIEW
============================================================
2026-03-20 03:31:41,347 [INFO] ContentKingdom — 
============================================================
▶ Phase 6: SCHEDULE
============================================================
2026-03-20 03:31:50,508 [INFO] ContentKingdom — 
============================================================
▶ Phase 7: POST
============================================================
2026-03-20 03:31:50,508 [INFO] ContentKingdom — Phase 7 POST — uploading media from /home/openclaw/.openclaw/workspace/skills/content-kingdom/output/media/2026-03-20
2026-03-20 03:31:56,288 [INFO] ContentKingdom — Uploaded video_00_tiktok.mp4 → media_id=f452e950-09e2-4a40-8e29-2636a5b56c86
2026-03-20 03:31:58,361 [INFO] ContentKingdom — Uploaded image_02_facebook.png → media_id=3a18fc89-19e0-437b-9e53-87266e7f8861
2026-03-20 03:32:00,261 [INFO] ContentKingdom — ✅ Post created — platform=tiktok script=None
2026-03-20 03:32:02,179 [INFO] ContentKingdom — ✅ Post created — platform=tiktok script=None
2026-03-20 03:32:07,053 [INFO] ContentKingdom — ✅ Post created — platform=facebook script=None
2026-03-20 03:32:11,935 [INFO] ContentKingdom — ✅ Post created — platform=facebook script=None
2026-03-20 03:32:13,841 [INFO] ContentKingdom — ✅ Post created — platform=youtube script=None
2026-03-20 03:32:15,785 [INFO] ContentKingdom — ✅ Post created — platform=youtube script=None
2026-03-20 03:32:17,131 [INFO] ContentKingdom — 
============================================================
▶ Phase 8: ENGAGE
============================================================
[CommentManager] PostBridge unavailable: HTTP Error 404: Not Found
2026-03-20 03:32:17,596 [INFO] ContentKingdom — 
============================================================
▶ Phase 9: ANALYZE
============================================================
2026-03-20 03:32:20,641 [INFO] ContentKingdom — 
============================================================
▶ Phase 10: OPTIMIZE
============================================================
2026-03-20 03:32:21,283 [INFO] ContentKingdom — 
============================================================
▶ Phase 11: REPURPOSE
============================================================
2026-03-20 03:32:21,324 [WARNING] ContentKingdom — Script /home/openclaw/.openclaw/workspace/skills/auto-clipper/scripts/auto_clipper.py exited 2:
usage: auto_clipper.py [-h] [--dry-run] [--force] [--output OUTPUT]
                       {run,watch,status}
auto_clipper.py: error: the following arguments are required: command

2026-03-20 03:32:21,328 [INFO] ContentKingdom — 
============================================================
▶ Phase 12: SCALE
============================================================
[EngagementEngine] 0 actions scheduled for 164e39ef-9e71-4da3-921b-fa726bb0cefb across 4 waves
[EngagementEngine] 0 actions scheduled for 00004dc7-bc96-4257-a382-119fb803f790 across 4 waves
[EngagementEngine] 0 actions scheduled for d14acdd0-ba64-464f-8153-d8078a44dd63 across 4 waves
[EngagementEngine] 0 actions scheduled for 8babbf60-a679-4925-9f93-8fc96817183d across 4 waves
[EngagementEngine] 0 actions scheduled for 254bbfa8-7338-4183-baaa-8444ee5a90a0 across 4 waves
2026-03-20 03:32:21,335 [INFO] ContentKingdom — ✅ Pipeline complete. Run ID: run_20260320_033001
