2026-03-20 04:30:01,313 [INFO] ContentKingdom — 🚀 Content Kingdom Daily Pipeline — 2026-03-20 [run_20260320_043001]
2026-03-20 04:30:01,314 [WARNING] ContentKingdom — Paperclip GET /companies/33e1e20e-d9f2-45f2-b907-0579ab795942/issues failed: HTTPConnectionPool(host='localhost', port=3100): Max retries exceeded with url: /api/companies/33e1e20e-d9f2-45f2-b907-0579ab795942/issues?limit=50 (Caused by NewConnectionError("HTTPConnection(host='localhost', port=3100): Failed to establish a new connection: [Errno 111] Connection refused"))
2026-03-20 04:30:01,315 [WARNING] ContentKingdom — Paperclip GET /issues failed: HTTPConnectionPool(host='localhost', port=3100): Max retries exceeded with url: /api/issues?limit=50 (Caused by NewConnectionError("HTTPConnection(host='localhost', port=3100): Failed to establish a new connection: [Errno 111] Connection refused"))
2026-03-20 04:30:01,316 [WARNING] ContentKingdom — Paperclip POST /companies/33e1e20e-d9f2-45f2-b907-0579ab795942/issues failed: HTTPConnectionPool(host='localhost', port=3100): Max retries exceeded with url: /api/companies/33e1e20e-d9f2-45f2-b907-0579ab795942/issues (Caused by NewConnectionError("HTTPConnection(host='localhost', port=3100): Failed to establish a new connection: [Errno 111] Connection refused"))
2026-03-20 04:30:01,317 [WARNING] ContentKingdom — Paperclip POST /issues failed: HTTPConnectionPool(host='localhost', port=3100): Max retries exceeded with url: /api/issues (Caused by NewConnectionError("HTTPConnection(host='localhost', port=3100): Failed to establish a new connection: [Errno 111] Connection refused"))
2026-03-20 04:30:01,317 [WARNING] ContentKingdom — Paperclip parent issue creation failed or server unavailable
2026-03-20 04:30:01,317 [INFO] ContentKingdom — 
============================================================
▶ Phase 1: RESEARCH
============================================================
2026-03-20 04:30:01,517 [INFO] ContentKingdom — 
============================================================
▶ Phase 2: PLAN
============================================================
2026-03-20 04:30:01,580 [INFO] ContentKingdom — 
============================================================
▶ Phase 3: SCRIPT
============================================================
2026-03-20 04:30:01,581 [INFO] ContentKingdom — Storyboard templates available: ['ad_short', 'product_showcase', 'storytelling', 'tutorial']
2026-03-20 04:30:01,581 [WARNING] ContentKingdom — PersonaManager load failed: Can't instantiate abstract class PersonaManager without an implementation for abstract methods '_execute', 'name'
2026-03-20 04:30:01,585 [INFO] ContentKingdom — 
============================================================
▶ Phase 4: CREATE
============================================================
2026-03-20 04:30:01,586 [INFO] ContentKingdom.ProviderChain — Video: trying byteplus...
2026-03-20 04:30:32,901 [INFO] ContentKingdom.ProviderChain — Video: byteplus ✅ https://ark-content-generation-ap-southeast-1.tos-ap-southea
2026-03-20 04:30:34,595 [INFO] ContentKingdom — Provider chain video: byteplus → /home/openclaw/.openclaw/workspace/skills/content-kingdom/output/media/2026-03-20/video_00_tiktok.mp4
2026-03-20 04:30:34,596 [INFO] ContentKingdom.ProviderChain — Video: trying byteplus...
2026-03-20 04:31:00,728 [INFO] ContentKingdom.ProviderChain — Video: byteplus ✅ https://ark-content-generation-ap-southeast-1.tos-ap-southea
2026-03-20 04:31:01,400 [INFO] ContentKingdom — Provider chain video: byteplus → /home/openclaw/.openclaw/workspace/skills/content-kingdom/output/media/2026-03-20/video_01_tiktok.mp4
2026-03-20 04:31:01,401 [INFO] ContentKingdom.ProviderChain — Image: trying geminigen...
2026-03-20 04:31:01,408 [INFO] ContentKingdom.ProviderChain — Image: trying nvidia...
2026-03-20 04:31:01,408 [INFO] ContentKingdom.ProviderChain — Image: nvidia skipped — no API key
2026-03-20 04:31:01,408 [INFO] ContentKingdom.ProviderChain — Image: trying replicate...
2026-03-20 04:31:01,408 [INFO] ContentKingdom.ProviderChain — Image: replicate skipped — no API key
2026-03-20 04:31:01,408 [INFO] ContentKingdom.ProviderChain — Image: trying falai...
2026-03-20 04:31:02,177 [INFO] ContentKingdom.ProviderChain — Image: trying pexels...
2026-03-20 04:31:02,324 [INFO] ContentKingdom.ProviderChain — Image: trying pil...
2026-03-20 04:31:02,349 [INFO] ContentKingdom.ProviderChain — Image: PIL placeholder ✅ /tmp/tmpdp43pvql.jpg
2026-03-20 04:31:02,349 [INFO] ContentKingdom — Provider chain image: pil → /home/openclaw/.openclaw/workspace/skills/content-kingdom/output/media/2026-03-20/image_02_facebook.png
2026-03-20 04:31:02,350 [INFO] ContentKingdom.ProviderChain — Image: trying geminigen...
2026-03-20 04:31:02,350 [INFO] ContentKingdom.ProviderChain — Image: trying nvidia...
2026-03-20 04:31:02,350 [INFO] ContentKingdom.ProviderChain — Image: nvidia skipped — no API key
2026-03-20 04:31:02,350 [INFO] ContentKingdom.ProviderChain — Image: trying replicate...
2026-03-20 04:31:02,350 [INFO] ContentKingdom.ProviderChain — Image: replicate skipped — no API key
2026-03-20 04:31:02,350 [INFO] ContentKingdom.ProviderChain — Image: trying falai...
2026-03-20 04:31:03,076 [INFO] ContentKingdom.ProviderChain — Image: trying pexels...
2026-03-20 04:31:03,168 [INFO] ContentKingdom.ProviderChain — Image: trying pil...
2026-03-20 04:31:03,175 [INFO] ContentKingdom.ProviderChain — Image: PIL placeholder ✅ /tmp/tmpm6g6oifx.jpg
2026-03-20 04:31:03,175 [INFO] ContentKingdom — Provider chain image: pil → /home/openclaw/.openclaw/workspace/skills/content-kingdom/output/media/2026-03-20/image_03_facebook.png
2026-03-20 04:31:03,176 [INFO] ContentKingdom.ProviderChain — Video: trying byteplus...
2026-03-20 04:31:34,079 [INFO] ContentKingdom.ProviderChain — Video: byteplus ✅ https://ark-content-generation-ap-southeast-1.tos-ap-southea
2026-03-20 04:31:35,836 [INFO] ContentKingdom — Provider chain video: byteplus → /home/openclaw/.openclaw/workspace/skills/content-kingdom/output/media/2026-03-20/video_04_youtube.mp4
2026-03-20 04:31:35,887 [INFO] ContentKingdom — 
============================================================
▶ Phase 5: REVIEW
============================================================
2026-03-20 04:31:35,908 [INFO] ContentKingdom — 
============================================================
▶ Phase 6: SCHEDULE
============================================================
2026-03-20 04:31:45,112 [INFO] ContentKingdom — 
============================================================
▶ Phase 7: POST
============================================================
2026-03-20 04:31:45,112 [INFO] ContentKingdom — Phase 7 POST — uploading media from /home/openclaw/.openclaw/workspace/skills/content-kingdom/output/media/2026-03-20
2026-03-20 04:31:50,207 [INFO] ContentKingdom — Uploaded video_00_tiktok.mp4 → media_id=7a16c3e3-ccf1-41c2-979d-cffae7111d45
2026-03-20 04:31:52,275 [INFO] ContentKingdom — Uploaded image_02_facebook.png → media_id=d8669bd6-f63a-4b86-afac-d69533bc121f
2026-03-20 04:31:54,130 [INFO] ContentKingdom — ✅ Post created — platform=tiktok script=None
2026-03-20 04:31:56,032 [INFO] ContentKingdom — ✅ Post created — platform=tiktok script=None
2026-03-20 04:32:00,973 [INFO] ContentKingdom — ✅ Post created — platform=facebook script=None
2026-03-20 04:32:05,931 [INFO] ContentKingdom — ✅ Post created — platform=facebook script=None
2026-03-20 04:32:07,862 [INFO] ContentKingdom — ✅ Post created — platform=youtube script=None
2026-03-20 04:32:09,728 [INFO] ContentKingdom — ✅ Post created — platform=youtube script=None
2026-03-20 04:32:10,941 [INFO] ContentKingdom — 
============================================================
▶ Phase 8: ENGAGE
============================================================
[CommentManager] PostBridge unavailable: HTTP Error 404: Not Found
2026-03-20 04:32:11,200 [INFO] ContentKingdom — 
============================================================
▶ Phase 9: ANALYZE
============================================================
2026-03-20 04:32:13,635 [INFO] ContentKingdom — 
============================================================
▶ Phase 10: OPTIMIZE
============================================================
2026-03-20 04:32:14,398 [INFO] ContentKingdom — 
============================================================
▶ Phase 11: REPURPOSE
============================================================
2026-03-20 04:32:14,432 [WARNING] ContentKingdom — Script /home/openclaw/.openclaw/workspace/skills/auto-clipper/scripts/auto_clipper.py exited 2:
usage: auto_clipper.py [-h] [--dry-run] [--force] [--output OUTPUT]
                       {run,watch,status}
auto_clipper.py: error: the following arguments are required: command

2026-03-20 04:32:14,435 [INFO] ContentKingdom — 
============================================================
▶ Phase 12: SCALE
============================================================
[EngagementEngine] 0 actions scheduled for 164e39ef-9e71-4da3-921b-fa726bb0cefb across 4 waves
[EngagementEngine] 0 actions scheduled for 00004dc7-bc96-4257-a382-119fb803f790 across 4 waves
[EngagementEngine] 0 actions scheduled for d14acdd0-ba64-464f-8153-d8078a44dd63 across 4 waves
[EngagementEngine] 0 actions scheduled for 8babbf60-a679-4925-9f93-8fc96817183d across 4 waves
[EngagementEngine] 0 actions scheduled for 254bbfa8-7338-4183-baaa-8444ee5a90a0 across 4 waves
2026-03-20 04:32:14,444 [INFO] ContentKingdom — ✅ Pipeline complete. Run ID: run_20260320_043001
