[2026-02-28 01:06:43] [INFO] Starting lead management automation...
[2026-02-28 01:06:43] [INFO] ✅ Lead report generated: /home/openclaw/.openclaw/workspace/output/reports/lead_report_20260228.md
[2026-02-28 01:06:43] [INFO] ✅ Found 0 leads needing follow-up
[2026-02-28 01:06:43] [INFO] ✅ Follow-up tasks saved: /home/openclaw/.openclaw/workspace/output/reports/followup_tasks_20260228.json
[2026-02-28 01:06:43] [INFO] Starting social media automation...
[2026-02-28 01:06:43] [INFO] ✅ Found 0 items ready to post
[2026-02-28 01:06:43] [INFO] ✅ Social media report saved: /home/openclaw/.openclaw/workspace/output/reports/social_report_20260228.md
[2026-02-28 01:06:43] [INFO] Generating automation summary...
[2026-02-28 01:06:43] [INFO] ✅ Automation summary saved: /home/openclaw/.openclaw/workspace/output/reports/automation_summary_20260228.md
[2026-02-28 22:27:58] [INFO] Starting multi-platform research...
[2026-02-28 22:27:58] [INFO] ✅ Multi-platform research complete: 70 URLs generated
[2026-02-28 22:27:58] [INFO] Starting lead management automation...
[2026-02-28 22:27:58] [ERROR] ❌ Error in lead automation: Lead.__init__() got an unexpected keyword argument 'business_name'
[2026-02-28 22:27:58] [INFO] Starting social media automation...
[2026-02-28 22:27:58] [INFO] ✅ Found 0 items ready to post
[2026-02-28 22:27:58] [INFO] ✅ Social media report saved: /home/openclaw/.openclaw/workspace/output/reports/social_report_20260228.md
[2026-02-28 22:27:58] [INFO] Generating automation summary...
[2026-02-28 22:27:58] [ERROR] ❌ Error generating summary: Lead.__init__() got an unexpected keyword argument 'business_name'
[2026-02-28 22:28:53] [INFO] Starting multi-platform research...
[2026-02-28 22:28:53] [ERROR] ❌ Error in multi-platform research: BusinessLead.__init__() got an unexpected keyword argument 'researched_at'
[2026-02-28 22:28:53] [INFO] Starting lead management automation...
[2026-02-28 22:28:53] [INFO] ✅ Lead report generated: /home/openclaw/.openclaw/workspace/output/reports/lead_report_20260228.md
[2026-02-28 22:28:53] [INFO] ✅ Found 0 leads needing follow-up
[2026-02-28 22:28:53] [INFO] ✅ Follow-up tasks saved: /home/openclaw/.openclaw/workspace/output/reports/followup_tasks_20260228.json
[2026-02-28 22:28:53] [INFO] Starting social media automation...
[2026-02-28 22:28:53] [INFO] ✅ Found 0 items ready to post
[2026-02-28 22:28:53] [INFO] ✅ Social media report saved: /home/openclaw/.openclaw/workspace/output/reports/social_report_20260228.md
[2026-02-28 22:28:53] [INFO] Generating automation summary...
[2026-02-28 22:28:53] [INFO] ✅ Automation summary saved: /home/openclaw/.openclaw/workspace/output/reports/automation_summary_20260228.md
[2026-02-28 22:29:18] [INFO] Starting multi-platform research...
[2026-02-28 22:29:18] [INFO] ✅ Multi-platform research complete: 140 URLs generated
[2026-02-28 22:29:18] [INFO] Starting lead management automation...
[2026-02-28 22:29:18] [INFO] ✅ Lead report generated: /home/openclaw/.openclaw/workspace/output/reports/lead_report_20260228.md
[2026-02-28 22:29:18] [INFO] ✅ Found 0 leads needing follow-up
[2026-02-28 22:29:18] [INFO] ✅ Follow-up tasks saved: /home/openclaw/.openclaw/workspace/output/reports/followup_tasks_20260228.json
[2026-02-28 22:29:18] [INFO] Starting social media automation...
[2026-02-28 22:29:18] [INFO] ✅ Found 0 items ready to post
[2026-02-28 22:29:18] [INFO] ✅ Social media report saved: /home/openclaw/.openclaw/workspace/output/reports/social_report_20260228.md
[2026-02-28 22:29:18] [INFO] Generating automation summary...
[2026-02-28 22:29:18] [INFO] ✅ Automation summary saved: /home/openclaw/.openclaw/workspace/output/reports/automation_summary_20260228.md
[2026-02-28 22:32:02] [INFO] Starting multi-platform research...
[2026-02-28 22:32:02] [INFO] ✅ Multi-platform research complete: 210 URLs generated
[2026-02-28 22:32:02] [INFO] Starting lead management automation...
[2026-02-28 22:32:02] [INFO] ✅ Lead report generated: /home/openclaw/.openclaw/workspace/output/reports/lead_report_20260228.md
[2026-02-28 22:32:02] [INFO] ✅ Found 0 leads needing follow-up
[2026-02-28 22:32:02] [INFO] ✅ Follow-up tasks saved: /home/openclaw/.openclaw/workspace/output/reports/followup_tasks_20260228.json
[2026-02-28 22:32:02] [INFO] Starting social media automation...
[2026-02-28 22:32:02] [INFO] ✅ Found 0 items ready to post
[2026-02-28 22:32:02] [INFO] ✅ Social media report saved: /home/openclaw/.openclaw/workspace/output/reports/social_report_20260228.md
[2026-02-28 22:32:02] [INFO] Generating automation summary...
[2026-02-28 22:32:02] [INFO] ✅ Automation summary saved: /home/openclaw/.openclaw/workspace/output/reports/automation_summary_20260228.md
