[2026-03-02 04:25:46] [INFO] Starting multi-platform research...
[2026-03-02 04:25:46] [INFO] ✅ Multi-platform research complete: 350 URLs generated
[2026-03-02 04:25:46] [INFO] Starting lead management automation...
[2026-03-02 04:25:46] [INFO] ✅ Lead report generated: /home/openclaw/.openclaw/workspace/output/reports/lead_report_20260302.md
[2026-03-02 04:25:46] [INFO] ✅ Found 0 leads needing follow-up
[2026-03-02 04:25:46] [INFO] ✅ Follow-up tasks saved: /home/openclaw/.openclaw/workspace/output/reports/followup_tasks_20260302.json
[2026-03-02 04:25:46] [INFO] Starting social media automation...
[2026-03-02 04:25:46] [INFO] ✅ Found 0 items ready to post
[2026-03-02 04:25:46] [INFO] ✅ Social media report saved: /home/openclaw/.openclaw/workspace/output/reports/social_report_20260302.md
[2026-03-02 04:25:46] [INFO] Generating automation summary...
[2026-03-02 04:25:46] [INFO] ✅ Automation summary saved: /home/openclaw/.openclaw/workspace/output/reports/automation_summary_20260302.md
[2026-03-02 04:55:47] [INFO] Starting multi-platform research...
[2026-03-02 04:55:47] [INFO] ✅ Multi-platform research complete: 420 URLs generated
[2026-03-02 04:55:47] [INFO] Starting lead management automation...
[2026-03-02 04:55:47] [INFO] ✅ Lead report generated: /home/openclaw/.openclaw/workspace/output/reports/lead_report_20260302.md
[2026-03-02 04:55:47] [INFO] ✅ Found 0 leads needing follow-up
[2026-03-02 04:55:47] [INFO] ✅ Follow-up tasks saved: /home/openclaw/.openclaw/workspace/output/reports/followup_tasks_20260302.json
[2026-03-02 04:55:47] [INFO] Starting social media automation...
[2026-03-02 04:55:47] [INFO] ✅ Found 0 items ready to post
[2026-03-02 04:55:47] [INFO] ✅ Social media report saved: /home/openclaw/.openclaw/workspace/output/reports/social_report_20260302.md
[2026-03-02 04:55:47] [INFO] Generating automation summary...
[2026-03-02 04:55:47] [INFO] ✅ Automation summary saved: /home/openclaw/.openclaw/workspace/output/reports/automation_summary_20260302.md
[2026-03-02 05:25:50] [INFO] Starting multi-platform research...
[2026-03-02 05:25:51] [INFO] ✅ Multi-platform research complete: 490 URLs generated
[2026-03-02 05:25:51] [INFO] Starting lead management automation...
[2026-03-02 05:25:51] [INFO] ✅ Lead report generated: /home/openclaw/.openclaw/workspace/output/reports/lead_report_20260302.md
[2026-03-02 05:25:51] [INFO] ✅ Found 0 leads needing follow-up
[2026-03-02 05:25:51] [INFO] ✅ Follow-up tasks saved: /home/openclaw/.openclaw/workspace/output/reports/followup_tasks_20260302.json
[2026-03-02 05:25:51] [INFO] Starting social media automation...
[2026-03-02 05:25:51] [INFO] ✅ Found 0 items ready to post
[2026-03-02 05:25:51] [INFO] ✅ Social media report saved: /home/openclaw/.openclaw/workspace/output/reports/social_report_20260302.md
[2026-03-02 05:25:51] [INFO] Generating automation summary...
[2026-03-02 05:25:51] [INFO] ✅ Automation summary saved: /home/openclaw/.openclaw/workspace/output/reports/automation_summary_20260302.md
[2026-03-02 05:55:47] [INFO] Starting multi-platform research...
[2026-03-02 05:55:48] [INFO] ✅ Multi-platform research complete: 560 URLs generated
[2026-03-02 05:55:48] [INFO] Starting lead management automation...
[2026-03-02 05:55:48] [INFO] ✅ Lead report generated: /home/openclaw/.openclaw/workspace/output/reports/lead_report_20260302.md
[2026-03-02 05:55:48] [INFO] ✅ Found 0 leads needing follow-up
[2026-03-02 05:55:48] [INFO] ✅ Follow-up tasks saved: /home/openclaw/.openclaw/workspace/output/reports/followup_tasks_20260302.json
[2026-03-02 05:55:48] [INFO] Starting social media automation...
[2026-03-02 05:55:48] [INFO] ✅ Found 0 items ready to post
[2026-03-02 05:55:48] [INFO] ✅ Social media report saved: /home/openclaw/.openclaw/workspace/output/reports/social_report_20260302.md
[2026-03-02 05:55:48] [INFO] Generating automation summary...
[2026-03-02 05:55:48] [INFO] ✅ Automation summary saved: /home/openclaw/.openclaw/workspace/output/reports/automation_summary_20260302.md
[2026-03-02 06:25:48] [INFO] Starting multi-platform research...
[2026-03-02 06:25:49] [INFO] ✅ Multi-platform research complete: 630 URLs generated
[2026-03-02 06:25:49] [INFO] Starting lead management automation...
[2026-03-02 06:25:49] [INFO] ✅ Lead report generated: /home/openclaw/.openclaw/workspace/output/reports/lead_report_20260302.md
[2026-03-02 06:25:49] [INFO] ✅ Found 0 leads needing follow-up
[2026-03-02 06:25:49] [INFO] ✅ Follow-up tasks saved: /home/openclaw/.openclaw/workspace/output/reports/followup_tasks_20260302.json
[2026-03-02 06:25:49] [INFO] Starting social media automation...
[2026-03-02 06:25:49] [INFO] ✅ Found 0 items ready to post
[2026-03-02 06:25:49] [INFO] ✅ Social media report saved: /home/openclaw/.openclaw/workspace/output/reports/social_report_20260302.md
[2026-03-02 06:25:49] [INFO] Generating automation summary...
[2026-03-02 06:25:49] [INFO] ✅ Automation summary saved: /home/openclaw/.openclaw/workspace/output/reports/automation_summary_20260302.md
[2026-03-02 06:55:53] [INFO] Starting multi-platform research...
[2026-03-02 06:55:54] [INFO] ✅ Multi-platform research complete: 700 URLs generated
[2026-03-02 06:55:54] [INFO] Starting lead management automation...
[2026-03-02 06:55:54] [INFO] ✅ Lead report generated: /home/openclaw/.openclaw/workspace/output/reports/lead_report_20260302.md
[2026-03-02 06:55:54] [INFO] ✅ Found 0 leads needing follow-up
[2026-03-02 06:55:54] [INFO] ✅ Follow-up tasks saved: /home/openclaw/.openclaw/workspace/output/reports/followup_tasks_20260302.json
[2026-03-02 06:55:54] [INFO] Starting social media automation...
[2026-03-02 06:55:54] [INFO] ✅ Found 0 items ready to post
[2026-03-02 06:55:54] [INFO] ✅ Social media report saved: /home/openclaw/.openclaw/workspace/output/reports/social_report_20260302.md
[2026-03-02 06:55:54] [INFO] Generating automation summary...
[2026-03-02 06:55:54] [INFO] ✅ Automation summary saved: /home/openclaw/.openclaw/workspace/output/reports/automation_summary_20260302.md
[2026-03-02 07:25:47] [INFO] Starting multi-platform research...
[2026-03-02 07:25:49] [INFO] ✅ Multi-platform research complete: 770 URLs generated
[2026-03-02 07:25:49] [INFO] Starting lead management automation...
[2026-03-02 07:25:49] [INFO] ✅ Lead report generated: /home/openclaw/.openclaw/workspace/output/reports/lead_report_20260302.md
[2026-03-02 07:25:49] [INFO] ✅ Found 0 leads needing follow-up
[2026-03-02 07:25:49] [INFO] ✅ Follow-up tasks saved: /home/openclaw/.openclaw/workspace/output/reports/followup_tasks_20260302.json
[2026-03-02 07:25:49] [INFO] Starting social media automation...
[2026-03-02 07:25:49] [INFO] ✅ Found 0 items ready to post
[2026-03-02 07:25:49] [INFO] ✅ Social media report saved: /home/openclaw/.openclaw/workspace/output/reports/social_report_20260302.md
[2026-03-02 07:25:49] [INFO] Generating automation summary...
[2026-03-02 07:25:49] [INFO] ✅ Automation summary saved: /home/openclaw/.openclaw/workspace/output/reports/automation_summary_20260302.md
[2026-03-02 07:55:49] [INFO] Starting multi-platform research...
[2026-03-02 07:55:50] [INFO] ✅ Multi-platform research complete: 840 URLs generated
[2026-03-02 07:55:50] [INFO] Starting lead management automation...
[2026-03-02 07:55:50] [INFO] ✅ Lead report generated: /home/openclaw/.openclaw/workspace/output/reports/lead_report_20260302.md
[2026-03-02 07:55:50] [INFO] ✅ Found 0 leads needing follow-up
[2026-03-02 07:55:50] [INFO] ✅ Follow-up tasks saved: /home/openclaw/.openclaw/workspace/output/reports/followup_tasks_20260302.json
[2026-03-02 07:55:50] [INFO] Starting social media automation...
[2026-03-02 07:55:50] [INFO] ✅ Found 0 items ready to post
[2026-03-02 07:55:50] [INFO] ✅ Social media report saved: /home/openclaw/.openclaw/workspace/output/reports/social_report_20260302.md
[2026-03-02 07:55:50] [INFO] Generating automation summary...
[2026-03-02 07:55:50] [INFO] ✅ Automation summary saved: /home/openclaw/.openclaw/workspace/output/reports/automation_summary_20260302.md
[2026-03-02 08:25:48] [INFO] Starting multi-platform research...
[2026-03-02 08:25:50] [INFO] ✅ Multi-platform research complete: 910 URLs generated
[2026-03-02 08:25:50] [INFO] Starting lead management automation...
[2026-03-02 08:25:50] [INFO] ✅ Lead report generated: /home/openclaw/.openclaw/workspace/output/reports/lead_report_20260302.md
[2026-03-02 08:25:50] [INFO] ✅ Found 0 leads needing follow-up
[2026-03-02 08:25:50] [INFO] ✅ Follow-up tasks saved: /home/openclaw/.openclaw/workspace/output/reports/followup_tasks_20260302.json
[2026-03-02 08:25:50] [INFO] Starting social media automation...
[2026-03-02 08:25:50] [INFO] ✅ Found 0 items ready to post
[2026-03-02 08:25:50] [INFO] ✅ Social media report saved: /home/openclaw/.openclaw/workspace/output/reports/social_report_20260302.md
[2026-03-02 08:25:50] [INFO] Generating automation summary...
[2026-03-02 08:25:50] [INFO] ✅ Automation summary saved: /home/openclaw/.openclaw/workspace/output/reports/automation_summary_20260302.md
[2026-03-02 09:00:01] [INFO] Starting multi-platform research...
[2026-03-02 09:00:02] [INFO] ✅ Multi-platform research complete: 980 URLs generated
[2026-03-02 09:00:02] [INFO] Starting lead management automation...
[2026-03-02 09:00:02] [INFO] ✅ Lead report generated: /home/openclaw/.openclaw/workspace/output/reports/lead_report_20260302.md
[2026-03-02 09:00:02] [INFO] ✅ Found 0 leads needing follow-up
[2026-03-02 09:00:02] [INFO] ✅ Follow-up tasks saved: /home/openclaw/.openclaw/workspace/output/reports/followup_tasks_20260302.json
[2026-03-02 09:00:02] [INFO] Starting social media automation...
[2026-03-02 09:00:02] [INFO] ✅ Found 0 items ready to post
[2026-03-02 09:00:02] [INFO] ✅ Social media report saved: /home/openclaw/.openclaw/workspace/output/reports/social_report_20260302.md
[2026-03-02 09:00:02] [INFO] Generating automation summary...
[2026-03-02 09:00:02] [INFO] ✅ Automation summary saved: /home/openclaw/.openclaw/workspace/output/reports/automation_summary_20260302.md
[2026-03-02 09:25:58] [INFO] Starting multi-platform research...
[2026-03-02 09:26:00] [INFO] ✅ Multi-platform research complete: 1050 URLs generated
[2026-03-02 09:26:00] [INFO] Starting lead management automation...
[2026-03-02 09:26:00] [INFO] ✅ Lead report generated: /home/openclaw/.openclaw/workspace/output/reports/lead_report_20260302.md
[2026-03-02 09:26:00] [INFO] ✅ Found 0 leads needing follow-up
[2026-03-02 09:26:00] [INFO] ✅ Follow-up tasks saved: /home/openclaw/.openclaw/workspace/output/reports/followup_tasks_20260302.json
[2026-03-02 09:26:00] [INFO] Starting social media automation...
[2026-03-02 09:26:00] [INFO] ✅ Found 0 items ready to post
[2026-03-02 09:26:00] [INFO] ✅ Social media report saved: /home/openclaw/.openclaw/workspace/output/reports/social_report_20260302.md
[2026-03-02 09:26:00] [INFO] Generating automation summary...
[2026-03-02 09:26:00] [INFO] ✅ Automation summary saved: /home/openclaw/.openclaw/workspace/output/reports/automation_summary_20260302.md
[2026-03-02 09:55:50] [INFO] Starting multi-platform research...
[2026-03-02 09:55:52] [INFO] ✅ Multi-platform research complete: 1120 URLs generated
[2026-03-02 09:55:52] [INFO] Starting lead management automation...
[2026-03-02 09:55:52] [INFO] ✅ Lead report generated: /home/openclaw/.openclaw/workspace/output/reports/lead_report_20260302.md
[2026-03-02 09:55:52] [INFO] ✅ Found 0 leads needing follow-up
[2026-03-02 09:55:52] [INFO] ✅ Follow-up tasks saved: /home/openclaw/.openclaw/workspace/output/reports/followup_tasks_20260302.json
[2026-03-02 09:55:52] [INFO] Starting social media automation...
[2026-03-02 09:55:52] [INFO] ✅ Found 0 items ready to post
[2026-03-02 09:55:52] [INFO] ✅ Social media report saved: /home/openclaw/.openclaw/workspace/output/reports/social_report_20260302.md
[2026-03-02 09:55:52] [INFO] Generating automation summary...
[2026-03-02 09:55:52] [INFO] ✅ Automation summary saved: /home/openclaw/.openclaw/workspace/output/reports/automation_summary_20260302.md
[2026-03-02 10:25:50] [INFO] Starting multi-platform research...
[2026-03-02 10:25:52] [INFO] ✅ Multi-platform research complete: 1190 URLs generated
[2026-03-02 10:25:52] [INFO] Starting lead management automation...
[2026-03-02 10:25:52] [INFO] ✅ Lead report generated: /home/openclaw/.openclaw/workspace/output/reports/lead_report_20260302.md
[2026-03-02 10:25:52] [INFO] ✅ Found 0 leads needing follow-up
[2026-03-02 10:25:52] [INFO] ✅ Follow-up tasks saved: /home/openclaw/.openclaw/workspace/output/reports/followup_tasks_20260302.json
[2026-03-02 10:25:52] [INFO] Starting social media automation...
[2026-03-02 10:25:52] [INFO] ✅ Found 0 items ready to post
[2026-03-02 10:25:52] [INFO] ✅ Social media report saved: /home/openclaw/.openclaw/workspace/output/reports/social_report_20260302.md
[2026-03-02 10:25:52] [INFO] Generating automation summary...
[2026-03-02 10:25:52] [INFO] ✅ Automation summary saved: /home/openclaw/.openclaw/workspace/output/reports/automation_summary_20260302.md
[2026-03-02 10:55:51] [INFO] Starting multi-platform research...
[2026-03-02 10:55:53] [INFO] ✅ Multi-platform research complete: 1260 URLs generated
[2026-03-02 10:55:53] [INFO] Starting lead management automation...
[2026-03-02 10:55:53] [INFO] ✅ Lead report generated: /home/openclaw/.openclaw/workspace/output/reports/lead_report_20260302.md
[2026-03-02 10:55:53] [INFO] ✅ Found 0 leads needing follow-up
[2026-03-02 10:55:53] [INFO] ✅ Follow-up tasks saved: /home/openclaw/.openclaw/workspace/output/reports/followup_tasks_20260302.json
[2026-03-02 10:55:53] [INFO] Starting social media automation...
[2026-03-02 10:55:53] [INFO] ✅ Found 0 items ready to post
[2026-03-02 10:55:53] [INFO] ✅ Social media report saved: /home/openclaw/.openclaw/workspace/output/reports/social_report_20260302.md
[2026-03-02 10:55:53] [INFO] Generating automation summary...
[2026-03-02 10:55:53] [INFO] ✅ Automation summary saved: /home/openclaw/.openclaw/workspace/output/reports/automation_summary_20260302.md
[2026-03-02 11:25:52] [INFO] Starting multi-platform research...
[2026-03-02 11:25:54] [INFO] ✅ Multi-platform research complete: 1330 URLs generated
[2026-03-02 11:25:54] [INFO] Starting lead management automation...
[2026-03-02 11:25:54] [INFO] ✅ Lead report generated: /home/openclaw/.openclaw/workspace/output/reports/lead_report_20260302.md
[2026-03-02 11:25:54] [INFO] ✅ Found 0 leads needing follow-up
[2026-03-02 11:25:54] [INFO] ✅ Follow-up tasks saved: /home/openclaw/.openclaw/workspace/output/reports/followup_tasks_20260302.json
[2026-03-02 11:25:54] [INFO] Starting social media automation...
[2026-03-02 11:25:54] [INFO] ✅ Found 0 items ready to post
[2026-03-02 11:25:54] [INFO] ✅ Social media report saved: /home/openclaw/.openclaw/workspace/output/reports/social_report_20260302.md
[2026-03-02 11:25:54] [INFO] Generating automation summary...
[2026-03-02 11:25:54] [INFO] ✅ Automation summary saved: /home/openclaw/.openclaw/workspace/output/reports/automation_summary_20260302.md
[2026-03-02 11:55:55] [INFO] Starting multi-platform research...
[2026-03-02 11:55:57] [INFO] ✅ Multi-platform research complete: 1400 URLs generated
[2026-03-02 11:55:57] [INFO] Starting lead management automation...
[2026-03-02 11:55:57] [INFO] ✅ Lead report generated: /home/openclaw/.openclaw/workspace/output/reports/lead_report_20260302.md
[2026-03-02 11:55:57] [INFO] ✅ Found 0 leads needing follow-up
[2026-03-02 11:55:57] [INFO] ✅ Follow-up tasks saved: /home/openclaw/.openclaw/workspace/output/reports/followup_tasks_20260302.json
[2026-03-02 11:55:57] [INFO] Starting social media automation...
[2026-03-02 11:55:57] [INFO] ✅ Found 0 items ready to post
[2026-03-02 11:55:57] [INFO] ✅ Social media report saved: /home/openclaw/.openclaw/workspace/output/reports/social_report_20260302.md
[2026-03-02 11:55:57] [INFO] Generating automation summary...
[2026-03-02 11:55:57] [INFO] ✅ Automation summary saved: /home/openclaw/.openclaw/workspace/output/reports/automation_summary_20260302.md
[2026-03-02 12:25:52] [INFO] Starting multi-platform research...
[2026-03-02 12:25:54] [INFO] ✅ Multi-platform research complete: 1470 URLs generated
[2026-03-02 12:25:54] [INFO] Starting lead management automation...
[2026-03-02 12:25:54] [INFO] ✅ Lead report generated: /home/openclaw/.openclaw/workspace/output/reports/lead_report_20260302.md
[2026-03-02 12:25:54] [INFO] ✅ Found 0 leads needing follow-up
[2026-03-02 12:25:54] [INFO] ✅ Follow-up tasks saved: /home/openclaw/.openclaw/workspace/output/reports/followup_tasks_20260302.json
[2026-03-02 12:25:54] [INFO] Starting social media automation...
[2026-03-02 12:25:54] [INFO] ✅ Found 0 items ready to post
[2026-03-02 12:25:54] [INFO] ✅ Social media report saved: /home/openclaw/.openclaw/workspace/output/reports/social_report_20260302.md
[2026-03-02 12:25:54] [INFO] Generating automation summary...
[2026-03-02 12:25:54] [INFO] ✅ Automation summary saved: /home/openclaw/.openclaw/workspace/output/reports/automation_summary_20260302.md
[2026-03-02 12:55:53] [INFO] Starting multi-platform research...
[2026-03-02 12:55:55] [INFO] ✅ Multi-platform research complete: 1540 URLs generated
[2026-03-02 12:55:55] [INFO] Starting lead management automation...
[2026-03-02 12:55:55] [INFO] ✅ Lead report generated: /home/openclaw/.openclaw/workspace/output/reports/lead_report_20260302.md
[2026-03-02 12:55:55] [INFO] ✅ Found 0 leads needing follow-up
[2026-03-02 12:55:55] [INFO] ✅ Follow-up tasks saved: /home/openclaw/.openclaw/workspace/output/reports/followup_tasks_20260302.json
[2026-03-02 12:55:55] [INFO] Starting social media automation...
[2026-03-02 12:55:55] [INFO] ✅ Found 0 items ready to post
[2026-03-02 12:55:55] [INFO] ✅ Social media report saved: /home/openclaw/.openclaw/workspace/output/reports/social_report_20260302.md
[2026-03-02 12:55:55] [INFO] Generating automation summary...
[2026-03-02 12:55:55] [INFO] ✅ Automation summary saved: /home/openclaw/.openclaw/workspace/output/reports/automation_summary_20260302.md
[2026-03-02 13:25:57] [INFO] Starting multi-platform research...
[2026-03-02 13:26:00] [INFO] ✅ Multi-platform research complete: 1610 URLs generated
[2026-03-02 13:26:00] [INFO] Starting lead management automation...
[2026-03-02 13:26:00] [INFO] ✅ Lead report generated: /home/openclaw/.openclaw/workspace/output/reports/lead_report_20260302.md
[2026-03-02 13:26:00] [INFO] ✅ Found 0 leads needing follow-up
[2026-03-02 13:26:00] [INFO] ✅ Follow-up tasks saved: /home/openclaw/.openclaw/workspace/output/reports/followup_tasks_20260302.json
[2026-03-02 13:26:00] [INFO] Starting social media automation...
[2026-03-02 13:26:00] [INFO] ✅ Found 0 items ready to post
[2026-03-02 13:26:00] [INFO] ✅ Social media report saved: /home/openclaw/.openclaw/workspace/output/reports/social_report_20260302.md
[2026-03-02 13:26:00] [INFO] Generating automation summary...
[2026-03-02 13:26:00] [INFO] ✅ Automation summary saved: /home/openclaw/.openclaw/workspace/output/reports/automation_summary_20260302.md
[2026-03-02 13:55:55] [INFO] Starting multi-platform research...
[2026-03-02 13:55:58] [INFO] ✅ Multi-platform research complete: 1680 URLs generated
[2026-03-02 13:55:58] [INFO] Starting lead management automation...
[2026-03-02 13:55:58] [INFO] ✅ Lead report generated: /home/openclaw/.openclaw/workspace/output/reports/lead_report_20260302.md
[2026-03-02 13:55:58] [INFO] ✅ Found 0 leads needing follow-up
[2026-03-02 13:55:58] [INFO] ✅ Follow-up tasks saved: /home/openclaw/.openclaw/workspace/output/reports/followup_tasks_20260302.json
[2026-03-02 13:55:58] [INFO] Starting social media automation...
[2026-03-02 13:55:58] [INFO] ✅ Found 0 items ready to post
[2026-03-02 13:55:58] [INFO] ✅ Social media report saved: /home/openclaw/.openclaw/workspace/output/reports/social_report_20260302.md
[2026-03-02 13:55:58] [INFO] Generating automation summary...
[2026-03-02 13:55:58] [INFO] ✅ Automation summary saved: /home/openclaw/.openclaw/workspace/output/reports/automation_summary_20260302.md
[2026-03-02 14:23:07] [INFO] Starting multi-platform research...
[2026-03-02 14:23:10] [INFO] ✅ Multi-platform research complete: 1750 URLs generated
[2026-03-02 14:23:10] [INFO] Starting lead management automation...
[2026-03-02 14:23:10] [INFO] ✅ Lead report generated: /home/openclaw/.openclaw/workspace/output/reports/lead_report_20260302.md
[2026-03-02 14:23:10] [INFO] ✅ Found 0 leads needing follow-up
[2026-03-02 14:23:10] [INFO] ✅ Follow-up tasks saved: /home/openclaw/.openclaw/workspace/output/reports/followup_tasks_20260302.json
[2026-03-02 14:23:10] [INFO] Starting social media automation...
[2026-03-02 14:23:10] [INFO] ✅ Found 0 items ready to post
[2026-03-02 14:23:10] [INFO] ✅ Social media report saved: /home/openclaw/.openclaw/workspace/output/reports/social_report_20260302.md
[2026-03-02 14:23:10] [INFO] Generating automation summary...
[2026-03-02 14:23:10] [INFO] ✅ Automation summary saved: /home/openclaw/.openclaw/workspace/output/reports/automation_summary_20260302.md
[2026-03-02 14:45:01] [INFO] Starting multi-platform research...
[2026-03-02 14:45:04] [INFO] ✅ Multi-platform research complete: 1820 URLs generated
[2026-03-02 14:45:04] [INFO] Starting lead management automation...
[2026-03-02 14:45:04] [INFO] ✅ Lead report generated: /home/openclaw/.openclaw/workspace/output/reports/lead_report_20260302.md
[2026-03-02 14:45:04] [INFO] ✅ Found 0 leads needing follow-up
[2026-03-02 14:45:04] [INFO] ✅ Follow-up tasks saved: /home/openclaw/.openclaw/workspace/output/reports/followup_tasks_20260302.json
[2026-03-02 14:45:04] [INFO] Starting social media automation...
[2026-03-02 14:45:04] [INFO] ✅ Found 0 items ready to post
[2026-03-02 14:45:04] [INFO] ✅ Social media report saved: /home/openclaw/.openclaw/workspace/output/reports/social_report_20260302.md
[2026-03-02 14:45:04] [INFO] Generating automation summary...
[2026-03-02 14:45:04] [INFO] ✅ Automation summary saved: /home/openclaw/.openclaw/workspace/output/reports/automation_summary_20260302.md
[2026-03-02 14:48:05] [INFO] Starting multi-platform research...
[2026-03-02 14:48:08] [INFO] ✅ Multi-platform research complete: 1890 URLs generated
[2026-03-02 14:48:08] [INFO] Starting lead management automation...
[2026-03-02 14:48:08] [INFO] ✅ Lead report generated: /home/openclaw/.openclaw/workspace/output/reports/lead_report_20260302.md
[2026-03-02 14:48:08] [INFO] ✅ Found 0 leads needing follow-up
[2026-03-02 14:48:08] [INFO] ✅ Follow-up tasks saved: /home/openclaw/.openclaw/workspace/output/reports/followup_tasks_20260302.json
[2026-03-02 14:48:08] [INFO] Starting social media automation...
[2026-03-02 14:48:08] [INFO] ✅ Found 0 items ready to post
[2026-03-02 14:48:08] [INFO] ✅ Social media report saved: /home/openclaw/.openclaw/workspace/output/reports/social_report_20260302.md
[2026-03-02 14:48:08] [INFO] Generating automation summary...
[2026-03-02 14:48:08] [INFO] ✅ Automation summary saved: /home/openclaw/.openclaw/workspace/output/reports/automation_summary_20260302.md
[2026-03-02 14:51:40] [INFO] Starting multi-platform research...
[2026-03-02 14:51:43] [INFO] ✅ Multi-platform research complete: 1960 URLs generated
[2026-03-02 14:51:43] [INFO] Starting lead management automation...
[2026-03-02 14:51:43] [INFO] ✅ Lead report generated: /home/openclaw/.openclaw/workspace/output/reports/lead_report_20260302.md
[2026-03-02 14:51:43] [INFO] ✅ Found 0 leads needing follow-up
[2026-03-02 14:51:43] [INFO] ✅ Follow-up tasks saved: /home/openclaw/.openclaw/workspace/output/reports/followup_tasks_20260302.json
[2026-03-02 14:51:43] [INFO] Starting social media automation...
[2026-03-02 14:51:43] [INFO] ✅ Found 0 items ready to post
[2026-03-02 14:51:43] [INFO] ✅ Social media report saved: /home/openclaw/.openclaw/workspace/output/reports/social_report_20260302.md
[2026-03-02 14:51:43] [INFO] Generating automation summary...
[2026-03-02 14:51:43] [INFO] ✅ Automation summary saved: /home/openclaw/.openclaw/workspace/output/reports/automation_summary_20260302.md
