============================================================
DAILY AUTOMATION ORCHESTRATOR
============================================================
Starting at: 2026-03-01T09:00:01.824369

Step 1: Multi-Platform Research Automation
------------------------------------------------------------
[2026-03-01 09:00:01] [INFO] Starting multi-platform research...
============================================================
MULTI-PLATFORM RESEARCH SYSTEM
============================================================

Starting comprehensive research across all platforms...

🔍 Searching marketplaces...
  Searching Shopee...
  Searching Tokopedia...
  Searching Lazada...
  Searching Bukalapak...
  Searching JD.ID...
✅ Found 5 marketplace leads

📱 Searching social media...
  Searching Instagram...
  Searching Facebook...
  Searching LinkedIn...
  Searching Twitter/X...
✅ Generated 40 social media search URLs

📖 Searching business directories...
  Searching Google Business...
  Searching Yellow Pages Indonesia...
✅ Generated 10 directory search URLs

💬 Searching forums...
  Searching Komunitas Jual Beli Facebook...
  Searching Kaskus Forum...
  Searching Tokopedia Forum...
✅ Generated 15 forum search URLs

📊 Generating research report...
✅ Report saved: /home/openclaw/.openclaw/workspace/output/reports/multi_platform_research_20260301_0900.md

============================================================
RESEARCH SUMMARY
============================================================
Total leads found: 280
Platforms researched: 14
Unique business names: 60

Lead database: output/leads_db.json
Research database: output/research_db.json
Report: /home/openclaw/.openclaw/workspace/output/reports/multi_platform_research_20260301_0900.md

============================================================
✅ COMPREHENSIVE RESEARCH COMPLETE
============================================================
[2026-03-01 09:00:02] [INFO] ✅ Multi-platform research complete: 280 URLs generated
✅ Generated 280 research URLs

Step 1: Lead Management Automation
------------------------------------------------------------
[2026-03-01 09:00:02] [INFO] Starting lead management automation...
[2026-03-01 09:00:02] [INFO] ✅ Lead report generated: /home/openclaw/.openclaw/workspace/output/reports/lead_report_20260301.md
[2026-03-01 09:00:02] [INFO] ✅ Found 0 leads needing follow-up
[2026-03-01 09:00:02] [INFO] ✅ Follow-up tasks saved: /home/openclaw/.openclaw/workspace/output/reports/followup_tasks_20260301.json

Step 2: Social Media Automation
------------------------------------------------------------
[2026-03-01 09:00:02] [INFO] Starting social media automation...
[2026-03-01 09:00:02] [INFO] ✅ Found 0 items ready to post
[2026-03-01 09:00:02] [INFO] ✅ Social media report saved: /home/openclaw/.openclaw/workspace/output/reports/social_report_20260301.md

Step 3: Generate Automation Summary
------------------------------------------------------------
[2026-03-01 09:00:02] [INFO] Generating automation summary...
[2026-03-01 09:00:02] [INFO] ✅ Automation summary saved: /home/openclaw/.openclaw/workspace/output/reports/automation_summary_20260301.md

============================================================
✅ ALL AUTOMATIONS COMPLETED SUCCESSFULLY
============================================================
============================================================
DAILY AUTOMATION ORCHESTRATOR
============================================================
Starting at: 2026-03-02T09:00:01.246366

Step 1: Multi-Platform Research Automation
------------------------------------------------------------
[2026-03-02 09:00:01] [INFO] Starting multi-platform research...
============================================================
MULTI-PLATFORM RESEARCH SYSTEM
============================================================

Starting comprehensive research across all platforms...

🔍 Searching marketplaces...
  Searching Shopee...
  Searching Tokopedia...
  Searching Lazada...
  Searching Bukalapak...
  Searching JD.ID...
✅ Found 5 marketplace leads

📱 Searching social media...
  Searching Instagram...
  Searching Facebook...
  Searching LinkedIn...
  Searching Twitter/X...
✅ Generated 40 social media search URLs

📖 Searching business directories...
  Searching Google Business...
  Searching Yellow Pages Indonesia...
✅ Generated 10 directory search URLs

💬 Searching forums...
  Searching Komunitas Jual Beli Facebook...
  Searching Kaskus Forum...
  Searching Tokopedia Forum...
✅ Generated 15 forum search URLs

📊 Generating research report...
✅ Report saved: /home/openclaw/.openclaw/workspace/output/reports/multi_platform_research_20260302_0900.md

============================================================
RESEARCH SUMMARY
============================================================
Total leads found: 980
Platforms researched: 14
Unique business names: 60

Lead database: output/leads_db.json
Research database: output/research_db.json
Report: /home/openclaw/.openclaw/workspace/output/reports/multi_platform_research_20260302_0900.md

============================================================
✅ COMPREHENSIVE RESEARCH COMPLETE
============================================================
[2026-03-02 09:00:02] [INFO] ✅ Multi-platform research complete: 980 URLs generated
✅ Generated 980 research URLs

Step 1: Lead Management Automation
------------------------------------------------------------
[2026-03-02 09:00:02] [INFO] Starting lead management automation...
[2026-03-02 09:00:02] [INFO] ✅ Lead report generated: /home/openclaw/.openclaw/workspace/output/reports/lead_report_20260302.md
[2026-03-02 09:00:02] [INFO] ✅ Found 0 leads needing follow-up
[2026-03-02 09:00:02] [INFO] ✅ Follow-up tasks saved: /home/openclaw/.openclaw/workspace/output/reports/followup_tasks_20260302.json

Step 2: Social Media Automation
------------------------------------------------------------
[2026-03-02 09:00:02] [INFO] Starting social media automation...
[2026-03-02 09:00:02] [INFO] ✅ Found 0 items ready to post
[2026-03-02 09:00:02] [INFO] ✅ Social media report saved: /home/openclaw/.openclaw/workspace/output/reports/social_report_20260302.md

Step 3: Generate Automation Summary
------------------------------------------------------------
[2026-03-02 09:00:02] [INFO] Generating automation summary...
[2026-03-02 09:00:02] [INFO] ✅ Automation summary saved: /home/openclaw/.openclaw/workspace/output/reports/automation_summary_20260302.md

============================================================
✅ ALL AUTOMATIONS COMPLETED SUCCESSFULLY
============================================================
