2026-03-02T15:30:55.827740 - ============================================================
2026-03-02T15:30:55.827855 - 🔄 Vector DB Memory Sync Started
2026-03-02T15:30:55.827908 - ============================================================
2026-03-02T15:31:22.445353 - ✅ Engine initialized: ['zvec', 'pageindex', 'ruvector']
2026-03-02T15:31:22.445569 - 📁 Found 21 memory files
2026-03-02T15:31:29.938615 -    ✅ Indexed: 2026-02-24.md (1,639 chars)
2026-03-02T15:50:51.629244 - ============================================================
2026-03-02T15:50:51.629327 - 🔄 Vector DB Memory Sync Started
2026-03-02T15:50:51.629374 - ============================================================
2026-03-02T15:51:17.447416 - ✅ Engine initialized: ['zvec', 'pageindex', 'ruvector']
2026-03-02T15:51:17.447744 - 📁 Found 22 memory files
2026-03-02T15:51:24.375287 -    ✅ Indexed: 2026-02-24.md (1,639 chars)
2026-03-02T15:52:01.750185 -    ✅ Indexed: EXECUTION_REPORT_2026-02-28.md (7,952 chars)
2026-03-02T15:52:53.868214 -    ✅ Indexed: 2026-02-28.md (12,371 chars)
2026-03-02T15:53:01.120441 -    ✅ Indexed: 2026-03-02.md (1,868 chars)
2026-03-02T15:54:56.369119 -    ✅ Indexed: 2026-02-26-2154.md (22,758 chars)
2026-03-02T15:55:24.756287 -    ✅ Indexed: footer_and_video_notes.md (7,034 chars)
2026-03-02T15:55:55.013329 -    ✅ Indexed: 2026-02-27-EXECUTION.md (6,763 chars)
2026-03-02T15:56:12.730225 -    ✅ Indexed: SEQUENTIAL_VIDEO_GENERATOR.md (3,113 chars)
2026-03-02T15:57:48.648118 -    ✅ Indexed: DAY2_EXECUTION_REPORT.md (16,974 chars)
2026-03-02T15:58:29.096934 -    ✅ Indexed: 2026-02-26-vilona-persona.md (9,994 chars)
2026-03-02T15:58:31.927560 -    ✅ Indexed: github_credentials.md (386 chars)
2026-03-02T15:58:59.830790 -    ✅ Indexed: DAY2_EXECUTION_SUMMARY.md (5,333 chars)
2026-03-02T15:59:13.912525 -    ✅ Indexed: 2026-02-24-trading-automation.md (2,594 chars)
2026-03-02T16:00:10.204813 -    ✅ Indexed: 2026-03-01-vilona-setup.md (6,771 chars)
2026-03-02T16:01:00.486294 -    ✅ Indexed: 2026-02-27.md (10,445 chars)
2026-03-02T16:01:25.818393 -    ✅ Indexed: 2026-02-26-mt5-connection.md (6,067 chars)
2026-03-02T16:01:47.877992 -    ✅ Indexed: 2026-02-27-eurc-ostium.md (5,752 chars)
2026-03-02T16:01:49.565311 -    ✅ Indexed: 2026-03-02-TRADING.md (346 chars)
2026-03-02T16:02:51.738765 -    ✅ Indexed: DAY2_EXECUTION_COMPLETE.md (12,633 chars)
2026-03-02T16:03:07.129191 -    ✅ Indexed: 2026-02-23.md (2,678 chars)
2026-03-02T16:03:25.505895 -    ✅ Indexed: 2026-03-02-0834.md (3,086 chars)
2026-03-02T16:04:58.893371 -    ✅ Indexed: 2026-02-27-repo-status.md (13,238 chars)
2026-03-02T16:06:37.798426 -    ✅ Indexed: MEMORY.md
2026-03-02T16:06:41.868248 -    ✅ Indexed: SOUL.md
2026-03-02T16:07:03.076811 -    ✅ Indexed: USER.md
2026-03-02T16:07:03.077051 - 
📊 Summary: 25 new files indexed
2026-03-02T16:07:03.077096 - 📁 Total indexed: 25 files
2026-03-02T16:07:03.077137 - ============================================================
2026-03-02T16:07:56.546627 - ============================================================
2026-03-02T16:07:56.546716 - 🔄 Vector DB Memory Sync Started
2026-03-02T16:07:56.546766 - ============================================================
2026-03-02T16:08:23.056977 - ✅ Engine initialized: ['zvec', 'pageindex', 'ruvector']
2026-03-02T16:08:23.057478 - 📁 Found 22 memory files
2026-03-02T16:08:23.058190 - 
📊 Summary: 0 new files indexed
2026-03-02T16:08:23.058294 - 📁 Total indexed: 25 files
2026-03-02T16:08:23.058383 - ============================================================
2026-03-04T06:03:10.687251 - ============================================================
2026-03-04T06:03:10.687359 - 🔄 Vector DB Memory Sync Started
2026-03-04T06:03:10.687426 - ============================================================
2026-03-04T09:00:22.034423 - ============================================================
2026-03-04T09:00:22.034501 - 🔄 Vector DB Memory Sync Started
2026-03-04T09:00:22.034547 - ============================================================
2026-03-04T09:00:47.425755 - ✅ Engine initialized: ['zvec', 'pageindex', 'ruvector']
2026-03-04T09:00:47.425993 - 📁 Found 25 memory files
2026-03-04T09:00:51.707504 -    ✅ Indexed: 2026-03-03-DAILY_REVIEW.md (1,306 chars)
2026-03-04T09:01:50.022164 - ============================================================
2026-03-04T09:01:50.022243 - 🔄 Vector DB Memory Sync Started
2026-03-04T09:01:50.022290 - ============================================================
2026-03-04T09:02:14.691629 - ✅ Engine initialized: ['zvec', 'pageindex', 'ruvector']
2026-03-04T09:02:14.691940 - 📁 Found 25 memory files
2026-03-04T09:02:18.769404 -    ✅ Indexed: 2026-03-03-DAILY_REVIEW.md (1,306 chars)
2026-03-04T09:02:54.422842 -    ✅ Indexed: 2026-03-02-2354.md (5,820 chars)
2026-03-04T09:02:58.289500 -    ✅ Indexed: 2026-03-02-DAILY_REVIEW.md (1,306 chars)
2026-03-04T09:02:58.289784 - 
📊 Summary: 3 new files indexed
2026-03-04T09:02:58.289843 - 📁 Total indexed: 28 files
2026-03-04T09:02:58.289900 - ============================================================
2026-03-04T12:01:07.853010 - ============================================================
2026-03-04T12:01:07.853090 - 🔄 Vector DB Memory Sync Started
2026-03-04T12:01:07.853138 - ============================================================
2026-03-04T12:01:32.733250 - ✅ Engine initialized: ['zvec', 'pageindex', 'ruvector']
2026-03-04T12:01:32.733633 - 📁 Found 25 memory files
2026-03-04T12:01:32.734259 - 
📊 Summary: 0 new files indexed
2026-03-04T12:01:32.734393 - 📁 Total indexed: 28 files
2026-03-04T12:01:32.734520 - ============================================================
2026-03-04T12:01:45.369525 - ============================================================
2026-03-04T12:01:45.369605 - 🔄 Vector DB Memory Sync Started
2026-03-04T12:01:45.369653 - ============================================================
2026-03-04T12:02:10.314931 - ✅ Engine initialized: ['zvec', 'pageindex', 'ruvector']
2026-03-04T12:02:10.315173 - 📁 Found 25 memory files
2026-03-04T12:02:10.315475 - 
📊 Summary: 0 new files indexed
2026-03-04T12:02:10.315528 - 📁 Total indexed: 28 files
2026-03-04T12:02:10.315575 - ============================================================
2026-03-04T12:02:13.666648 - ============================================================
2026-03-04T12:02:13.666726 - 🔄 Vector DB Memory Sync Started
2026-03-04T12:02:13.666776 - ============================================================
2026-03-04T12:02:38.945200 - ✅ Engine initialized: ['zvec', 'pageindex', 'ruvector']
2026-03-04T12:02:38.945581 - 📁 Found 25 memory files
2026-03-04T12:02:38.946076 - 
📊 Summary: 0 new files indexed
2026-03-04T12:02:38.946173 - 📁 Total indexed: 28 files
2026-03-04T12:02:38.946258 - ============================================================
2026-03-04T12:02:48.763772 - ============================================================
2026-03-04T12:02:48.763863 - 🔄 Vector DB Memory Sync Started
2026-03-04T12:02:48.763911 - ============================================================
2026-03-04T12:03:09.702527 - ============================================================
2026-03-04T12:03:09.702618 - 🔄 Vector DB Memory Sync Started
2026-03-04T12:03:09.702683 - ============================================================
2026-03-04T12:03:13.306036 - ✅ Engine initialized: ['zvec', 'pageindex', 'ruvector']
2026-03-04T12:03:13.306259 - 📁 Found 25 memory files
2026-03-04T12:03:13.306569 - 
📊 Summary: 0 new files indexed
2026-03-04T12:03:13.306612 - 📁 Total indexed: 28 files
2026-03-04T12:03:13.306656 - ============================================================
2026-03-04T12:03:34.745108 - ✅ Engine initialized: ['zvec', 'pageindex', 'ruvector']
2026-03-04T12:03:34.745617 - 📁 Found 25 memory files
2026-03-04T12:03:34.746328 - 
📊 Summary: 0 new files indexed
2026-03-04T12:03:34.746483 - 📁 Total indexed: 28 files
2026-03-04T12:03:34.746633 - ============================================================
2026-03-07T04:20:21.976292 - ============================================================
2026-03-07T04:20:21.976391 - 🔄 Vector DB Memory Sync Started
2026-03-07T04:20:21.976434 - ============================================================
2026-03-07T04:20:55.169605 - ✅ Engine initialized: ['zvec', 'pageindex', 'ruvector']
2026-03-07T04:20:55.169905 - 📁 Found 52 memory files
2026-03-07T04:21:57.131209 -    ✅ Indexed: 2026-03-06-1500-trading-monitor.md (9,248 chars)
2026-03-07T04:23:30.630616 -    ✅ Indexed: 2026-03-05.md (19,070 chars)
2026-03-07T04:24:03.445359 -    ✅ Indexed: 2026-03-05-1504-trading-monitor.md (5,433 chars)
2026-03-07T04:24:43.410794 -    ✅ Indexed: 2026-03-06-0900-trading-monitor.md (8,649 chars)
2026-03-07T04:25:26.428341 -    ✅ Indexed: 2026-03-05-1803-cashflow-monitor.md (7,323 chars)
2026-03-07T04:25:41.757645 -    ✅ Indexed: 2026-03-05-0902-cashflow-monitor.md (2,974 chars)
2026-03-07T04:25:58.042614 -    ✅ Indexed: 2026-03-05-1200-trading-monitor.md (3,866 chars)
2026-03-07T04:26:09.903936 -    ✅ Indexed: 2026-03-05-0900-trading-monitor.md (2,092 chars)
2026-03-07T04:26:40.701420 -    ✅ Indexed: 2026-03-07-flush.md (6,822 chars)
2026-03-07T04:26:44.760586 -    ✅ Indexed: 2026-03-05-REVIEW.md (616 chars)
2026-03-07T04:27:34.740521 -    ✅ Indexed: 2026-03-06-1800-trading-monitor.md (10,462 chars)
2026-03-07T04:28:15.136245 -    ✅ Indexed: 2026-03-06-1200-trading-monitor.md (8,707 chars)
2026-03-07T04:29:14.527360 -    ✅ Indexed: 2026-03-06-0904-cashflow-monitor.md (10,670 chars)
2026-03-07T04:30:03.542637 -    ✅ Indexed: 2026-03-06-1802-cashflow-monitor.md (9,848 chars)
2026-03-07T04:31:12.384531 -    ✅ Indexed: 2026-03-06-review.md (14,220 chars)
2026-03-07T04:33:34.763621 -    ✅ Indexed: 2026-03-06.md (21,978 chars)
2026-03-07T04:34:52.751326 -    ✅ Indexed: 2026-03-04-media-c-ampaign.md (7,795 chars)
2026-03-07T04:35:31.919615 -    ✅ Indexed: 2026-03-05-tiktok-auth-final-report.md (7,013 chars)
2026-03-07T04:35:44.201859 -    ✅ Indexed: 2026-03-05-tiktok-manual-upload-ready.md (1,850 chars)
2026-03-07T04:35:56.521457 -    ✅ Indexed: 2026-03-05-tiktok-automation-update.md (1,964 chars)
2026-03-07T04:36:00.625395 -    ✅ Indexed: 2026-03-04-hello.md (894 chars)
2026-03-07T04:36:59.380502 -    ✅ Indexed: 2026-03-06-polished-products.md (10,274 chars)
2026-03-07T04:37:45.555539 -    ✅ Indexed: 2026-03-05-tiktok-automation-attempt.md (8,662 chars)
2026-03-07T04:38:25.719469 -    ✅ Indexed: 2026-03-04-0800.md (5,830 chars)
2026-03-07T04:39:02.015834 -    ✅ Indexed: 2026-03-05-1800-trading-monitor.md (7,224 chars)
2026-03-07T04:40:02.466489 -    ✅ Indexed: 2026-03-06-memory-upgrade.md (9,978 chars)
2026-03-07T04:40:18.152339 -    ✅ Indexed: 2026-03-04.md (3,003 chars)
2026-03-07T04:40:18.152642 - 
📊 Summary: 27 new files indexed
2026-03-07T04:40:18.152693 - 📁 Total indexed: 55 files
2026-03-07T04:40:18.152736 - ============================================================
2026-03-07T04:41:01.022273 - ============================================================
2026-03-07T04:41:01.022358 - 🔄 Vector DB Memory Sync Started
2026-03-07T04:41:01.022401 - ============================================================
2026-03-07T04:41:27.131511 - ✅ Engine initialized: ['zvec', 'pageindex', 'ruvector']
2026-03-07T04:41:27.131832 - 📁 Found 52 memory files
2026-03-07T04:41:27.132342 - 
📊 Summary: 0 new files indexed
2026-03-07T04:41:27.132443 - 📁 Total indexed: 55 files
2026-03-07T04:41:27.132539 - ============================================================
2026-03-12T15:00:52.510513 - ============================================================
2026-03-12T15:00:52.510594 - 🔄 Vector DB Memory Sync Started
2026-03-12T15:00:52.510640 - ============================================================
2026-03-12T15:01:17.153846 - ✅ Engine initialized: ['zvec', 'pageindex', 'ruvector']
2026-03-12T15:01:17.154306 - 📁 Found 91 memory files
2026-03-12T15:01:33.246202 -    ✅ Indexed: 2026-03-07-1200-trading-alert-summary.md (1,373 chars)
2026-03-12T15:02:26.855630 -    ✅ Indexed: 2026-03-11-lynk-login.md (6,248 chars)
2026-03-12T15:04:51.780515 -    ✅ Indexed: 2026-03-11-1651.md (20,178 chars)
2026-03-12T15:04:57.364203 -    ✅ Indexed: 2026-03-07-1800-trading-monitor.md (1,651 chars)
2026-03-12T15:05:42.250182 -    ✅ Indexed: 2026-03-12-browser-usage.md (6,478 chars)
2026-03-12T15:05:58.351832 -    ✅ Indexed: bulk-skill-learning-operation-2026-03-10.md (3,227 chars)
2026-03-12T15:06:12.266775 -    ✅ Indexed: 2026-03-10-heartbeat-0452.md (2,384 chars)
2026-03-12T15:06:36.545679 -    ✅ Indexed: 2026-03-10-flush.md (6,553 chars)
2026-03-12T15:07:10.386736 -    ✅ Indexed: 2026-03-08-1803-evening-monitor.md (9,705 chars)
2026-03-12T15:07:37.383038 -    ✅ Indexed: 2026-03-07-1200-trading-monitor.md (7,686 chars)
2026-03-12T15:07:58.585352 -    ✅ Indexed: 2026-03-08-0908-cashflow-monitor.md (4,758 chars)
2026-03-12T15:08:26.101983 -    ✅ Indexed: 2026-03-08-flush.md (8,373 chars)
2026-03-12T15:12:24.509901 -    ✅ Indexed: 2026-03-10.md (50,941 chars)
2026-03-12T15:13:43.829169 -    ✅ Indexed: 2026-03-11-1941.md (7,833 chars)
2026-03-12T15:13:54.240167 -    ✅ Indexed: 2026-03-07-day4.md (2,122 chars)
2026-03-12T15:15:04.512810 -    ✅ Indexed: 2026-03-08-daily-self-review.md (21,837 chars)
2026-03-12T15:15:30.369303 -    ✅ Indexed: 2026-03-07.md (7,200 chars)
2026-03-12T15:15:57.851220 -    ✅ Indexed: lynk_skill_enhancement.md (7,469 chars)
2026-03-12T15:16:09.197816 -    ✅ Indexed: 2026-03-08-1200-trading-monitor.md (3,698 chars)
2026-03-12T15:16:19.880218 -    ✅ Indexed: 2026-03-08-0900-trading-monitor.md (2,668 chars)
2026-03-12T15:17:44.369929 -    ✅ Indexed: 2026-03-11-daily-review.md (21,671 chars)
2026-03-12T15:18:05.340693 -    ✅ Indexed: lynk_verification_complete.md (5,022 chars)
2026-03-12T15:20:48.506441 -    ✅ Indexed: 2026-03-09.md (48,011 chars)
2026-03-12T15:21:32.947614 -    ✅ Indexed: 2026-03-11-1954.md (6,087 chars)
2026-03-12T15:22:00.342312 -    ✅ Indexed: 2026-03-07-crisis-update.md (6,548 chars)
2026-03-12T15:22:41.227655 -    ✅ Indexed: 2026-03-07-affiliate-automation.md (9,383 chars)
2026-03-12T15:23:00.636277 -    ✅ Indexed: 2026-03-08-1500-trading-monitor.md (4,175 chars)
2026-03-12T15:23:05.765281 -    ✅ Indexed: 2026-03-07-1500-trading-monitor-check.md (1,550 chars)
2026-03-12T15:24:05.945245 -    ✅ Indexed: 2026-03-11-real-work.md (14,316 chars)
2026-03-12T15:27:02.752712 -    ✅ Indexed: 2026-03-08.md (45,278 chars)
2026-03-12T15:28:49.910601 -    ✅ Indexed: 2026-03-09-image-check.md (12,169 chars)
2026-03-12T15:29:35.381014 -    ✅ Indexed: 2026-03-12-skill-test.md (6,048 chars)
2026-03-12T15:30:12.474045 -    ✅ Indexed: INDEX.md (6,883 chars)
2026-03-12T15:31:18.778029 -    ✅ Indexed: 2026-03-11-2000.md (7,648 chars)
2026-03-12T15:31:42.058191 -    ✅ Indexed: 2026-03-11-2029.md (4,947 chars)
2026-03-12T15:34:21.139024 -    ✅ Indexed: 2026-03-11.md (39,401 chars)
2026-03-12T15:41:44.116701 -    ✅ Indexed: 2026-03-12.md (53,127 chars)
2026-03-12T15:42:13.083212 -    ✅ Indexed: 2026-03-11-REVIEW.md (7,736 chars)
2026-03-12T15:42:34.698773 -    ✅ Indexed: lynk_product_verification.md (4,430 chars)
2026-03-12T15:42:34.699120 - 
📊 Summary: 39 new files indexed
2026-03-12T15:42:34.699166 - 📁 Total indexed: 94 files
2026-03-12T15:42:34.699221 - ============================================================
