2026-02-25 14:52:22 [INFO] BerkahKarya Automated Trader started | balance=$1000.0 | broker=paper | mode=paper
2026-02-25 14:52:22 [INFO] Strategy: XAUUSD Asia 7-Candle Breakout | Session: 07:00-15:00 WIB | Risk: 1.0%/trade
2026-02-25 14:52:22 [INFO] Initializing SimulatedBroker (paper trading with yfinance)
2026-02-25 14:52:22 [INFO] === New trading day: 2026-02-25 ===
2026-02-25 14:52:23 [INFO] [DRY-RUN] BUYSTOP XAUUSD @ 5075.2998046875 SL=4983.60009765625 TP=5258.69921875
2026-02-25 14:52:23 [INFO] [DRY-RUN] SELLSTOP XAUUSD @ 4983.10009765625 SL=5074.7998046875 TP=4799.70068359375
2026-02-25 14:52:23 [INFO] Signal placed: Range=91.20pts | HH=5074.80 LL=4983.60
2026-02-25 14:52:23 [INFO] --once flag set, exiting after single loop
2026-02-25 14:52:23 [INFO] Automated trader stopped
2026-02-25 14:58:47 [INFO] BerkahKarya Automated Trader started | balance=$1000.0 | broker=paper | mode=paper
2026-02-25 14:58:47 [INFO] Strategy: XAUUSD Asia 7-Candle Breakout | Session: 07:00-15:00 WIB | Risk: 1.0%/trade
2026-02-25 14:58:47 [INFO] Initializing SimulatedBroker (paper trading with yfinance)
2026-02-25 14:58:47 [INFO] === New trading day: 2026-02-25 ===
2026-02-25 14:58:47 [INFO] Automated trader stopped
2026-02-25 15:01:50 [INFO] BerkahKarya Automated Trader | broker=paper | mode=paper | balance=$1,000.00 | dry_run=True
2026-02-25 15:01:50 [INFO] Strategy: XAUUSD Asia 7-Candle Breakout | Risk=1%/trade | RR=1:2.0
2026-02-25 15:01:50 [INFO] Initializing SimulatedBroker (paper trading)
2026-02-25 15:01:50 [INFO] Account: login=0 balance=$10000.00 equity=$10000.00
2026-02-25 15:01:50 [INFO] --once flag set, exiting after single poll
2026-02-25 15:01:50 [INFO] Automated trader stopped
2026-02-25 15:03:19 [INFO] [DRY-RUN] BUY_STOP XAUUSD lot=0.01 @ 2390.50  SL=2380.50  TP=2410.50
2026-02-25 15:03:19 [INFO] [DRY-RUN] SELL_STOP XAUUSD lot=0.01 @ 2379.50  SL=2389.50  TP=2359.50
