[SIMULATION LOG - 2026-02-28 22:30 GMT+7]

Status Check:
- Gmail CLI (gog): Auth status check timed out/failed. Assuming not authenticated.
- Data Source: output/market_research/sellers_with_emails.json found, but all 'email' fields are null.

Action: Simulation only. No real emails sent.

Simulated Sending Process:
1.  [SKIPPED] DecorHome Official (ID: 1) - Reason: No email address found.
    - Template: output/market_research/cold_emails/1_DecorHome_Official_direct.txt
2.  [SKIPPED] LightingPro (ID: 2) - Reason: No email address found.
    - Template: output/market_research/cold_emails/2_LightingPro_direct.txt
3.  [SKIPPED] GreenLife Store (ID: 3) - Reason: No email address found.
    - Template: output/market_research/cold_emails/3_GreenLife_Store_direct.txt
4.  [SKIPPED] HomeFix Indonesia (ID: 4) - Reason: No email address found.
    - Template: output/market_research/cold_emails/4_HomeFix_Indonesia_direct.txt
5.  [SKIPPED] TechDecor Official (ID: 5) - Reason: No email address found.
    - Template: output/market_research/cold_emails/5_TechDecor_Official_direct.txt
6.  [SKIPPED] WindowDecor (ID: 6) - Reason: No email address found.
    - Template: output/market_research/cold_emails/6_WindowDecor_direct.txt
7.  [SKIPPED] ArtLiving Official (ID: 7) - Reason: No email address found.
    - Template: output/market_research/cold_emails/7_ArtLiving_Official_direct.txt
8.  [SKIPPED] OrganizePro (ID: 8) - Reason: No email address found.
    - Template: output/market_research/cold_emails/8_OrganizePro_direct.txt
9.  [SKIPPED] KitchenEssential (ID: 9) - Reason: No email address found.
    - Template: output/market_research/cold_emails/9_KitchenEssential_direct.txt
10. [SKIPPED] MirrorMaster (ID: 10) - Reason: No email address found.
    - Template: output/market_research/cold_emails/10_MirrorMaster_direct.txt

Summary:
- Total Leads: 10
- Emails Sent: 0
- Skipped (No Email): 10
- Errors: 0

Next Steps Required:
1.  Obtain email addresses for the leads (e.g., via manual search or scraping).
2.  Authenticate 'gog' CLI with `gog auth add you@gmail.com`.
3.  Re-run sending process.
