[Tue Mar 17 08:00:01 PM WIB 2026] --- STARTING AUTONOMOUS LOOP ---
[Tue Mar 17 08:00:01 PM WIB 2026] step 1: collecting business state...
Fetching PostBridge Analytics...
Checking BCA Balance (calling bca_balance_v2.py)...
Checking System Health...
State saved to state.json
[Tue Mar 17 08:00:03 PM WIB 2026] step 2: assessing kingdom health...
🚀 JENDRALBOT CONTENT GENERATOR V2
================================================================================
✅ Plan exported to: jendralbot_content_plan.json

================================================================================
📊 JENDRALBOT CONTENT PLAN SUMMARY
================================================================================
Total Content: 84 items

By Product:
  • Starter AI Content        -  14 content
  • Studio Marketplace Pro    -  14 content
  • Mesin Cetak Kuliner       -  14 content
  • AI Content Pro            -  14 content
  • Guru Pintar AI            -  14 content
  • Belanja Duit Balik        -  14 content

By Platform:
  • TIKTOK          -  42 content
  • INSTAGRAM       -  42 content
================================================================================

================================================================================
📋 SAMPLE CONTENT (First 3 items)
================================================================================

1. 2026-03-17 - TIKTOK - Starter AI Content
────────────────────────────────────────────────────────────────────────────────
HOOK: Konten creator miskin itu yang ngerjain semuanya manual. Konten creator kaya itu yang pake sistem.
PROBLEM: Problem: Tidak ide tulisan

Ini bikin kamu frustrasi kan?
SOLUTION: Solusinya: Starter AI Content

Harga terjangkau
RESULT: Dulu manual, sekarang otomatis

Coba 1 fitur, suka lanjut
CTA: 💡 Link di bio atau comment 'MAU'

https://lynk.id/jendralbot/xlymwzj2jylv
HASHTAGS: #AIcontent #contentcreation #starter #AIindonesia #belajarAI


2. 2026-03-17 - INSTAGRAM - Starter AI Content
────────────────────────────────────────────────────────────────────────────────
SLIDES:
  [1] Slide 1: 🚨 Problem? Tidak ide tulisan

Kamu alamin ini?
  [2] Slide 2: 💡 Solusi: Starter AI Content

Mudah dipakai, Harga terjangkau, Upgrade-ready
  [3] Slide 3: 🔥 Hasil: Dulu ribet, sekarang satu klik

https://lynk.id/jendralbot/xlymwzj2jylv
  [4] Slide 4: ⭐ Testimoni:

"Saya hemat 80% waktu bikin konten. Sangat recommended!" - Dian, Entrepreneur
  [5] Slide 5: 🎯 CTA: Tap link di bio!

Starter AI Content - Rp 75,000
CAPTION: Starter AI Content - Entry Level

Slide 1: 🚨 Problem? Tidak ide tulisan

Kamu alamin ini?

Slide 2: 💡 Solusi: Starter AI Content

Mudah dipakai, Harga terjangkau, Upgrade-ready

Slide 3: 🔥 Hasil: Dulu ribet, sekarang satu klik

https://lynk.id/jendralbot/xlymwzj2jylv

Slide 4: ⭐ Testimoni:

"Saya hemat 80% waktu bikin konten. Sangat recommended!" - Dian, Entrepreneur

Slide 5: 🎯 CTA: Tap link di bio!

Starter AI Content - Rp 75,000

#AIcontent #contentcreation #starter #AIindonesia #belajarAI
HASHTAGS: #AIcontent #contentcreation #starter #AIindonesia #belajarAI


3. 2026-03-17 - TIKTOK - Studio Marketplace Pro
────────────────────────────────────────────────────────────────────────────────
HOOK: Belajar AI gak harus kursus jutaan, ada cara gratis buat jadi orang terpinter di tongkrongan.
PROBLEM: Problem: Foto produk jelek

Ini bikin kamu frustrasi kan?
SOLUTION: Solusinya: Studio Marketplace Pro

Jaminan kualitas
RESULT: Dulu mahal, sekarang terjangkau

Coba 1 fitur, suka lanjut
CTA: 💡 Link di bio atau comment 'MAU'

https://lynk.id/jendralbot/emne05mm7v25
HASHTAGS: #ecommerce #onlinestore #productphoto #marketplace #AIbusiness

================================================================================
✅ DONE! Check jendralbot_content_plan.json
================================================================================

[================================================================================]
Disk Cleanup Automation - 2026-03-17 20:00:03
[================================================================================]

MODE: EXECUTE - Making changes

================================================================================
EXECUTING CLEANUP
================================================================================

Deleted: /home/openclaw/.openclaw/workspace/scripts/__pycache__/telegram_raw_api.cpython-313.pyc (0.0 MB)

Cleaning Python cache...
Python cache cleaned

Cleanup complete. Checking new disk status...
New free space: 8.9G (92% used)
✅ Issue created: 7ec8a4ec...
   Title: 🆘 CRITICAL: Kingdom views too low (3288). TRIGGERING CONTENT REGENERATION.
   Priority: high
✅ Issue created: 686f3ee7...
   Title: 🚨 ALERT: Disk space critical (91.94%). TRIGGERING CLEANUP.
   Priority: high
Executing Mitigation for Low Traffic: python3 scripts/jendralbot_content_generator.py
Executing Mitigation for Critical Disk: python3 scripts/disk_cleanup_automation.py --execute
Syncing directives to Paperclip...
Directive generated: 2 items.
[Tue Mar 17 08:00:05 PM WIB 2026] step 3: syncing with Paperclip...
📊 Fetching PostBridge analytics...
  Sync triggered: 3 platforms
  ✅ Analytics report written to both systems
  📊 Views: 2904 | Likes: 34 | Comments: 0
  ⚠️ 20 post errors documented
[Tue Mar 17 08:00:08 PM WIB 2026] NEW DIRECTIVE DETECTED:
# 🚩 AUTO-DIRECTIVE — 2026-03-17 20:00

Detected vitality issues. Orchestrate these actions immediately:

- 🆘 CRITICAL: Kingdom views too low (3288). TRIGGERING CONTENT REGENERATION.
- 🚨 ALERT: Disk space critical (91.94%). TRIGGERING CLEANUP.
[Tue Mar 17 08:00:08 PM WIB 2026] --- LOOP COMPLETE ---
