[2026-03-08 11:00:01] === JENDRALBOT AUTOMATION SCHEDULER STARTED ===
[2026-03-08 11:00:01] Rate limit recovery detected. Waiting 24 hours...
[2026-03-09 11:00:01] Starting Instagram uploads...
[2026-03-09 11:00:01] Instagram batch 1 (10 posts each)...
[2026-03-09 11:05:02] Instagram batch 2 (10 posts each)...
[2026-03-09 11:10:02] Instagram batch 3 (10 posts each)...
[2026-03-09 11:15:02] Instagram batch 4 (10 posts each)...
[2026-03-09 11:20:02] Instagram batch 5 (10 posts each)...
[2026-03-09 11:25:02] Instagram uploads complete. Waiting 1 hour...
[2026-03-09 12:25:02] Instagram batch 6 (10 posts each)...
[2026-03-09 12:30:02] Instagram batch 7 (10 posts each)...
[2026-03-09 12:35:03] Instagram batch 8 (10 posts each)...
[2026-03-09 12:40:03] Instagram batch 9 (10 posts each)...
[2026-03-09 12:45:03] Instagram batch 10 (10 posts each)...
[2026-03-09 12:50:03] Instagram batch 11 (10 posts each)...
[2026-03-09 12:55:03] Instagram batch 12 (10 posts each)...
[2026-03-09 13:00:03] Instagram batch 13 (10 posts each)...
[2026-03-09 13:05:04] Instagram batch 14 (10 posts each)...
[2026-03-09 13:10:04] Instagram batch 15 (10 posts each)...
[2026-03-09 13:15:04] Instagram phase complete!
[2026-03-09 13:15:04] Waiting 1 hour before Facebook phase...
[2026-03-09 14:15:04] Starting Facebook uploads...
[2026-03-09 14:15:04] Facebook batch 1 (10 posts each)...
[2026-03-09 14:20:04] Facebook batch 2 (10 posts each)...
[2026-03-09 14:25:04] Facebook batch 3 (10 posts each)...
[2026-03-09 14:30:04] Facebook batch 4 (10 posts each)...
[2026-03-09 14:35:05] Facebook batch 5 (10 posts each)...
[2026-03-09 14:40:05] Facebook batch 6 (10 posts each)...
[2026-03-09 14:45:05] Facebook batch 7 (10 posts each)...
[2026-03-09 14:50:05] Facebook batch 8 (10 posts each)...
[2026-03-09 14:55:05] Facebook batch 9 (10 posts each)...
[2026-03-09 15:00:05] Facebook batch 10 (10 posts each)...
[2026-03-09 15:05:06] Facebook batch 11 (10 posts each)...
[2026-03-09 15:10:06] Facebook batch 12 (10 posts each)...
[2026-03-09 15:15:06] Facebook batch 13 (10 posts each)...
[2026-03-09 15:20:06] Facebook batch 14 (10 posts each)...
[2026-03-09 15:25:06] Facebook batch 15 (10 posts each)...
[2026-03-09 15:30:06] Facebook batch 16 (10 posts each)...
[2026-03-09 15:35:07] Facebook uploads complete!
[2026-03-09 15:35:07] === ALL AUTOMATION TASKS COMPLETE ===
[2026-03-09 15:35:07] JENDRALBOT automation complete. Check LYNK dashboard for revenue.
