======================================================================
Cashflow Monitoring - 2026-03-09 09:00:02
======================================================================

Status: NEVER
Last Track: Never
Message: NEVER TRACKED

🚨 ALERT GENERATED

📊 CASHFLOW TRACKING ALERT

Status: EMERGENCY
NEVER TRACKED


🆘 EMERGENCY: CRITICAL cashflow blindness

Never tracked for 0h

💥 Business operating BLIND - making decisions without runway data
💥 40%+ strategic decisions may be WRONG
💥 Bankruptcy risk UNKNOWN (could be imminent)

🚨 CRITICAL ACTION REQUIRED NOW:
1. DROP EVERYTHING
2. Check ALL bank balances
3. Calculate runway (weeks to $0)
4. Document: /home/openclaw/.openclaw/workspace/cashflow/
5. NO DECISIONS until cashflow recorded

This is survival priority.

Alert saved: /home/openclaw/.openclaw/workspace/temp/cashflow_alert.txt
======================================================================
======================================================================
Cashflow Monitoring - 2026-03-10 09:00:01
======================================================================

Status: OK
Last Track: 8.0h ago
Message: Tracked 8.0h ago

✅ Cashflow tracking up to date
======================================================================
======================================================================
Cashflow Monitoring - 2026-03-12 09:00:01
======================================================================

Status: OK
Last Track: 14.9h ago
Message: Tracked 14.9h ago

✅ Cashflow tracking up to date
======================================================================
======================================================================
Cashflow Monitoring - 2026-03-13 09:00:01
======================================================================

Status: OK
Last Track: 14.9h ago
Message: Tracked 14.9h ago

✅ Cashflow tracking up to date
======================================================================
======================================================================
Cashflow Monitoring - 2026-03-14 09:00:01
======================================================================

Status: OK
Last Track: 24.0h ago
Message: Tracked 24.0h ago

✅ Cashflow tracking up to date
======================================================================
2026-03-14T15:18:55+07:00 | BCA 1131323722 | Tabungan | IDR 0.37
