✅ Hand[CLIP]: Starting...
✅ Hand[CLIP]: Starting...
✅ Hand[CLIP]: Complete
✅ Hand[CLIP]: Starting...
✅ Hand[CLIP]: Complete
✅ Hand[CLIP]: Starting...
✅ Hand[CLIP]: Complete
✅ Hand[CLIP]: Starting...
✅ Hand[CLIP]: Complete
✅ Hand[CLIP]: Starting...
✅ Hand[CLIP]: Complete
✅ Hand[CLIP]: Starting...
✅ Hand[CLIP]: Complete
✅ Hand[CLIP]: Starting...
✅ Hand[CLIP]: Complete
✅ Hand[CLIP]: Starting...
✅ Hand[CLIP]: Complete
✅ Hand[CLIP]: Starting...
✅ Hand[CLIP]: Complete
✅ Hand[CLIP]: Starting...
✅ Hand[CLIP]: Complete
✅ Hand[CLIP]: Starting...
✅ Hand[CLIP]: Complete
✅ Hand[CLIP]: Starting...
✅ Hand[CLIP]: Complete
✅ Hand[CLIP]: Starting...
✅ Hand[CLIP]: Complete
✅ Hand[CLIP]: Starting...
✅ Hand[CLIP]: Complete
✅ Hand[CLIP]: Starting...
✅ Hand[CLIP]: Complete
✅ Hand[CLIP]: Starting...
✅ Hand[CLIP]: Complete
✅ Hand[CLIP]: Starting...
✅ Hand[CLIP]: Complete
✅ Hand[CLIP]: Starting...
✅ Hand[CLIP]: Complete
✅ Hand[CLIP]: Starting...
✅ Hand[CLIP]: Complete
✅ Hand[CLIP]: Starting...
✅ Hand[CLIP]: Complete
✅ Hand[CLIP]: Starting...
✅ Hand[CLIP]: Complete
✅ Hand[CLIP]: Starting...
✅ Hand[CLIP]: Complete
✅ Hand[CLIP]: Starting...
✅ Hand[CLIP]: Complete
✅ Hand[CLIP]: Starting...
✅ Hand[CLIP]: Complete
✅ Hand[CLIP]: Starting...
✅ Hand[CLIP]: Complete
✅ Hand[CLIP]: Starting...
✅ Hand[CLIP]: Complete
✅ Hand[CLIP]: Starting...
✅ Hand[CLIP]: Complete
✅ Hand[CLIP]: Starting...
✅ Hand[CLIP]: Complete
✅ Hand[CLIP]: Starting...
✅ Hand[CLIP]: Complete
✅ Hand[CLIP]: Starting...
✅ Hand[CLIP]: Complete
✅ Hand[CLIP]: Starting...
✅ Hand[CLIP]: Complete
✅ Hand[CLIP]: Starting...
✅ Hand[CLIP]: Complete
✅ Hand[CLIP]: Starting...
✅ Hand[CLIP]: Complete
✅ Hand[CLIP]: Starting...
✅ Hand[CLIP]: Complete
✅ Hand[CLIP]: Starting...
✅ Hand[CLIP]: Complete
<<<<<<< Updated upstream
✅ Hand[CLIP]: Starting...
✅ Hand[CLIP]: Complete
✅ Hand[CLIP]: Starting...
✅ Hand[CLIP]: Complete
✅ Hand[CLIP]: Starting...
✅ Hand[CLIP]: Complete
✅ Hand[CLIP]: Starting...
✅ Hand[CLIP]: Complete
✅ Hand[CLIP]: Starting...
✅ Hand[CLIP]: Complete
=======
>>>>>>> Stashed changes
✅ Hand[CLIP]: Starting...
✅ Hand[CLIP]: Complete
