✅ Hand[COLLECTOR]: Starting...
✅ Hand[COLLECTOR]: Complete
✅ Hand[COLLECTOR]: Starting...
✅ Hand[COLLECTOR]: Complete
✅ Hand[COLLECTOR]: Starting...
✅ Hand[COLLECTOR]: Complete
✅ Hand[COLLECTOR]: Starting...
✅ Hand[COLLECTOR]: Complete
✅ Hand[COLLECTOR]: Starting...
✅ Hand[COLLECTOR]: Complete
✅ Hand[COLLECTOR]: Starting...
✅ Hand[COLLECTOR]: Complete
✅ Hand[COLLECTOR]: Starting...
✅ Hand[COLLECTOR]: Complete
✅ Hand[COLLECTOR]: Starting...
✅ Hand[COLLECTOR]: Complete
✅ Hand[COLLECTOR]: Starting...
✅ Hand[COLLECTOR]: Complete
✅ Hand[COLLECTOR]: Starting...
✅ Hand[COLLECTOR]: Complete
✅ Hand[COLLECTOR]: Starting...
✅ Hand[COLLECTOR]: Complete
✅ Hand[COLLECTOR]: Starting...
✅ Hand[COLLECTOR]: Complete
✅ Hand[COLLECTOR]: Starting...
✅ Hand[COLLECTOR]: Complete
✅ Hand[COLLECTOR]: Starting...
✅ Hand[COLLECTOR]: Complete
✅ Hand[COLLECTOR]: Starting...
✅ Hand[COLLECTOR]: Complete
✅ Hand[COLLECTOR]: Starting...
✅ Hand[COLLECTOR]: Complete
✅ Hand[COLLECTOR]: Starting...
✅ Hand[COLLECTOR]: Complete
✅ Hand[COLLECTOR]: Starting...
✅ Hand[COLLECTOR]: Complete
✅ Hand[COLLECTOR]: Starting...
✅ Hand[COLLECTOR]: Complete
✅ Hand[COLLECTOR]: Starting...
✅ Hand[COLLECTOR]: Complete
✅ Hand[COLLECTOR]: Starting...
✅ Hand[COLLECTOR]: Complete
✅ Hand[COLLECTOR]: Starting...
✅ Hand[COLLECTOR]: Complete
✅ Hand[COLLECTOR]: Starting...
✅ Hand[COLLECTOR]: Complete
✅ Hand[COLLECTOR]: Starting...
✅ Hand[COLLECTOR]: Complete
<<<<<<< Updated upstream
✅ Hand[COLLECTOR]: Starting...
✅ Hand[COLLECTOR]: Complete
✅ Hand[COLLECTOR]: Starting...
✅ Hand[COLLECTOR]: Complete
✅ Hand[COLLECTOR]: Starting...
✅ Hand[COLLECTOR]: Complete
✅ Hand[COLLECTOR]: Starting...
✅ Hand[COLLECTOR]: Complete
=======
>>>>>>> Stashed changes
