🧹 Memory Compaction System
==================================================
Old sections: 0
Actions taken: 0

✅ Compaction complete!
🧹 Memory Compaction System
==================================================
Old sections: 0
Actions taken: 0

✅ Compaction complete!
🧹 Memory Compaction System
==================================================
Old sections: 0
Actions taken: 0

✅ Compaction complete!
🧹 Memory Compaction System
==================================================
Old sections: 0
Actions taken: 0

✅ Compaction complete!
🧹 Memory Compaction System
==================================================
Old sections: 0
Actions taken: 0

✅ Compaction complete!
