2026-03-13T18:38:34.060119 | posts=4/4 | accts=83
2026-03-13T19:00:38.992989 | posts=5/5 | accts=55
[19:00] Creating 5 posts for 55 accounts
  Created: 5/5
2026-03-13T19:49:09.323449 | posts=3/3 | accts=55 | aligned=YES
2026-03-14T07:00:01.984388 | posts=4/4 | accts=55 | aligned=YES
[07:00] Creating 4 ALIGNED posts for 55 accounts
  ✅ Food Menu AI Studio: 1 media, 55 accounts
  ✅ Belanja Duit Balik: 1 media, 55 accounts
  ✅ Kelas Affiliate TikTok: 1 media, 55 accounts
  ✅ Mesin Cetak Bisnis Kuliner: 1 media, 55 accounts

  Created: 4/4 | Total lifetime: 7
2026-03-14T12:00:02.372181 | posts=5/5 | accts=55 | aligned=YES
[12:00] Creating 5 ALIGNED posts for 55 accounts
  ✅ Guru Pintar AI: 1 media, 55 accounts
  ✅ SellPix AI: 1 media, 55 accounts
  ✅ AI Ad Engine: 1 media, 55 accounts
  ✅ JobMagnet AI: 1 media, 55 accounts
  ✅ Food Menu AI Studio: 1 media, 55 accounts

  Created: 5/5 | Total lifetime: 12
2026-03-14T15:00:02.328796 | posts=4/4 | accts=55 | aligned=YES
[15:00] Creating 4 ALIGNED posts for 55 accounts
  ✅ Kelas Affiliate TikTok: 1 media, 55 accounts
  ✅ Belanja Duit Balik: 1 media, 55 accounts
  ✅ Mesin Cetak Bisnis Kuliner: 1 media, 55 accounts
  ✅ Guru Pintar AI: 1 media, 55 accounts

  Created: 4/4 | Total lifetime: 16
2026-03-14T15:23:37+07:00 | 8 posts created with CORRECT prices | 2 FREE + 6 Flash Sale IDR 75K | ~440 deliveries
