[2026-03-14 01:13:30] ==================================================
[2026-03-14 01:13:30] Full Auto Engine — Run #1 @ 01:13 WIB
[2026-03-14 01:13:30] ==================================================
[2026-03-14 01:13:31] PostBridge: 20/20 success (100%)
[2026-03-14 01:13:31] System: Disk 83%, Free 12GB
[2026-03-14 01:13:31] Gumroad: Master Trading Journal - XAUUSD & Forex  | $9.00 | 0 sales
[2026-03-14 01:13:31] Done. Next run in 1 hour.

[2026-03-14 02:00:01] ==================================================
[2026-03-14 02:00:01] Full Auto Engine — Run #2 @ 02:00 WIB
[2026-03-14 02:00:01] ==================================================
[2026-03-14 02:00:02] PostBridge: 16/20 success (80%)
[2026-03-14 02:00:02] System: Disk 83%, Free 12GB
[2026-03-14 02:00:02] Gumroad: Master Trading Journal - XAUUSD & Forex  | $9.00 | 0 sales
[2026-03-14 02:00:02] Done. Next run in 1 hour.

[2026-03-14 02:00:01] ==================================================
[2026-03-14 02:00:01] Full Auto Engine — Run #2 @ 02:00 WIB
[2026-03-14 02:00:01] ==================================================
[2026-03-14 02:00:02] PostBridge: 16/20 success (80%)
[2026-03-14 02:00:02] System: Disk 83%, Free 12GB
[2026-03-14 02:00:02] Gumroad: Master Trading Journal - XAUUSD & Forex  | $9.00 | 0 sales
[2026-03-14 02:00:02] Done. Next run in 1 hour.

[2026-03-14 03:00:01] ==================================================
[2026-03-14 03:00:01] Full Auto Engine — Run #3 @ 03:00 WIB
[2026-03-14 03:00:01] ==================================================
[2026-03-14 03:00:02] PostBridge: 10/20 success (50%)
[2026-03-14 03:00:02] System: Disk 83%, Free 12GB
[2026-03-14 03:00:02] Gumroad: Master Trading Journal - XAUUSD & Forex  | $9.00 | 0 sales
[2026-03-14 03:00:03] Done. Next run in 1 hour.

[2026-03-14 03:00:01] ==================================================
[2026-03-14 03:00:01] Full Auto Engine — Run #3 @ 03:00 WIB
[2026-03-14 03:00:01] ==================================================
[2026-03-14 03:00:02] PostBridge: 10/20 success (50%)
[2026-03-14 03:00:02] System: Disk 83%, Free 12GB
[2026-03-14 03:00:02] Gumroad: Master Trading Journal - XAUUSD & Forex  | $9.00 | 0 sales
[2026-03-14 03:00:03] Done. Next run in 1 hour.

[2026-03-14 04:00:01] ==================================================
[2026-03-14 04:00:01] Full Auto Engine — Run #4 @ 04:00 WIB
[2026-03-14 04:00:01] ==================================================
[2026-03-14 04:00:02] PostBridge: 13/20 success (65%)
[2026-03-14 04:00:02] System: Disk 85%, Free 10GB
[2026-03-14 04:00:02] Gumroad: Master Trading Journal - XAUUSD & Forex  | $9.00 | 0 sales
[2026-03-14 04:00:02] Done. Next run in 1 hour.

[2026-03-14 04:00:01] ==================================================
[2026-03-14 04:00:01] Full Auto Engine — Run #4 @ 04:00 WIB
[2026-03-14 04:00:01] ==================================================
[2026-03-14 04:00:02] PostBridge: 13/20 success (65%)
[2026-03-14 04:00:02] System: Disk 85%, Free 10GB
[2026-03-14 04:00:02] Gumroad: Master Trading Journal - XAUUSD & Forex  | $9.00 | 0 sales
[2026-03-14 04:00:02] Done. Next run in 1 hour.

[2026-03-14 05:00:01] ==================================================
[2026-03-14 05:00:01] Full Auto Engine — Run #5 @ 05:00 WIB
[2026-03-14 05:00:01] ==================================================
[2026-03-14 05:00:02] PostBridge: 16/20 success (80%)
[2026-03-14 05:00:02] System: Disk 82%, Free 13GB
[2026-03-14 05:00:02] Gumroad: Master Trading Journal - XAUUSD & Forex  | $9.00 | 0 sales
[2026-03-14 05:00:02] Done. Next run in 1 hour.

[2026-03-14 05:00:01] ==================================================
[2026-03-14 05:00:01] Full Auto Engine — Run #5 @ 05:00 WIB
[2026-03-14 05:00:01] ==================================================
[2026-03-14 05:00:02] PostBridge: 16/20 success (80%)
[2026-03-14 05:00:02] System: Disk 82%, Free 13GB
[2026-03-14 05:00:02] Gumroad: Master Trading Journal - XAUUSD & Forex  | $9.00 | 0 sales
[2026-03-14 05:00:02] Done. Next run in 1 hour.

[2026-03-14 06:00:01] ==================================================
[2026-03-14 06:00:01] Full Auto Engine — Run #6 @ 06:00 WIB
[2026-03-14 06:00:01] ==================================================
[2026-03-14 06:00:02] PostBridge: 20/20 success (100%)
[2026-03-14 06:00:02] System: Disk 82%, Free 13GB
[2026-03-14 06:00:02] X: ❌ [Errno 2] No such file or directory: 'xurl'
[2026-03-14 06:00:02] Gumroad: Master Trading Journal - XAUUSD & Forex  | $9.00 | 0 sales
[2026-03-14 06:00:02] Done. Next run in 1 hour.

[2026-03-14 06:00:01] ==================================================
[2026-03-14 06:00:01] Full Auto Engine — Run #6 @ 06:00 WIB
[2026-03-14 06:00:01] ==================================================
[2026-03-14 06:00:02] PostBridge: 20/20 success (100%)
[2026-03-14 06:00:02] System: Disk 82%, Free 13GB
[2026-03-14 06:00:02] X: ❌ [Errno 2] No such file or directory: 'xurl'
[2026-03-14 06:00:02] Gumroad: Master Trading Journal - XAUUSD & Forex  | $9.00 | 0 sales
[2026-03-14 06:00:02] Done. Next run in 1 hour.

[2026-03-14 07:00:01] ==================================================
[2026-03-14 07:00:01] Full Auto Engine — Run #7 @ 07:00 WIB
[2026-03-14 07:00:01] ==================================================
[2026-03-14 07:00:02] PostBridge: 11/20 success (55%)
[2026-03-14 07:00:02] System: Disk 82%, Free 13GB
[2026-03-14 07:00:02] X: ❌ Error: unknown flag: --text
Usage:
  xurl post "TEXT" [flags]

Flags:
      --auth string           
[2026-03-14 07:00:02] Gumroad: Master Trading Journal - XAUUSD & Forex  | $9.00 | 0 sales
[2026-03-14 07:00:03] Done. Next run in 1 hour.

[2026-03-14 07:00:01] ==================================================
[2026-03-14 07:00:01] Full Auto Engine — Run #7 @ 07:00 WIB
[2026-03-14 07:00:01] ==================================================
[2026-03-14 07:00:02] PostBridge: 11/20 success (55%)
[2026-03-14 07:00:02] System: Disk 82%, Free 13GB
[2026-03-14 07:00:02] X: ❌ Error: unknown flag: --text
Usage:
  xurl post "TEXT" [flags]

Flags:
      --auth string           
[2026-03-14 07:00:02] Gumroad: Master Trading Journal - XAUUSD & Forex  | $9.00 | 0 sales
[2026-03-14 07:00:03] Done. Next run in 1 hour.

[2026-03-14 08:00:01] ==================================================
[2026-03-14 08:00:01] Full Auto Engine — Run #8 @ 08:00 WIB
[2026-03-14 08:00:01] ==================================================
[2026-03-14 08:00:02] PostBridge: 16/20 success (80%)
[2026-03-14 08:00:02] System: Disk 82%, Free 13GB
[2026-03-14 08:00:02] X: ❌ Error: unknown flag: --text
Usage:
  xurl post "TEXT" [flags]

Flags:
      --auth string           
[2026-03-14 08:00:02] Gumroad: Master Trading Journal - XAUUSD & Forex  | $9.00 | 0 sales
[2026-03-14 08:00:02] Done. Next run in 1 hour.

[2026-03-14 08:00:01] ==================================================
[2026-03-14 08:00:01] Full Auto Engine — Run #8 @ 08:00 WIB
[2026-03-14 08:00:01] ==================================================
[2026-03-14 08:00:02] PostBridge: 16/20 success (80%)
[2026-03-14 08:00:02] System: Disk 82%, Free 13GB
[2026-03-14 08:00:02] X: ❌ Error: unknown flag: --text
Usage:
  xurl post "TEXT" [flags]

Flags:
      --auth string           
[2026-03-14 08:00:02] Gumroad: Master Trading Journal - XAUUSD & Forex  | $9.00 | 0 sales
[2026-03-14 08:00:02] Done. Next run in 1 hour.

[2026-03-14 09:00:01] ==================================================
[2026-03-14 09:00:01] Full Auto Engine — Run #9 @ 09:00 WIB
[2026-03-14 09:00:01] ==================================================
[2026-03-14 09:00:02] PostBridge: 16/20 success (80%)
[2026-03-14 09:00:02] System: Disk 82%, Free 13GB
[2026-03-14 09:00:03] X: ❌ 
[2026-03-14 09:00:03] Gumroad: Master Trading Journal - XAUUSD & Forex  | $9.00 | 0 sales
[2026-03-14 09:00:03] Done. Next run in 1 hour.

[2026-03-14 09:00:01] ==================================================
[2026-03-14 09:00:01] Full Auto Engine — Run #9 @ 09:00 WIB
[2026-03-14 09:00:01] ==================================================
[2026-03-14 09:00:02] PostBridge: 16/20 success (80%)
[2026-03-14 09:00:02] System: Disk 82%, Free 13GB
[2026-03-14 09:00:03] X: ❌ 
[2026-03-14 09:00:03] Gumroad: Master Trading Journal - XAUUSD & Forex  | $9.00 | 0 sales
[2026-03-14 09:00:03] Done. Next run in 1 hour.

[2026-03-14 10:00:01] ==================================================
[2026-03-14 10:00:01] Full Auto Engine — Run #10 @ 10:00 WIB
[2026-03-14 10:00:01] ==================================================
[2026-03-14 10:00:02] PostBridge: 16/20 success (80%)
[2026-03-14 10:00:02] System: Disk 82%, Free 13GB
[2026-03-14 10:00:02] X: ❌ 
[2026-03-14 10:00:02] Gumroad: Master Trading Journal - XAUUSD & Forex  | $9.00 | 0 sales
[2026-03-14 10:00:03] Done. Next run in 1 hour.

[2026-03-14 10:00:01] ==================================================
[2026-03-14 10:00:01] Full Auto Engine — Run #10 @ 10:00 WIB
[2026-03-14 10:00:01] ==================================================
[2026-03-14 10:00:02] PostBridge: 16/20 success (80%)
[2026-03-14 10:00:02] System: Disk 82%, Free 13GB
[2026-03-14 10:00:02] X: ❌ 
[2026-03-14 10:00:02] Gumroad: Master Trading Journal - XAUUSD & Forex  | $9.00 | 0 sales
[2026-03-14 10:00:03] Done. Next run in 1 hour.

[2026-03-14 11:00:01] ==================================================
[2026-03-14 11:00:01] Full Auto Engine — Run #11 @ 11:00 WIB
[2026-03-14 11:00:01] ==================================================
[2026-03-14 11:00:02] PostBridge: 16/20 success (80%)
[2026-03-14 11:00:02] System: Disk 82%, Free 13GB
[2026-03-14 11:00:02] X: ❌ 
[2026-03-14 11:00:02] Gumroad: Master Trading Journal - XAUUSD & Forex  | $9.00 | 0 sales
[2026-03-14 11:00:03] Done. Next run in 1 hour.

[2026-03-14 11:00:01] ==================================================
[2026-03-14 11:00:01] Full Auto Engine — Run #11 @ 11:00 WIB
[2026-03-14 11:00:01] ==================================================
[2026-03-14 11:00:02] PostBridge: 16/20 success (80%)
[2026-03-14 11:00:02] System: Disk 82%, Free 13GB
[2026-03-14 11:00:02] X: ❌ 
[2026-03-14 11:00:02] Gumroad: Master Trading Journal - XAUUSD & Forex  | $9.00 | 0 sales
[2026-03-14 11:00:03] Done. Next run in 1 hour.

[2026-03-14 12:00:01] ==================================================
[2026-03-14 12:00:01] Full Auto Engine — Run #12 @ 12:00 WIB
[2026-03-14 12:00:01] ==================================================
[2026-03-14 12:00:03] PostBridge: 16/20 success (80%)
[2026-03-14 12:00:03] System: Disk 82%, Free 13GB
[2026-03-14 12:00:03] X: ❌ 
[2026-03-14 12:00:03] Gumroad: Master Trading Journal - XAUUSD & Forex  | $9.00 | 0 sales
[2026-03-14 12:00:03] Done. Next run in 1 hour.

[2026-03-14 12:00:01] ==================================================
[2026-03-14 12:00:01] Full Auto Engine — Run #12 @ 12:00 WIB
[2026-03-14 12:00:01] ==================================================
[2026-03-14 12:00:03] PostBridge: 16/20 success (80%)
[2026-03-14 12:00:03] System: Disk 82%, Free 13GB
[2026-03-14 12:00:03] X: ❌ 
[2026-03-14 12:00:03] Gumroad: Master Trading Journal - XAUUSD & Forex  | $9.00 | 0 sales
[2026-03-14 12:00:03] Done. Next run in 1 hour.

[2026-03-14 13:00:01] ==================================================
[2026-03-14 13:00:01] Full Auto Engine — Run #13 @ 13:00 WIB
[2026-03-14 13:00:01] ==================================================
[2026-03-14 13:00:02] PostBridge: 19/20 success (95%)
[2026-03-14 13:00:02] System: Disk 84%, Free 11GB
[2026-03-14 13:00:03] X: ❌ 
[2026-03-14 13:00:03] Gumroad: Master Trading Journal - XAUUSD & Forex  | $9.00 | 0 sales
[2026-03-14 13:00:03] Done. Next run in 1 hour.

[2026-03-14 13:00:01] ==================================================
[2026-03-14 13:00:01] Full Auto Engine — Run #13 @ 13:00 WIB
[2026-03-14 13:00:01] ==================================================
[2026-03-14 13:00:02] PostBridge: 19/20 success (95%)
[2026-03-14 13:00:02] System: Disk 84%, Free 11GB
[2026-03-14 13:00:03] X: ❌ 
[2026-03-14 13:00:03] Gumroad: Master Trading Journal - XAUUSD & Forex  | $9.00 | 0 sales
[2026-03-14 13:00:03] Done. Next run in 1 hour.

[2026-03-14 14:00:02] ==================================================
[2026-03-14 14:00:02] Full Auto Engine — Run #14 @ 14:00 WIB
[2026-03-14 14:00:02] ==================================================
[2026-03-14 14:00:03] PostBridge: 19/20 success (95%)
[2026-03-14 14:00:03] System: Disk 84%, Free 11GB
[2026-03-14 14:00:03] X: ❌ 
[2026-03-14 14:00:03] Gumroad: Master Trading Journal - XAUUSD & Forex  | $9.00 | 0 sales
[2026-03-14 14:00:03] Done. Next run in 1 hour.

[2026-03-14 14:00:02] ==================================================
[2026-03-14 14:00:02] Full Auto Engine — Run #14 @ 14:00 WIB
[2026-03-14 14:00:02] ==================================================
[2026-03-14 14:00:03] PostBridge: 19/20 success (95%)
[2026-03-14 14:00:03] System: Disk 84%, Free 11GB
[2026-03-14 14:00:03] X: ❌ 
[2026-03-14 14:00:03] Gumroad: Master Trading Journal - XAUUSD & Forex  | $9.00 | 0 sales
[2026-03-14 14:00:03] Done. Next run in 1 hour.

[2026-03-14 15:00:02] ==================================================
[2026-03-14 15:00:02] Full Auto Engine — Run #15 @ 15:00 WIB
[2026-03-14 15:00:02] ==================================================
[2026-03-14 15:00:03] PostBridge: 19/20 success (95%)
[2026-03-14 15:00:03] System: Disk 83%, Free 12GB
[2026-03-14 15:00:03] X: ❌ 
[2026-03-14 15:00:03] Gumroad: Master Trading Journal - XAUUSD & Forex  | $9.00 | 0 sales
[2026-03-14 15:00:03] Done. Next run in 1 hour.

[2026-03-14 15:00:02] ==================================================
[2026-03-14 15:00:02] Full Auto Engine — Run #15 @ 15:00 WIB
[2026-03-14 15:00:02] ==================================================
[2026-03-14 15:00:03] PostBridge: 19/20 success (95%)
[2026-03-14 15:00:03] System: Disk 83%, Free 12GB
[2026-03-14 15:00:03] X: ❌ 
[2026-03-14 15:00:03] Gumroad: Master Trading Journal - XAUUSD & Forex  | $9.00 | 0 sales
[2026-03-14 15:00:03] Done. Next run in 1 hour.

[2026-03-14 16:00:01] ==================================================
[2026-03-14 16:00:01] Full Auto Engine — Run #16 @ 16:00 WIB
[2026-03-14 16:00:01] ==================================================
[2026-03-14 16:00:02] PostBridge: 4/20 success (20%)
[2026-03-14 16:00:02] System: Disk 83%, Free 12GB
[2026-03-14 16:00:02] X: ❌ 
[2026-03-14 16:00:02] Gumroad: Master Trading Journal - XAUUSD & Forex  | $9.00 | 0 sales
[2026-03-14 16:00:02] Done. Next run in 1 hour.

[2026-03-14 16:00:01] ==================================================
[2026-03-14 16:00:01] Full Auto Engine — Run #16 @ 16:00 WIB
[2026-03-14 16:00:01] ==================================================
[2026-03-14 16:00:02] PostBridge: 4/20 success (20%)
[2026-03-14 16:00:02] System: Disk 83%, Free 12GB
[2026-03-14 16:00:02] X: ❌ 
[2026-03-14 16:00:02] Gumroad: Master Trading Journal - XAUUSD & Forex  | $9.00 | 0 sales
[2026-03-14 16:00:02] Done. Next run in 1 hour.

