[2026-03-13 23:00] Gumroad sync starting...
  Products: 4
    AI Prompt Bible Indonesia - 500+ Prompt  | $17.00 | 0 sales
    Content Calendar Pro - 90 Hari Konten Si | $12.00 | 0 sales
    Master Trading Journal - XAUUSD & Forex  | $9.00 | 0 sales
    Python Automation Starter Pack - 10 Read | $15.00 | 0 sales
  Sales fetched: 0
  Synced 0 revenue records to Supabase
  ⚠️  No sales yet
[2026-03-14 00:00] Gumroad sync starting...
  Products: 4
    AI Prompt Bible Indonesia - 500+ Prompt  | $17.00 | 0 sales
    Content Calendar Pro - 90 Hari Konten Si | $12.00 | 0 sales
    Master Trading Journal - XAUUSD & Forex  | $9.00 | 0 sales
    Python Automation Starter Pack - 10 Read | $15.00 | 0 sales
  Sales fetched: 0
  Synced 0 revenue records to Supabase
  ⚠️  No sales yet
[2026-03-14 01:00] Gumroad sync starting...
  Products: 4
    AI Prompt Bible Indonesia - 500+ Prompt  | $17.00 | 0 sales
    Content Calendar Pro - 90 Hari Konten Si | $12.00 | 0 sales
    Master Trading Journal - XAUUSD & Forex  | $9.00 | 0 sales
    Python Automation Starter Pack - 10 Read | $15.00 | 0 sales
  Sales fetched: 0
  Synced 0 revenue records to Supabase
  ⚠️  No sales yet
[2026-03-14 02:00] Gumroad sync starting...
  Products: 4
    AI Prompt Bible Indonesia - 500+ Prompt  | $17.00 | 0 sales
    Content Calendar Pro - 90 Hari Konten Si | $12.00 | 0 sales
    Master Trading Journal - XAUUSD & Forex  | $9.00 | 0 sales
    Python Automation Starter Pack - 10 Read | $15.00 | 0 sales
  Sales fetched: 0
  Synced 0 revenue records to Supabase
  ⚠️  No sales yet
[2026-03-14 03:00] Gumroad sync starting...
  Products: 4
    AI Prompt Bible Indonesia - 500+ Prompt  | $17.00 | 0 sales
    Content Calendar Pro - 90 Hari Konten Si | $12.00 | 0 sales
    Master Trading Journal - XAUUSD & Forex  | $9.00 | 0 sales
    Python Automation Starter Pack - 10 Read | $15.00 | 0 sales
  Sales fetched: 0
  Synced 0 revenue records to Supabase
  ⚠️  No sales yet
[2026-03-14 04:00] Gumroad sync starting...
  Products: 4
    AI Prompt Bible Indonesia - 500+ Prompt  | $17.00 | 0 sales
    Content Calendar Pro - 90 Hari Konten Si | $12.00 | 0 sales
    Master Trading Journal - XAUUSD & Forex  | $9.00 | 0 sales
    Python Automation Starter Pack - 10 Read | $15.00 | 0 sales
  Sales fetched: 0
  Synced 0 revenue records to Supabase
  ⚠️  No sales yet
[2026-03-14 05:00] Gumroad sync starting...
  Products: 5
    500 Viral TikTok Hook Templates - EN & I | $3.00 | 0 sales
    AI Prompt Bible Indonesia - 500+ Prompt  | $17.00 | 0 sales
    Content Calendar Pro - 90 Hari Konten Si | $12.00 | 0 sales
    Master Trading Journal - XAUUSD & Forex  | $9.00 | 0 sales
    Python Automation Starter Pack - 10 Read | $15.00 | 0 sales
  Sales fetched: 0
  Synced 0 revenue records to Supabase
  ⚠️  No sales yet
[2026-03-14 06:00] Gumroad sync starting...
  Products: 5
    500 Viral TikTok Hook Templates - EN & I | $3.00 | 0 sales
    AI Prompt Bible Indonesia - 500+ Prompt  | $17.00 | 0 sales
    Content Calendar Pro - 90 Hari Konten Si | $12.00 | 0 sales
    Master Trading Journal - XAUUSD & Forex  | $9.00 | 0 sales
    Python Automation Starter Pack - 10 Read | $15.00 | 0 sales
  Sales fetched: 0
  Synced 0 revenue records to Supabase
  ⚠️  No sales yet
[2026-03-14 07:00] Gumroad sync starting...
  Products: 5
    500 Viral TikTok Hook Templates - EN & I | $3.00 | 0 sales
    AI Prompt Bible Indonesia - 500+ Prompt  | $17.00 | 0 sales
    Content Calendar Pro - 90 Hari Konten Si | $12.00 | 0 sales
    Master Trading Journal - XAUUSD & Forex  | $9.00 | 0 sales
    Python Automation Starter Pack - 10 Read | $15.00 | 0 sales
  Sales fetched: 0
  Synced 0 revenue records to Supabase
  ⚠️  No sales yet
[2026-03-14 08:00] Gumroad sync starting...
  Products: 5
    500 Viral TikTok Hook Templates - EN & I | $3.00 | 0 sales
    AI Prompt Bible Indonesia - 500+ Prompt  | $17.00 | 0 sales
    Content Calendar Pro - 90 Hari Konten Si | $12.00 | 0 sales
    Master Trading Journal - XAUUSD & Forex  | $9.00 | 0 sales
    Python Automation Starter Pack - 10 Read | $15.00 | 0 sales
  Sales fetched: 0
  Synced 0 revenue records to Supabase
  ⚠️  No sales yet
[2026-03-14 09:00] Gumroad sync starting...
  Products: 5
    500 Viral TikTok Hook Templates - EN & I | $3.00 | 0 sales
    AI Prompt Bible Indonesia - 500+ Prompt  | $17.00 | 0 sales
    Content Calendar Pro - 90 Hari Konten Si | $12.00 | 0 sales
    Master Trading Journal - XAUUSD & Forex  | $9.00 | 0 sales
    Python Automation Starter Pack - 10 Read | $15.00 | 0 sales
  Sales fetched: 0
  Synced 0 revenue records to Supabase
  ⚠️  No sales yet
[2026-03-14 10:00] Gumroad sync starting...
  Products: 5
    500 Viral TikTok Hook Templates - EN & I | $3.00 | 0 sales
    AI Prompt Bible Indonesia - 500+ Prompt  | $17.00 | 0 sales
    Content Calendar Pro - 90 Hari Konten Si | $12.00 | 0 sales
    Master Trading Journal - XAUUSD & Forex  | $9.00 | 0 sales
    Python Automation Starter Pack - 10 Read | $15.00 | 0 sales
  Sales fetched: 0
  Synced 0 revenue records to Supabase
  ⚠️  No sales yet
[2026-03-14 11:00] Gumroad sync starting...
  Products: 5
    500 Viral TikTok Hook Templates - EN & I | $3.00 | 0 sales
    AI Prompt Bible Indonesia - 500+ Prompt  | $17.00 | 0 sales
    Content Calendar Pro - 90 Hari Konten Si | $12.00 | 0 sales
    Master Trading Journal - XAUUSD & Forex  | $9.00 | 0 sales
    Python Automation Starter Pack - 10 Read | $15.00 | 0 sales
  Sales fetched: 0
  Synced 0 revenue records to Supabase
  ⚠️  No sales yet
[2026-03-14 12:00] Gumroad sync starting...
  Products: 5
    500 Viral TikTok Hook Templates - EN & I | $3.00 | 0 sales
    AI Prompt Bible Indonesia - 500+ Prompt  | $17.00 | 0 sales
    Content Calendar Pro - 90 Hari Konten Si | $12.00 | 0 sales
    Master Trading Journal - XAUUSD & Forex  | $9.00 | 0 sales
    Python Automation Starter Pack - 10 Read | $15.00 | 0 sales
  Sales fetched: 0
  Synced 0 revenue records to Supabase
  ⚠️  No sales yet
[2026-03-14 13:00] Gumroad sync starting...
  Products: 5
    500 Viral TikTok Hook Templates - EN & I | $3.00 | 0 sales
    AI Prompt Bible Indonesia - 500+ Prompt  | $17.00 | 0 sales
    Content Calendar Pro - 90 Hari Konten Si | $12.00 | 0 sales
    Master Trading Journal - XAUUSD & Forex  | $9.00 | 0 sales
    Python Automation Starter Pack - 10 Read | $15.00 | 0 sales
  Sales fetched: 0
  Synced 0 revenue records to Supabase
  ⚠️  No sales yet
[2026-03-14 14:00] Gumroad sync starting...
  Products: 5
    500 Viral TikTok Hook Templates - EN & I | $3.00 | 0 sales
    AI Prompt Bible Indonesia - 500+ Prompt  | $17.00 | 0 sales
    Content Calendar Pro - 90 Hari Konten Si | $12.00 | 0 sales
    Master Trading Journal - XAUUSD & Forex  | $9.00 | 0 sales
    Python Automation Starter Pack - 10 Read | $15.00 | 0 sales
  Sales fetched: 0
  Synced 0 revenue records to Supabase
  ⚠️  No sales yet
[2026-03-14 15:00] Gumroad sync starting...
  Products: 5
    500 Viral TikTok Hook Templates - EN & I | $3.00 | 0 sales
    AI Prompt Bible Indonesia - 500+ Prompt  | $17.00 | 0 sales
    Content Calendar Pro - 90 Hari Konten Si | $12.00 | 0 sales
    Master Trading Journal - XAUUSD & Forex  | $9.00 | 0 sales
    Python Automation Starter Pack - 10 Read | $15.00 | 0 sales
  Sales fetched: 0
  Synced 0 revenue records to Supabase
  ⚠️  No sales yet
[2026-03-14 16:00] Gumroad sync starting...
  Products: 5
    500 Viral TikTok Hook Templates - EN & I | $3.00 | 0 sales
    AI Prompt Bible Indonesia - 500+ Prompt  | $17.00 | 0 sales
    Content Calendar Pro - 90 Hari Konten Si | $12.00 | 0 sales
    Master Trading Journal - XAUUSD & Forex  | $9.00 | 0 sales
    Python Automation Starter Pack - 10 Read | $15.00 | 0 sales
  Sales fetched: 0
  Synced 0 revenue records to Supabase
  ⚠️  No sales yet
<<<<<<< Updated upstream
[2026-03-14 17:00] Gumroad sync starting...
=======
[2026-03-16 13:00] Gumroad sync starting...
>>>>>>> Stashed changes
  Products: 5
    500 Viral TikTok Hook Templates - EN & I | $3.00 | 0 sales
    AI Prompt Bible Indonesia - 500+ Prompt  | $17.00 | 0 sales
    Content Calendar Pro - 90 Hari Konten Si | $12.00 | 0 sales
    Master Trading Journal - XAUUSD & Forex  | $9.00 | 0 sales
    Python Automation Starter Pack - 10 Read | $15.00 | 0 sales
  Sales fetched: 0
  Synced 0 revenue records to Supabase
  ⚠️  No sales yet
<<<<<<< Updated upstream
[2026-03-14 18:00] Gumroad sync starting...
=======
[2026-03-16 14:00] Gumroad sync starting...
>>>>>>> Stashed changes
  Products: 5
    500 Viral TikTok Hook Templates - EN & I | $3.00 | 0 sales
    AI Prompt Bible Indonesia - 500+ Prompt  | $17.00 | 0 sales
    Content Calendar Pro - 90 Hari Konten Si | $12.00 | 0 sales
    Master Trading Journal - XAUUSD & Forex  | $9.00 | 0 sales
    Python Automation Starter Pack - 10 Read | $15.00 | 0 sales
  Sales fetched: 0
  Synced 0 revenue records to Supabase
  ⚠️  No sales yet
<<<<<<< Updated upstream
[2026-03-14 19:00] Gumroad sync starting...
=======
[2026-03-16 15:00] Gumroad sync starting...
>>>>>>> Stashed changes
  Products: 5
    500 Viral TikTok Hook Templates - EN & I | $3.00 | 0 sales
    AI Prompt Bible Indonesia - 500+ Prompt  | $17.00 | 0 sales
    Content Calendar Pro - 90 Hari Konten Si | $12.00 | 0 sales
    Master Trading Journal - XAUUSD & Forex  | $9.00 | 0 sales
    Python Automation Starter Pack - 10 Read | $15.00 | 0 sales
  Sales fetched: 0
  Synced 0 revenue records to Supabase
  ⚠️  No sales yet
<<<<<<< Updated upstream
[2026-03-14 20:00] Gumroad sync starting...
=======
[2026-03-16 16:00] Gumroad sync starting...
>>>>>>> Stashed changes
  Products: 5
    500 Viral TikTok Hook Templates - EN & I | $3.00 | 0 sales
    AI Prompt Bible Indonesia - 500+ Prompt  | $17.00 | 0 sales
    Content Calendar Pro - 90 Hari Konten Si | $12.00 | 0 sales
    Master Trading Journal - XAUUSD & Forex  | $9.00 | 0 sales
    Python Automation Starter Pack - 10 Read | $15.00 | 0 sales
  Sales fetched: 0
  Synced 0 revenue records to Supabase
  ⚠️  No sales yet
<<<<<<< Updated upstream
[2026-03-14 21:00] Gumroad sync starting...
=======
[2026-03-16 17:00] Gumroad sync starting...
>>>>>>> Stashed changes
  Products: 5
    500 Viral TikTok Hook Templates - EN & I | $3.00 | 0 sales
    AI Prompt Bible Indonesia - 500+ Prompt  | $17.00 | 0 sales
    Content Calendar Pro - 90 Hari Konten Si | $12.00 | 0 sales
    Master Trading Journal - XAUUSD & Forex  | $9.00 | 0 sales
    Python Automation Starter Pack - 10 Read | $15.00 | 0 sales
  Sales fetched: 0
  Synced 0 revenue records to Supabase
  ⚠️  No sales yet
<<<<<<< Updated upstream
[2026-03-14 22:00] Gumroad sync starting...
=======
[2026-03-16 18:00] Gumroad sync starting...
>>>>>>> Stashed changes
  Products: 5
    500 Viral TikTok Hook Templates - EN & I | $3.00 | 0 sales
    AI Prompt Bible Indonesia - 500+ Prompt  | $17.00 | 0 sales
    Content Calendar Pro - 90 Hari Konten Si | $12.00 | 0 sales
    Master Trading Journal - XAUUSD & Forex  | $9.00 | 0 sales
    Python Automation Starter Pack - 10 Read | $15.00 | 0 sales
  Sales fetched: 0
  Synced 0 revenue records to Supabase
  ⚠️  No sales yet
<<<<<<< Updated upstream
[2026-03-15 00:00] Gumroad sync starting...
=======
[2026-03-16 19:00] Gumroad sync starting...
>>>>>>> Stashed changes
  Products: 5
    500 Viral TikTok Hook Templates - EN & I | $3.00 | 0 sales
    AI Prompt Bible Indonesia - 500+ Prompt  | $17.00 | 0 sales
    Content Calendar Pro - 90 Hari Konten Si | $12.00 | 0 sales
    Master Trading Journal - XAUUSD & Forex  | $9.00 | 0 sales
    Python Automation Starter Pack - 10 Read | $15.00 | 0 sales
  Sales fetched: 0
  Synced 0 revenue records to Supabase
  ⚠️  No sales yet
<<<<<<< Updated upstream
[2026-03-15 01:00] Gumroad sync starting...
=======
[2026-03-16 20:00] Gumroad sync starting...
>>>>>>> Stashed changes
  Products: 5
    500 Viral TikTok Hook Templates - EN & I | $3.00 | 0 sales
    AI Prompt Bible Indonesia - 500+ Prompt  | $17.00 | 0 sales
    Content Calendar Pro - 90 Hari Konten Si | $12.00 | 0 sales
    Master Trading Journal - XAUUSD & Forex  | $9.00 | 0 sales
    Python Automation Starter Pack - 10 Read | $15.00 | 0 sales
  Sales fetched: 0
  Synced 0 revenue records to Supabase
  ⚠️  No sales yet
<<<<<<< Updated upstream
[2026-03-15 02:00] Gumroad sync starting...
=======
[2026-03-17 00:00] Gumroad sync starting...
>>>>>>> Stashed changes
  Products: 5
    500 Viral TikTok Hook Templates - EN & I | $3.00 | 0 sales
    AI Prompt Bible Indonesia - 500+ Prompt  | $17.00 | 0 sales
    Content Calendar Pro - 90 Hari Konten Si | $12.00 | 0 sales
    Master Trading Journal - XAUUSD & Forex  | $9.00 | 0 sales
    Python Automation Starter Pack - 10 Read | $15.00 | 0 sales
  Sales fetched: 0
  Synced 0 revenue records to Supabase
  ⚠️  No sales yet
<<<<<<< Updated upstream
[2026-03-15 03:00] Gumroad sync starting...
=======
[2026-03-17 01:00] Gumroad sync starting...
>>>>>>> Stashed changes
  Products: 5
    500 Viral TikTok Hook Templates - EN & I | $3.00 | 0 sales
    AI Prompt Bible Indonesia - 500+ Prompt  | $17.00 | 0 sales
    Content Calendar Pro - 90 Hari Konten Si | $12.00 | 0 sales
    Master Trading Journal - XAUUSD & Forex  | $9.00 | 0 sales
    Python Automation Starter Pack - 10 Read | $15.00 | 0 sales
  Sales fetched: 0
  Synced 0 revenue records to Supabase
  ⚠️  No sales yet
<<<<<<< Updated upstream
[2026-03-15 04:00] Gumroad sync starting...
=======
[2026-03-17 02:00] Gumroad sync starting...
>>>>>>> Stashed changes
  Products: 5
    500 Viral TikTok Hook Templates - EN & I | $3.00 | 0 sales
    AI Prompt Bible Indonesia - 500+ Prompt  | $17.00 | 0 sales
    Content Calendar Pro - 90 Hari Konten Si | $12.00 | 0 sales
    Master Trading Journal - XAUUSD & Forex  | $9.00 | 0 sales
    Python Automation Starter Pack - 10 Read | $15.00 | 0 sales
  Sales fetched: 0
  Synced 0 revenue records to Supabase
  ⚠️  No sales yet
<<<<<<< Updated upstream
[2026-03-15 05:00] Gumroad sync starting...
=======
[2026-03-17 03:00] Gumroad sync starting...
>>>>>>> Stashed changes
  Products: 5
    500 Viral TikTok Hook Templates - EN & I | $3.00 | 0 sales
    AI Prompt Bible Indonesia - 500+ Prompt  | $17.00 | 0 sales
    Content Calendar Pro - 90 Hari Konten Si | $12.00 | 0 sales
    Master Trading Journal - XAUUSD & Forex  | $9.00 | 0 sales
    Python Automation Starter Pack - 10 Read | $15.00 | 0 sales
  Sales fetched: 0
  Synced 0 revenue records to Supabase
  ⚠️  No sales yet
<<<<<<< Updated upstream
[2026-03-15 06:00] Gumroad sync starting...
=======
[2026-03-17 04:00] Gumroad sync starting...
>>>>>>> Stashed changes
  Products: 5
    500 Viral TikTok Hook Templates - EN & I | $3.00 | 0 sales
    AI Prompt Bible Indonesia - 500+ Prompt  | $17.00 | 0 sales
    Content Calendar Pro - 90 Hari Konten Si | $12.00 | 0 sales
    Master Trading Journal - XAUUSD & Forex  | $9.00 | 0 sales
    Python Automation Starter Pack - 10 Read | $15.00 | 0 sales
  Sales fetched: 0
  Synced 0 revenue records to Supabase
  ⚠️  No sales yet
<<<<<<< Updated upstream
[2026-03-15 07:00] Gumroad sync starting...
=======
[2026-03-17 05:00] Gumroad sync starting...
>>>>>>> Stashed changes
  Products: 5
    500 Viral TikTok Hook Templates - EN & I | $3.00 | 0 sales
    AI Prompt Bible Indonesia - 500+ Prompt  | $17.00 | 0 sales
    Content Calendar Pro - 90 Hari Konten Si | $12.00 | 0 sales
    Master Trading Journal - XAUUSD & Forex  | $9.00 | 0 sales
    Python Automation Starter Pack - 10 Read | $15.00 | 0 sales
  Sales fetched: 0
  Synced 0 revenue records to Supabase
  ⚠️  No sales yet
<<<<<<< Updated upstream
[2026-03-15 08:00] Gumroad sync starting...
=======
[2026-03-17 06:00] Gumroad sync starting...
>>>>>>> Stashed changes
  Products: 5
    500 Viral TikTok Hook Templates - EN & I | $3.00 | 0 sales
    AI Prompt Bible Indonesia - 500+ Prompt  | $17.00 | 0 sales
    Content Calendar Pro - 90 Hari Konten Si | $12.00 | 0 sales
    Master Trading Journal - XAUUSD & Forex  | $9.00 | 0 sales
    Python Automation Starter Pack - 10 Read | $15.00 | 0 sales
  Sales fetched: 0
  Synced 0 revenue records to Supabase
  ⚠️  No sales yet
<<<<<<< Updated upstream
[2026-03-15 09:00] Gumroad sync starting...
=======
[2026-03-17 07:00] Gumroad sync starting...
>>>>>>> Stashed changes
  Products: 5
    500 Viral TikTok Hook Templates - EN & I | $3.00 | 0 sales
    AI Prompt Bible Indonesia - 500+ Prompt  | $17.00 | 0 sales
    Content Calendar Pro - 90 Hari Konten Si | $12.00 | 0 sales
    Master Trading Journal - XAUUSD & Forex  | $9.00 | 0 sales
    Python Automation Starter Pack - 10 Read | $15.00 | 0 sales
  Sales fetched: 0
  Synced 0 revenue records to Supabase
  ⚠️  No sales yet
<<<<<<< Updated upstream
[2026-03-15 10:00] Gumroad sync starting...
=======
[2026-03-17 08:00] Gumroad sync starting...
>>>>>>> Stashed changes
  Products: 5
    500 Viral TikTok Hook Templates - EN & I | $3.00 | 0 sales
    AI Prompt Bible Indonesia - 500+ Prompt  | $17.00 | 0 sales
    Content Calendar Pro - 90 Hari Konten Si | $12.00 | 0 sales
    Master Trading Journal - XAUUSD & Forex  | $9.00 | 0 sales
    Python Automation Starter Pack - 10 Read | $15.00 | 0 sales
  Sales fetched: 0
  Synced 0 revenue records to Supabase
  ⚠️  No sales yet
<<<<<<< Updated upstream
[2026-03-15 11:00] Gumroad sync starting...
=======
[2026-03-17 09:00] Gumroad sync starting...
>>>>>>> Stashed changes
  Products: 5
    500 Viral TikTok Hook Templates - EN & I | $3.00 | 0 sales
    AI Prompt Bible Indonesia - 500+ Prompt  | $17.00 | 0 sales
    Content Calendar Pro - 90 Hari Konten Si | $12.00 | 0 sales
    Master Trading Journal - XAUUSD & Forex  | $9.00 | 0 sales
    Python Automation Starter Pack - 10 Read | $15.00 | 0 sales
  Sales fetched: 0
  Synced 0 revenue records to Supabase
  ⚠️  No sales yet
<<<<<<< Updated upstream
[2026-03-15 12:00] Gumroad sync starting...
=======
[2026-03-17 10:00] Gumroad sync starting...
>>>>>>> Stashed changes
  Products: 5
    500 Viral TikTok Hook Templates - EN & I | $3.00 | 0 sales
    AI Prompt Bible Indonesia - 500+ Prompt  | $17.00 | 0 sales
    Content Calendar Pro - 90 Hari Konten Si | $12.00 | 0 sales
    Master Trading Journal - XAUUSD & Forex  | $9.00 | 0 sales
    Python Automation Starter Pack - 10 Read | $15.00 | 0 sales
  Sales fetched: 0
  Synced 0 revenue records to Supabase
  ⚠️  No sales yet
<<<<<<< Updated upstream
[2026-03-15 13:00] Gumroad sync starting...
=======
[2026-03-17 11:00] Gumroad sync starting...
>>>>>>> Stashed changes
  Products: 5
    500 Viral TikTok Hook Templates - EN & I | $3.00 | 0 sales
    AI Prompt Bible Indonesia - 500+ Prompt  | $17.00 | 0 sales
    Content Calendar Pro - 90 Hari Konten Si | $12.00 | 0 sales
    Master Trading Journal - XAUUSD & Forex  | $9.00 | 0 sales
    Python Automation Starter Pack - 10 Read | $15.00 | 0 sales
  Sales fetched: 0
  Synced 0 revenue records to Supabase
  ⚠️  No sales yet
<<<<<<< Updated upstream
[2026-03-15 14:00] Gumroad sync starting...
  Products: 5
    500 Viral TikTok Hook Templates - EN & I | $3.00 | 0 sales
    AI Prompt Bible Indonesia - 500+ Prompt  | $17.00 | 0 sales
    Content Calendar Pro - 90 Hari Konten Si | $12.00 | 0 sales
    Master Trading Journal - XAUUSD & Forex  | $9.00 | 0 sales
    Python Automation Starter Pack - 10 Read | $15.00 | 0 sales
  Sales fetched: 0
  Synced 0 revenue records to Supabase
  ⚠️  No sales yet
[2026-03-15 15:00] Gumroad sync starting...
  Products: 5
    500 Viral TikTok Hook Templates - EN & I | $3.00 | 0 sales
    AI Prompt Bible Indonesia - 500+ Prompt  | $17.00 | 0 sales
    Content Calendar Pro - 90 Hari Konten Si | $12.00 | 0 sales
    Master Trading Journal - XAUUSD & Forex  | $9.00 | 0 sales
    Python Automation Starter Pack - 10 Read | $15.00 | 0 sales
  Sales fetched: 0
  Synced 0 revenue records to Supabase
  ⚠️  No sales yet
[2026-03-15 16:00] Gumroad sync starting...
  Products: 5
    500 Viral TikTok Hook Templates - EN & I | $3.00 | 0 sales
    AI Prompt Bible Indonesia - 500+ Prompt  | $17.00 | 0 sales
    Content Calendar Pro - 90 Hari Konten Si | $12.00 | 0 sales
    Master Trading Journal - XAUUSD & Forex  | $9.00 | 0 sales
    Python Automation Starter Pack - 10 Read | $15.00 | 0 sales
  Sales fetched: 0
  Synced 0 revenue records to Supabase
  ⚠️  No sales yet
[2026-03-15 17:00] Gumroad sync starting...
  Products: 5
    500 Viral TikTok Hook Templates - EN & I | $3.00 | 0 sales
    AI Prompt Bible Indonesia - 500+ Prompt  | $17.00 | 0 sales
    Content Calendar Pro - 90 Hari Konten Si | $12.00 | 0 sales
    Master Trading Journal - XAUUSD & Forex  | $9.00 | 0 sales
    Python Automation Starter Pack - 10 Read | $15.00 | 0 sales
  Sales fetched: 0
  Synced 0 revenue records to Supabase
  ⚠️  No sales yet
[2026-03-15 18:00] Gumroad sync starting...
  Products: 5
    500 Viral TikTok Hook Templates - EN & I | $3.00 | 0 sales
    AI Prompt Bible Indonesia - 500+ Prompt  | $17.00 | 0 sales
    Content Calendar Pro - 90 Hari Konten Si | $12.00 | 0 sales
    Master Trading Journal - XAUUSD & Forex  | $9.00 | 0 sales
    Python Automation Starter Pack - 10 Read | $15.00 | 0 sales
  Sales fetched: 0
  Synced 0 revenue records to Supabase
  ⚠️  No sales yet
[2026-03-15 19:00] Gumroad sync starting...
  Products: 5
    500 Viral TikTok Hook Templates - EN & I | $3.00 | 0 sales
    AI Prompt Bible Indonesia - 500+ Prompt  | $17.00 | 0 sales
    Content Calendar Pro - 90 Hari Konten Si | $12.00 | 0 sales
    Master Trading Journal - XAUUSD & Forex  | $9.00 | 0 sales
    Python Automation Starter Pack - 10 Read | $15.00 | 0 sales
  Sales fetched: 0
  Synced 0 revenue records to Supabase
  ⚠️  No sales yet
[2026-03-15 20:00] Gumroad sync starting...
  Products: 5
    500 Viral TikTok Hook Templates - EN & I | $3.00 | 0 sales
    AI Prompt Bible Indonesia - 500+ Prompt  | $17.00 | 0 sales
    Content Calendar Pro - 90 Hari Konten Si | $12.00 | 0 sales
    Master Trading Journal - XAUUSD & Forex  | $9.00 | 0 sales
    Python Automation Starter Pack - 10 Read | $15.00 | 0 sales
  Sales fetched: 0
  Synced 0 revenue records to Supabase
  ⚠️  No sales yet
[2026-03-15 21:00] Gumroad sync starting...
  Products: 5
    500 Viral TikTok Hook Templates - EN & I | $3.00 | 0 sales
    AI Prompt Bible Indonesia - 500+ Prompt  | $17.00 | 0 sales
    Content Calendar Pro - 90 Hari Konten Si | $12.00 | 0 sales
    Master Trading Journal - XAUUSD & Forex  | $9.00 | 0 sales
    Python Automation Starter Pack - 10 Read | $15.00 | 0 sales
  Sales fetched: 0
  Synced 0 revenue records to Supabase
  ⚠️  No sales yet
[2026-03-15 22:00] Gumroad sync starting...
  Products: 5
    500 Viral TikTok Hook Templates - EN & I | $3.00 | 0 sales
    AI Prompt Bible Indonesia - 500+ Prompt  | $17.00 | 0 sales
    Content Calendar Pro - 90 Hari Konten Si | $12.00 | 0 sales
    Master Trading Journal - XAUUSD & Forex  | $9.00 | 0 sales
    Python Automation Starter Pack - 10 Read | $15.00 | 0 sales
  Sales fetched: 0
  Synced 0 revenue records to Supabase
  ⚠️  No sales yet
[2026-03-15 23:00] Gumroad sync starting...
  Products: 5
    500 Viral TikTok Hook Templates - EN & I | $3.00 | 0 sales
    AI Prompt Bible Indonesia - 500+ Prompt  | $17.00 | 0 sales
    Content Calendar Pro - 90 Hari Konten Si | $12.00 | 0 sales
    Master Trading Journal - XAUUSD & Forex  | $9.00 | 0 sales
    Python Automation Starter Pack - 10 Read | $15.00 | 0 sales
  Sales fetched: 0
  Synced 0 revenue records to Supabase
  ⚠️  No sales yet
[2026-03-16 00:00] Gumroad sync starting...
  Products: 5
    500 Viral TikTok Hook Templates - EN & I | $3.00 | 0 sales
    AI Prompt Bible Indonesia - 500+ Prompt  | $17.00 | 0 sales
    Content Calendar Pro - 90 Hari Konten Si | $12.00 | 0 sales
    Master Trading Journal - XAUUSD & Forex  | $9.00 | 0 sales
    Python Automation Starter Pack - 10 Read | $15.00 | 0 sales
  Sales fetched: 0
  Synced 0 revenue records to Supabase
  ⚠️  No sales yet
[2026-03-16 01:00] Gumroad sync starting...
  Products: 5
    500 Viral TikTok Hook Templates - EN & I | $3.00 | 0 sales
    AI Prompt Bible Indonesia - 500+ Prompt  | $17.00 | 0 sales
    Content Calendar Pro - 90 Hari Konten Si | $12.00 | 0 sales
    Master Trading Journal - XAUUSD & Forex  | $9.00 | 0 sales
    Python Automation Starter Pack - 10 Read | $15.00 | 0 sales
  Sales fetched: 0
  Synced 0 revenue records to Supabase
  ⚠️  No sales yet
[2026-03-16 02:00] Gumroad sync starting...
  Products: 5
    500 Viral TikTok Hook Templates - EN & I | $3.00 | 0 sales
    AI Prompt Bible Indonesia - 500+ Prompt  | $17.00 | 0 sales
    Content Calendar Pro - 90 Hari Konten Si | $12.00 | 0 sales
    Master Trading Journal - XAUUSD & Forex  | $9.00 | 0 sales
    Python Automation Starter Pack - 10 Read | $15.00 | 0 sales
  Sales fetched: 0
  Synced 0 revenue records to Supabase
  ⚠️  No sales yet
[2026-03-16 03:00] Gumroad sync starting...
  Products: 5
    500 Viral TikTok Hook Templates - EN & I | $3.00 | 0 sales
    AI Prompt Bible Indonesia - 500+ Prompt  | $17.00 | 0 sales
    Content Calendar Pro - 90 Hari Konten Si | $12.00 | 0 sales
    Master Trading Journal - XAUUSD & Forex  | $9.00 | 0 sales
    Python Automation Starter Pack - 10 Read | $15.00 | 0 sales
  Sales fetched: 0
  Synced 0 revenue records to Supabase
  ⚠️  No sales yet
[2026-03-16 04:00] Gumroad sync starting...
  Products: 5
    500 Viral TikTok Hook Templates - EN & I | $3.00 | 0 sales
    AI Prompt Bible Indonesia - 500+ Prompt  | $17.00 | 0 sales
    Content Calendar Pro - 90 Hari Konten Si | $12.00 | 0 sales
    Master Trading Journal - XAUUSD & Forex  | $9.00 | 0 sales
    Python Automation Starter Pack - 10 Read | $15.00 | 0 sales
  Sales fetched: 0
  Synced 0 revenue records to Supabase
  ⚠️  No sales yet
[2026-03-16 05:00] Gumroad sync starting...
  Products: 5
    500 Viral TikTok Hook Templates - EN & I | $3.00 | 0 sales
    AI Prompt Bible Indonesia - 500+ Prompt  | $17.00 | 0 sales
    Content Calendar Pro - 90 Hari Konten Si | $12.00 | 0 sales
    Master Trading Journal - XAUUSD & Forex  | $9.00 | 0 sales
    Python Automation Starter Pack - 10 Read | $15.00 | 0 sales
  Sales fetched: 0
  Synced 0 revenue records to Supabase
  ⚠️  No sales yet
[2026-03-16 06:00] Gumroad sync starting...
  Products: 5
    500 Viral TikTok Hook Templates - EN & I | $3.00 | 0 sales
    AI Prompt Bible Indonesia - 500+ Prompt  | $17.00 | 0 sales
    Content Calendar Pro - 90 Hari Konten Si | $12.00 | 0 sales
    Master Trading Journal - XAUUSD & Forex  | $9.00 | 0 sales
    Python Automation Starter Pack - 10 Read | $15.00 | 0 sales
  Sales fetched: 0
  Synced 0 revenue records to Supabase
  ⚠️  No sales yet
[2026-03-16 07:00] Gumroad sync starting...
  Products: 5
    500 Viral TikTok Hook Templates - EN & I | $3.00 | 0 sales
    AI Prompt Bible Indonesia - 500+ Prompt  | $17.00 | 0 sales
    Content Calendar Pro - 90 Hari Konten Si | $12.00 | 0 sales
    Master Trading Journal - XAUUSD & Forex  | $9.00 | 0 sales
    Python Automation Starter Pack - 10 Read | $15.00 | 0 sales
  Sales fetched: 0
  Synced 0 revenue records to Supabase
  ⚠️  No sales yet
[2026-03-16 08:00] Gumroad sync starting...
  Products: 5
    500 Viral TikTok Hook Templates - EN & I | $3.00 | 0 sales
    AI Prompt Bible Indonesia - 500+ Prompt  | $17.00 | 0 sales
    Content Calendar Pro - 90 Hari Konten Si | $12.00 | 0 sales
    Master Trading Journal - XAUUSD & Forex  | $9.00 | 0 sales
    Python Automation Starter Pack - 10 Read | $15.00 | 0 sales
  Sales fetched: 0
  Synced 0 revenue records to Supabase
  ⚠️  No sales yet
[2026-03-16 09:00] Gumroad sync starting...
  Products: 5
    500 Viral TikTok Hook Templates - EN & I | $3.00 | 0 sales
    AI Prompt Bible Indonesia - 500+ Prompt  | $17.00 | 0 sales
    Content Calendar Pro - 90 Hari Konten Si | $12.00 | 0 sales
    Master Trading Journal - XAUUSD & Forex  | $9.00 | 0 sales
    Python Automation Starter Pack - 10 Read | $15.00 | 0 sales
  Sales fetched: 0
  Synced 0 revenue records to Supabase
  ⚠️  No sales yet
[2026-03-16 10:00] Gumroad sync starting...
  Products: 5
    500 Viral TikTok Hook Templates - EN & I | $3.00 | 0 sales
    AI Prompt Bible Indonesia - 500+ Prompt  | $17.00 | 0 sales
    Content Calendar Pro - 90 Hari Konten Si | $12.00 | 0 sales
    Master Trading Journal - XAUUSD & Forex  | $9.00 | 0 sales
    Python Automation Starter Pack - 10 Read | $15.00 | 0 sales
  Sales fetched: 0
  Synced 0 revenue records to Supabase
  ⚠️  No sales yet
[2026-03-16 11:00] Gumroad sync starting...
  Products: 5
    500 Viral TikTok Hook Templates - EN & I | $3.00 | 0 sales
    AI Prompt Bible Indonesia - 500+ Prompt  | $17.00 | 0 sales
    Content Calendar Pro - 90 Hari Konten Si | $12.00 | 0 sales
    Master Trading Journal - XAUUSD & Forex  | $9.00 | 0 sales
    Python Automation Starter Pack - 10 Read | $15.00 | 0 sales
  Sales fetched: 0
  Synced 0 revenue records to Supabase
  ⚠️  No sales yet
[2026-03-16 12:00] Gumroad sync starting...
=======
[2026-03-17 12:00] Gumroad sync starting...
>>>>>>> Stashed changes
  Products: 5
    500 Viral TikTok Hook Templates - EN & I | $3.00 | 0 sales
    AI Prompt Bible Indonesia - 500+ Prompt  | $17.00 | 0 sales
    Content Calendar Pro - 90 Hari Konten Si | $12.00 | 0 sales
    Master Trading Journal - XAUUSD & Forex  | $9.00 | 0 sales
    Python Automation Starter Pack - 10 Read | $15.00 | 0 sales
  Sales fetched: 0
  Synced 0 revenue records to Supabase
  ⚠️  No sales yet
[2026-03-17 13:00] Gumroad sync starting...
  Products: 5
    500 Viral TikTok Hook Templates - EN & I | $3.00 | 0 sales
    AI Prompt Bible Indonesia - 500+ Prompt  | $17.00 | 0 sales
    Content Calendar Pro - 90 Hari Konten Si | $12.00 | 0 sales
    Master Trading Journal - XAUUSD & Forex  | $9.00 | 0 sales
    Python Automation Starter Pack - 10 Read | $15.00 | 0 sales
  Sales fetched: 0
  Synced 0 revenue records to Supabase
  ⚠️  No sales yet
