[2026-03-10 08:29:32] [INFO] ======================================================================
[2026-03-10 08:29:32] [INFO] 🚀 JENDRALBOT Performance Tracker Started
[2026-03-10 08:29:32] [INFO] ======================================================================
[2026-03-10 08:29:43] [INFO] ======================================================================
[2026-03-10 08:29:43] [INFO] 🚀 JENDRALBOT Performance Tracker Started
[2026-03-10 08:29:43] [INFO] ======================================================================
[2026-03-10 08:30:04] [INFO] ======================================================================
[2026-03-10 08:30:04] [INFO] 🚀 JENDRALBOT Performance Tracker Started
[2026-03-10 08:30:04] [INFO] ======================================================================
[2026-03-10 08:30:04] [INFO] 
[2026-03-10 08:30:04] [INFO] Checking PostBridge status...
[2026-03-10 08:30:04] [INFO] ✅ PostBridge OK - 743 total posts, 0 JENDRALBOT
[2026-03-10 08:30:04] [INFO] LYNK dashboard check requires manual browser automation
[2026-03-10 08:30:04] [INFO] Current status: Products NOT configured (0 links)
[2026-03-10 08:30:04] [INFO] ======================================================================
[2026-03-10 08:30:04] [INFO] 📊 JENDRALBOT DAILY PERFORMANCE REPORT - 2026-03-10
[2026-03-10 08:30:04] [INFO] ======================================================================
[2026-03-10 08:30:04] [INFO] Checking PostBridge status...
[2026-03-10 08:30:05] [INFO] ✅ PostBridge OK - 743 total posts, 0 JENDRALBOT
[2026-03-10 08:30:05] [INFO] LYNK dashboard check requires manual browser automation
[2026-03-10 08:30:05] [INFO] Current status: Products NOT configured (0 links)
[2026-03-10 08:30:05] [INFO] Calculating expected revenue projections...
[2026-03-10 08:30:05] [INFO] Expected Daily: IDR 5,900 - IDR 17,700
[2026-03-10 08:30:05] [INFO] Expected Weekly: IDR 41,300 - IDR 123,900
[2026-03-10 08:30:05] [INFO] ✅ Report saved: /home/openclaw/.openclaw/workspace/reports/jendralbot_daily_2026-03-10.md
[2026-03-10 08:30:05] [INFO] 
[2026-03-10 08:30:05] [INFO] ✅ Tracker run complete
[2026-03-10 08:30:05] [INFO] 
[2026-03-10 08:30:05] [INFO] Next actions:
[2026-03-10 08:30:05] [INFO] 1. Manual check of LYNK dashboard for conversions
[2026-03-10 08:30:05] [INFO] 2. Update daily report with actual sales data
[2026-03-10 08:30:05] [INFO] 3. Configure LYNK products if not done yet
