======================================================================
LYNK Monitoring - 2026-03-08 18:00:01
======================================================================

📊 LYNK Dashboard: https://lynk.id/jendralbot
⚠️  Status: Manual check required
💡 Visit URL and note revenue activity

📄 Report: /home/openclaw/.openclaw/workspace/temp/lynk_report.txt
💾 Checkpoint: /home/openclaw/.openclaw/workspace/temp/lynk_checkpoint.json
======================================================================
======================================================================
LYNK Monitoring - 2026-03-08 21:00:01
======================================================================

📊 LYNK Dashboard: https://lynk.id/jendralbot
⚠️  Status: Manual check required
💡 Visit URL and note revenue activity

📄 Report: /home/openclaw/.openclaw/workspace/temp/lynk_report.txt
💾 Checkpoint: /home/openclaw/.openclaw/workspace/temp/lynk_checkpoint.json
======================================================================
======================================================================
LYNK Monitoring - 2026-03-09 00:00:01
======================================================================

📊 LYNK Dashboard: https://lynk.id/jendralbot
⚠️  Status: Manual check required
💡 Visit URL and note revenue activity

📄 Report: /home/openclaw/.openclaw/workspace/temp/lynk_report.txt
💾 Checkpoint: /home/openclaw/.openclaw/workspace/temp/lynk_checkpoint.json
======================================================================
======================================================================
LYNK Monitoring - 2026-03-09 03:00:01
======================================================================

📊 LYNK Dashboard: https://lynk.id/jendralbot
⚠️  Status: Manual check required
💡 Visit URL and note revenue activity

📄 Report: /home/openclaw/.openclaw/workspace/temp/lynk_report.txt
💾 Checkpoint: /home/openclaw/.openclaw/workspace/temp/lynk_checkpoint.json
======================================================================
======================================================================
LYNK Monitoring - 2026-03-09 06:00:01
======================================================================

📊 LYNK Dashboard: https://lynk.id/jendralbot
⚠️  Status: Manual check required
💡 Visit URL and note revenue activity

📄 Report: /home/openclaw/.openclaw/workspace/temp/lynk_report.txt
💾 Checkpoint: /home/openclaw/.openclaw/workspace/temp/lynk_checkpoint.json
======================================================================
======================================================================
LYNK Monitoring - 2026-03-09 09:00:02
======================================================================

📊 LYNK Dashboard: https://lynk.id/jendralbot
⚠️  Status: Manual check required
💡 Visit URL and note revenue activity

📄 Report: /home/openclaw/.openclaw/workspace/temp/lynk_report.txt
💾 Checkpoint: /home/openclaw/.openclaw/workspace/temp/lynk_checkpoint.json
======================================================================
======================================================================
LYNK Monitoring - 2026-03-09 12:00:01
======================================================================

📊 LYNK Dashboard: https://lynk.id/jendralbot
⚠️  Status: Manual check required
💡 Visit URL and note revenue activity

📄 Report: /home/openclaw/.openclaw/workspace/temp/lynk_report.txt
💾 Checkpoint: /home/openclaw/.openclaw/workspace/temp/lynk_checkpoint.json
======================================================================
======================================================================
LYNK Monitoring - 2026-03-09 15:00:01
======================================================================

📊 LYNK Dashboard: https://lynk.id/jendralbot
⚠️  Status: Manual check required
💡 Visit URL and note revenue activity

📄 Report: /home/openclaw/.openclaw/workspace/temp/lynk_report.txt
💾 Checkpoint: /home/openclaw/.openclaw/workspace/temp/lynk_checkpoint.json
======================================================================
======================================================================
LYNK Monitoring - 2026-03-09 18:00:01
======================================================================

📊 LYNK Dashboard: https://lynk.id/jendralbot
⚠️  Status: Manual check required
💡 Visit URL and note revenue activity

📄 Report: /home/openclaw/.openclaw/workspace/temp/lynk_report.txt
💾 Checkpoint: /home/openclaw/.openclaw/workspace/temp/lynk_checkpoint.json
======================================================================
======================================================================
LYNK Monitoring - 2026-03-09 21:00:01
======================================================================

📊 LYNK Dashboard: https://lynk.id/jendralbot
⚠️  Status: Manual check required
💡 Visit URL and note revenue activity

📄 Report: /home/openclaw/.openclaw/workspace/temp/lynk_report.txt
💾 Checkpoint: /home/openclaw/.openclaw/workspace/temp/lynk_checkpoint.json
======================================================================
======================================================================
LYNK Monitoring - 2026-03-10 00:00:01
======================================================================

📊 LYNK Dashboard: https://lynk.id/jendralbot
⚠️  Status: Manual check required
💡 Visit URL and note revenue activity

📄 Report: /home/openclaw/.openclaw/workspace/temp/lynk_report.txt
💾 Checkpoint: /home/openclaw/.openclaw/workspace/temp/lynk_checkpoint.json
======================================================================
======================================================================
LYNK Monitoring - 2026-03-10 03:00:01
======================================================================

📊 LYNK Dashboard: https://lynk.id/jendralbot
⚠️  Status: Manual check required
💡 Visit URL and note revenue activity

📄 Report: /home/openclaw/.openclaw/workspace/temp/lynk_report.txt
💾 Checkpoint: /home/openclaw/.openclaw/workspace/temp/lynk_checkpoint.json
======================================================================
======================================================================
LYNK Monitoring - 2026-03-10 06:00:01
======================================================================

📊 LYNK Dashboard: https://lynk.id/jendralbot
⚠️  Status: Manual check required
💡 Visit URL and note revenue activity

📄 Report: /home/openclaw/.openclaw/workspace/temp/lynk_report.txt
💾 Checkpoint: /home/openclaw/.openclaw/workspace/temp/lynk_checkpoint.json
======================================================================
======================================================================
LYNK Monitoring - 2026-03-10 09:00:01
======================================================================

📊 LYNK Dashboard: https://lynk.id/jendralbot
⚠️  Status: Manual check required
💡 Visit URL and note revenue activity

📄 Report: /home/openclaw/.openclaw/workspace/temp/lynk_report.txt
💾 Checkpoint: /home/openclaw/.openclaw/workspace/temp/lynk_checkpoint.json
======================================================================
======================================================================
LYNK Monitoring - 2026-03-10 12:00:02
======================================================================

📊 LYNK Dashboard: https://lynk.id/jendralbot
⚠️  Status: Manual check required
💡 Visit URL and note revenue activity

📄 Report: /home/openclaw/.openclaw/workspace/temp/lynk_report.txt
💾 Checkpoint: /home/openclaw/.openclaw/workspace/temp/lynk_checkpoint.json
======================================================================
======================================================================
LYNK Monitoring - 2026-03-10 15:00:01
======================================================================

📊 LYNK Dashboard: https://lynk.id/jendralbot
⚠️  Status: Manual check required
💡 Visit URL and note revenue activity

📄 Report: /home/openclaw/.openclaw/workspace/temp/lynk_report.txt
💾 Checkpoint: /home/openclaw/.openclaw/workspace/temp/lynk_checkpoint.json
======================================================================
======================================================================
LYNK Monitoring - 2026-03-10 18:00:02
======================================================================

📊 LYNK Dashboard: https://lynk.id/jendralbot
⚠️  Status: Manual check required
💡 Visit URL and note revenue activity

📄 Report: /home/openclaw/.openclaw/workspace/temp/lynk_report.txt
💾 Checkpoint: /home/openclaw/.openclaw/workspace/temp/lynk_checkpoint.json
======================================================================
======================================================================
LYNK Monitoring - 2026-03-11 15:00:01
======================================================================

📊 LYNK Dashboard: https://lynk.id/jendralbot
⚠️  Status: Manual check required
💡 Visit URL and note revenue activity

📄 Report: /home/openclaw/.openclaw/workspace/temp/lynk_report.txt
💾 Checkpoint: /home/openclaw/.openclaw/workspace/temp/lynk_checkpoint.json
======================================================================
======================================================================
LYNK Monitoring - 2026-03-11 18:00:01
======================================================================

📊 LYNK Dashboard: https://lynk.id/jendralbot
⚠️  Status: Manual check required
💡 Visit URL and note revenue activity

📄 Report: /home/openclaw/.openclaw/workspace/temp/lynk_report.txt
💾 Checkpoint: /home/openclaw/.openclaw/workspace/temp/lynk_checkpoint.json
======================================================================
======================================================================
LYNK Monitoring - 2026-03-11 21:00:02
======================================================================

📊 LYNK Dashboard: https://lynk.id/jendralbot
⚠️  Status: Manual check required
💡 Visit URL and note revenue activity

📄 Report: /home/openclaw/.openclaw/workspace/temp/lynk_report.txt
💾 Checkpoint: /home/openclaw/.openclaw/workspace/temp/lynk_checkpoint.json
======================================================================
======================================================================
LYNK Monitoring - 2026-03-12 00:00:01
======================================================================

📊 LYNK Dashboard: https://lynk.id/jendralbot
⚠️  Status: Manual check required
💡 Visit URL and note revenue activity

📄 Report: /home/openclaw/.openclaw/workspace/temp/lynk_report.txt
💾 Checkpoint: /home/openclaw/.openclaw/workspace/temp/lynk_checkpoint.json
======================================================================
======================================================================
LYNK Monitoring - 2026-03-12 03:00:01
======================================================================

📊 LYNK Dashboard: https://lynk.id/jendralbot
⚠️  Status: Manual check required
💡 Visit URL and note revenue activity

📄 Report: /home/openclaw/.openclaw/workspace/temp/lynk_report.txt
💾 Checkpoint: /home/openclaw/.openclaw/workspace/temp/lynk_checkpoint.json
======================================================================
======================================================================
LYNK Monitoring - 2026-03-12 06:00:01
======================================================================

📊 LYNK Dashboard: https://lynk.id/jendralbot
⚠️  Status: Manual check required
💡 Visit URL and note revenue activity

📄 Report: /home/openclaw/.openclaw/workspace/temp/lynk_report.txt
💾 Checkpoint: /home/openclaw/.openclaw/workspace/temp/lynk_checkpoint.json
======================================================================
======================================================================
LYNK Monitoring - 2026-03-12 09:00:01
======================================================================

📊 LYNK Dashboard: https://lynk.id/jendralbot
⚠️  Status: Manual check required
💡 Visit URL and note revenue activity

📄 Report: /home/openclaw/.openclaw/workspace/temp/lynk_report.txt
💾 Checkpoint: /home/openclaw/.openclaw/workspace/temp/lynk_checkpoint.json
======================================================================
======================================================================
LYNK Monitoring - 2026-03-12 12:00:01
======================================================================

📊 LYNK Dashboard: https://lynk.id/jendralbot
⚠️  Status: Manual check required
💡 Visit URL and note revenue activity

📄 Report: /home/openclaw/.openclaw/workspace/temp/lynk_report.txt
💾 Checkpoint: /home/openclaw/.openclaw/workspace/temp/lynk_checkpoint.json
======================================================================
======================================================================
LYNK Monitoring - 2026-03-12 15:00:01
======================================================================

📊 LYNK Dashboard: https://lynk.id/jendralbot
⚠️  Status: Manual check required
💡 Visit URL and note revenue activity

📄 Report: /home/openclaw/.openclaw/workspace/temp/lynk_report.txt
💾 Checkpoint: /home/openclaw/.openclaw/workspace/temp/lynk_checkpoint.json
======================================================================
======================================================================
LYNK Monitoring - 2026-03-12 18:00:01
======================================================================

📊 LYNK Dashboard: https://lynk.id/jendralbot
⚠️  Status: Manual check required
💡 Visit URL and note revenue activity

📄 Report: /home/openclaw/.openclaw/workspace/temp/lynk_report.txt
💾 Checkpoint: /home/openclaw/.openclaw/workspace/temp/lynk_checkpoint.json
======================================================================
[2026-03-12 18:25] orders=3 paid=0 free=1 new_paid=0 total_idr=0
[2026-03-12 19:00] orders=3 paid=0 free=1 new_paid=0 total_idr=0
[2026-03-12 19:00] Logging into LYNK...
  3 orders fetched
  No new paid sales | Total: IDR 0
[2026-03-12 20:00] orders=3 paid=0 free=1 new_paid=0 total_idr=0
[2026-03-12 20:00] Logging into LYNK...
  3 orders fetched
  No new paid sales | Total: IDR 0
======================================================================
LYNK Monitoring - 2026-03-12 21:00:01
======================================================================

📊 LYNK Dashboard: https://lynk.id/jendralbot
⚠️  Status: Manual check required
💡 Visit URL and note revenue activity

📄 Report: /home/openclaw/.openclaw/workspace/temp/lynk_report.txt
💾 Checkpoint: /home/openclaw/.openclaw/workspace/temp/lynk_checkpoint.json
======================================================================
[2026-03-12 21:00] orders=3 paid=0 free=1 new_paid=0 total_idr=0
[2026-03-12 21:00] Logging into LYNK...
  3 orders fetched
  No new paid sales | Total: IDR 0
[2026-03-12 22:00] Logging into LYNK...
Traceback (most recent call last):
  File "/usr/lib/python3/dist-packages/urllib3/connectionpool.py", line 787, in urlopen
    response = self._make_request(
        conn,
    ...<10 lines>...
        **response_kw,
    )
  File "/usr/lib/python3/dist-packages/urllib3/connectionpool.py", line 534, in _make_request
    response = conn.getresponse()
  File "/usr/lib/python3/dist-packages/urllib3/connection.py", line 571, in getresponse
    httplib_response = super().getresponse()
  File "/usr/lib/python3.13/http/client.py", line 1450, in getresponse
    response.begin()
    ~~~~~~~~~~~~~~^^
  File "/usr/lib/python3.13/http/client.py", line 336, in begin
    version, status, reason = self._read_status()
                              ~~~~~~~~~~~~~~~~~^^
  File "/usr/lib/python3.13/http/client.py", line 297, in _read_status
    line = str(self.fp.readline(_MAXLINE + 1), "iso-8859-1")
               ~~~~~~~~~~~~~~~~^^^^^^^^^^^^^^
  File "/usr/lib/python3.13/socket.py", line 719, in readinto
    return self._sock.recv_into(b)
           ~~~~~~~~~~~~~~~~~~~~^^^
ConnectionResetError: [Errno 104] Connection reset by peer

During handling of the above exception, another exception occurred:

Traceback (most recent call last):
  File "/usr/lib/python3/dist-packages/requests/adapters.py", line 644, in send
    resp = conn.urlopen(
        method=request.method,
    ...<9 lines>...
        chunked=chunked,
    )
  File "/usr/lib/python3/dist-packages/urllib3/connectionpool.py", line 841, in urlopen
    retries = retries.increment(
        method, url, error=new_e, _pool=self, _stacktrace=sys.exc_info()[2]
    )
  File "/usr/lib/python3/dist-packages/urllib3/util/retry.py", line 490, in increment
    raise reraise(type(error), error, _stacktrace)
          ~~~~~~~^^^^^^^^^^^^^^^^^^^^^^^^^^^^^^^^^
  File "/usr/lib/python3/dist-packages/urllib3/util/util.py", line 38, in reraise
    raise value.with_traceback(tb)
  File "/usr/lib/python3/dist-packages/urllib3/connectionpool.py", line 787, in urlopen
    response = self._make_request(
        conn,
    ...<10 lines>...
        **response_kw,
    )
  File "/usr/lib/python3/dist-packages/urllib3/connectionpool.py", line 534, in _make_request
    response = conn.getresponse()
  File "/usr/lib/python3/dist-packages/urllib3/connection.py", line 571, in getresponse
    httplib_response = super().getresponse()
  File "/usr/lib/python3.13/http/client.py", line 1450, in getresponse
    response.begin()
    ~~~~~~~~~~~~~~^^
  File "/usr/lib/python3.13/http/client.py", line 336, in begin
    version, status, reason = self._read_status()
                              ~~~~~~~~~~~~~~~~~^^
  File "/usr/lib/python3.13/http/client.py", line 297, in _read_status
    line = str(self.fp.readline(_MAXLINE + 1), "iso-8859-1")
               ~~~~~~~~~~~~~~~~^^^^^^^^^^^^^^
  File "/usr/lib/python3.13/socket.py", line 719, in readinto
    return self._sock.recv_into(b)
           ~~~~~~~~~~~~~~~~~~~~^^^
urllib3.exceptions.ProtocolError: ('Connection aborted.', ConnectionResetError(104, 'Connection reset by peer'))

During handling of the above exception, another exception occurred:

Traceback (most recent call last):
  File "/home/openclaw/.openclaw/workspace/scripts/lynk_revenue_monitor.py", line 153, in <module>
    check()
    ~~~~~^^
  File "/home/openclaw/.openclaw/workspace/scripts/lynk_revenue_monitor.py", line 109, in check
    session = login()
  File "/home/openclaw/.openclaw/workspace/scripts/lynk_revenue_monitor.py", line 42, in login
    r2 = s.post(f"{LYNK_BASE}/auth/login", data={
        '_csrf_token': csrf.group(1) if csrf else '',
        'username': LYNK_EMAIL, 'password': LYNK_PASSWORD,
    }, allow_redirects=True, timeout=10)
  File "/usr/lib/python3/dist-packages/requests/sessions.py", line 637, in post
    return self.request("POST", url, data=data, json=json, **kwargs)
           ~~~~~~~~~~~~^^^^^^^^^^^^^^^^^^^^^^^^^^^^^^^^^^^^^^^^^^^^^
  File "/usr/lib/python3/dist-packages/requests/sessions.py", line 589, in request
    resp = self.send(prep, **send_kwargs)
  File "/usr/lib/python3/dist-packages/requests/sessions.py", line 724, in send
    history = [resp for resp in gen]
                                ^^^
  File "/usr/lib/python3/dist-packages/requests/sessions.py", line 265, in resolve_redirects
    resp = self.send(
        req,
    ...<6 lines>...
        **adapter_kwargs,
    )
  File "/usr/lib/python3/dist-packages/requests/sessions.py", line 703, in send
    r = adapter.send(request, **kwargs)
  File "/usr/lib/python3/dist-packages/requests/adapters.py", line 659, in send
    raise ConnectionError(err, request=request)
requests.exceptions.ConnectionError: ('Connection aborted.', ConnectionResetError(104, 'Connection reset by peer'))
[2026-03-12 23:00] orders=3 paid=0 free=1 new_paid=0 total_idr=0
[2026-03-12 23:00] Logging into LYNK...
  3 orders fetched
  No new paid sales | Total: IDR 0
======================================================================
LYNK Monitoring - 2026-03-13 00:00:01
======================================================================

📊 LYNK Dashboard: https://lynk.id/jendralbot
⚠️  Status: Manual check required
💡 Visit URL and note revenue activity

📄 Report: /home/openclaw/.openclaw/workspace/temp/lynk_report.txt
💾 Checkpoint: /home/openclaw/.openclaw/workspace/temp/lynk_checkpoint.json
======================================================================
[2026-03-13 00:00] orders=3 paid=0 free=1 new_paid=0 total_idr=0
[2026-03-13 00:00] Logging into LYNK...
  3 orders fetched
  No new paid sales | Total: IDR 0
[2026-03-13 01:00] orders=3 paid=0 free=1 new_paid=0 total_idr=0
[2026-03-13 01:00] Logging into LYNK...
  3 orders fetched
  No new paid sales | Total: IDR 0
[2026-03-13 02:00] orders=3 paid=0 free=1 new_paid=0 total_idr=0
[2026-03-13 02:00] Logging into LYNK...
  3 orders fetched
  No new paid sales | Total: IDR 0
======================================================================
LYNK Monitoring - 2026-03-13 03:00:01
======================================================================

📊 LYNK Dashboard: https://lynk.id/jendralbot
⚠️  Status: Manual check required
💡 Visit URL and note revenue activity

📄 Report: /home/openclaw/.openclaw/workspace/temp/lynk_report.txt
💾 Checkpoint: /home/openclaw/.openclaw/workspace/temp/lynk_checkpoint.json
======================================================================
[2026-03-13 03:00] orders=3 paid=0 free=1 new_paid=0 total_idr=0
[2026-03-13 03:00] Logging into LYNK...
  3 orders fetched
  No new paid sales | Total: IDR 0
[2026-03-13 04:00] orders=3 paid=0 free=1 new_paid=0 total_idr=0
[2026-03-13 04:00] Logging into LYNK...
  3 orders fetched
  No new paid sales | Total: IDR 0
[2026-03-13 05:00] orders=3 paid=0 free=1 new_paid=0 total_idr=0
[2026-03-13 05:00] Logging into LYNK...
  3 orders fetched
  No new paid sales | Total: IDR 0
======================================================================
LYNK Monitoring - 2026-03-13 06:00:01
======================================================================

📊 LYNK Dashboard: https://lynk.id/jendralbot
⚠️  Status: Manual check required
💡 Visit URL and note revenue activity

📄 Report: /home/openclaw/.openclaw/workspace/temp/lynk_report.txt
💾 Checkpoint: /home/openclaw/.openclaw/workspace/temp/lynk_checkpoint.json
======================================================================
[2026-03-13 06:00] orders=3 paid=0 free=1 new_paid=0 total_idr=0
[2026-03-13 06:00] Logging into LYNK...
  3 orders fetched
  No new paid sales | Total: IDR 0
[2026-03-13 07:00] orders=3 paid=0 free=1 new_paid=0 total_idr=0
[2026-03-13 07:00] Logging into LYNK...
  3 orders fetched
  No new paid sales | Total: IDR 0
[2026-03-13 08:00] orders=3 paid=0 free=1 new_paid=0 total_idr=0
[2026-03-13 08:00] Logging into LYNK...
  3 orders fetched
  No new paid sales | Total: IDR 0
======================================================================
LYNK Monitoring - 2026-03-13 09:00:01
======================================================================

📊 LYNK Dashboard: https://lynk.id/jendralbot
⚠️  Status: Manual check required
💡 Visit URL and note revenue activity

📄 Report: /home/openclaw/.openclaw/workspace/temp/lynk_report.txt
💾 Checkpoint: /home/openclaw/.openclaw/workspace/temp/lynk_checkpoint.json
======================================================================
[2026-03-13 09:00] orders=3 paid=0 free=1 new_paid=0 total_idr=0
[2026-03-13 09:00] Logging into LYNK...
  3 orders fetched
  No new paid sales | Total: IDR 0
[2026-03-13 10:00] orders=3 paid=0 free=1 new_paid=0 total_idr=0
[2026-03-13 10:00] Logging into LYNK...
  3 orders fetched
  No new paid sales | Total: IDR 0
[2026-03-13 11:00] orders=3 paid=0 free=1 new_paid=0 total_idr=0
[2026-03-13 11:00] Logging into LYNK...
  3 orders fetched
  No new paid sales | Total: IDR 0
======================================================================
LYNK Monitoring - 2026-03-13 12:00:01
======================================================================

📊 LYNK Dashboard: https://lynk.id/jendralbot
⚠️  Status: Manual check required
💡 Visit URL and note revenue activity

📄 Report: /home/openclaw/.openclaw/workspace/temp/lynk_report.txt
💾 Checkpoint: /home/openclaw/.openclaw/workspace/temp/lynk_checkpoint.json
======================================================================
[2026-03-13 12:00] orders=3 paid=0 free=1 new_paid=0 total_idr=0
[2026-03-13 12:00] Logging into LYNK...
  3 orders fetched
  No new paid sales | Total: IDR 0
[2026-03-13 13:00] orders=3 paid=0 free=1 new_paid=0 total_idr=0
[2026-03-13 13:00] Logging into LYNK...
  3 orders fetched
  No new paid sales | Total: IDR 0
[2026-03-13 14:00] orders=3 paid=0 free=1 new_paid=0 total_idr=0
[2026-03-13 14:00] Logging into LYNK...
  3 orders fetched
  No new paid sales | Total: IDR 0
======================================================================
LYNK Monitoring - 2026-03-13 15:00:01
======================================================================

📊 LYNK Dashboard: https://lynk.id/jendralbot
⚠️  Status: Manual check required
💡 Visit URL and note revenue activity

📄 Report: /home/openclaw/.openclaw/workspace/temp/lynk_report.txt
💾 Checkpoint: /home/openclaw/.openclaw/workspace/temp/lynk_checkpoint.json
======================================================================
[2026-03-13 15:00] orders=3 paid=0 free=1 new_paid=0 total_idr=0
[2026-03-13 15:00] Logging into LYNK...
  3 orders fetched
  No new paid sales | Total: IDR 0
[2026-03-13 16:00] orders=3 paid=0 free=1 new_paid=0 total_idr=0
[2026-03-13 16:00] Logging into LYNK...
  3 orders fetched
  No new paid sales | Total: IDR 0
[2026-03-13 17:00] orders=3 paid=0 free=1 new_paid=0 total_idr=0
[2026-03-13 17:00] Logging into LYNK...
  3 orders fetched
  No new paid sales | Total: IDR 0
======================================================================
LYNK Monitoring - 2026-03-13 18:00:01
======================================================================

📊 LYNK Dashboard: https://lynk.id/jendralbot
⚠️  Status: Manual check required
💡 Visit URL and note revenue activity

📄 Report: /home/openclaw/.openclaw/workspace/temp/lynk_report.txt
💾 Checkpoint: /home/openclaw/.openclaw/workspace/temp/lynk_checkpoint.json
======================================================================
[2026-03-13 18:00] orders=3 paid=0 free=1 new_paid=0 total_idr=0
[2026-03-13 18:00] Logging into LYNK...
  3 orders fetched
  No new paid sales | Total: IDR 0
[2026-03-13 19:00] orders=3 paid=0 free=1 new_paid=0 total_idr=0
[2026-03-13 19:00] Logging into LYNK...
  3 orders fetched
  No new paid sales | Total: IDR 0
[2026-03-13 20:00] orders=3 paid=0 free=1 new_paid=0 total_idr=0
[2026-03-13 20:00] Logging into LYNK...
  3 orders fetched
  No new paid sales | Total: IDR 0
======================================================================
LYNK Monitoring - 2026-03-13 21:00:01
======================================================================

📊 LYNK Dashboard: https://lynk.id/jendralbot
⚠️  Status: Manual check required
💡 Visit URL and note revenue activity

📄 Report: /home/openclaw/.openclaw/workspace/temp/lynk_report.txt
💾 Checkpoint: /home/openclaw/.openclaw/workspace/temp/lynk_checkpoint.json
======================================================================
[2026-03-13 21:00] orders=3 paid=0 free=1 new_paid=0 total_idr=0
[2026-03-13 21:00] Logging into LYNK...
  3 orders fetched
  No new paid sales | Total: IDR 0
[2026-03-13 22:00] orders=3 paid=0 free=1 new_paid=0 total_idr=0
[2026-03-13 22:00] Logging into LYNK...
  3 orders fetched
  No new paid sales | Total: IDR 0
[2026-03-13 23:00] Logging into LYNK...
Traceback (most recent call last):
  File "/usr/lib/python3/dist-packages/urllib3/connectionpool.py", line 787, in urlopen
    response = self._make_request(
        conn,
    ...<10 lines>...
        **response_kw,
    )
  File "/usr/lib/python3/dist-packages/urllib3/connectionpool.py", line 488, in _make_request
    raise new_e
  File "/usr/lib/python3/dist-packages/urllib3/connectionpool.py", line 464, in _make_request
    self._validate_conn(conn)
    ~~~~~~~~~~~~~~~~~~~^^^^^^
  File "/usr/lib/python3/dist-packages/urllib3/connectionpool.py", line 1093, in _validate_conn
    conn.connect()
    ~~~~~~~~~~~~^^
  File "/usr/lib/python3/dist-packages/urllib3/connection.py", line 796, in connect
    sock_and_verified = _ssl_wrap_socket_and_match_hostname(
        sock=sock,
    ...<14 lines>...
        assert_fingerprint=self.assert_fingerprint,
    )
  File "/usr/lib/python3/dist-packages/urllib3/connection.py", line 975, in _ssl_wrap_socket_and_match_hostname
    ssl_sock = ssl_wrap_socket(
        sock=sock,
    ...<8 lines>...
        tls_in_tls=tls_in_tls,
    )
  File "/usr/lib/python3/dist-packages/urllib3/util/ssl_.py", line 483, in ssl_wrap_socket
    ssl_sock = _ssl_wrap_socket_impl(sock, context, tls_in_tls, server_hostname)
  File "/usr/lib/python3/dist-packages/urllib3/util/ssl_.py", line 527, in _ssl_wrap_socket_impl
    return ssl_context.wrap_socket(sock, server_hostname=server_hostname)
           ~~~~~~~~~~~~~~~~~~~~~~~^^^^^^^^^^^^^^^^^^^^^^^^^^^^^^^^^^^^^^^
  File "/usr/lib/python3.13/ssl.py", line 455, in wrap_socket
    return self.sslsocket_class._create(
           ~~~~~~~~~~~~~~~~~~~~~~~~~~~~^
        sock=sock,
        ^^^^^^^^^^
    ...<5 lines>...
        session=session
        ^^^^^^^^^^^^^^^
    )
    ^
  File "/usr/lib/python3.13/ssl.py", line 1076, in _create
    self.do_handshake()
    ~~~~~~~~~~~~~~~~~^^
  File "/usr/lib/python3.13/ssl.py", line 1372, in do_handshake
    self._sslobj.do_handshake()
    ~~~~~~~~~~~~~~~~~~~~~~~~~^^
ConnectionResetError: [Errno 104] Connection reset by peer

During handling of the above exception, another exception occurred:

Traceback (most recent call last):
  File "/usr/lib/python3/dist-packages/requests/adapters.py", line 644, in send
    resp = conn.urlopen(
        method=request.method,
    ...<9 lines>...
        chunked=chunked,
    )
  File "/usr/lib/python3/dist-packages/urllib3/connectionpool.py", line 841, in urlopen
    retries = retries.increment(
        method, url, error=new_e, _pool=self, _stacktrace=sys.exc_info()[2]
    )
  File "/usr/lib/python3/dist-packages/urllib3/util/retry.py", line 490, in increment
    raise reraise(type(error), error, _stacktrace)
          ~~~~~~~^^^^^^^^^^^^^^^^^^^^^^^^^^^^^^^^^
  File "/usr/lib/python3/dist-packages/urllib3/util/util.py", line 38, in reraise
    raise value.with_traceback(tb)
  File "/usr/lib/python3/dist-packages/urllib3/connectionpool.py", line 787, in urlopen
    response = self._make_request(
        conn,
    ...<10 lines>...
        **response_kw,
    )
  File "/usr/lib/python3/dist-packages/urllib3/connectionpool.py", line 488, in _make_request
    raise new_e
  File "/usr/lib/python3/dist-packages/urllib3/connectionpool.py", line 464, in _make_request
    self._validate_conn(conn)
    ~~~~~~~~~~~~~~~~~~~^^^^^^
  File "/usr/lib/python3/dist-packages/urllib3/connectionpool.py", line 1093, in _validate_conn
    conn.connect()
    ~~~~~~~~~~~~^^
  File "/usr/lib/python3/dist-packages/urllib3/connection.py", line 796, in connect
    sock_and_verified = _ssl_wrap_socket_and_match_hostname(
        sock=sock,
    ...<14 lines>...
        assert_fingerprint=self.assert_fingerprint,
    )
  File "/usr/lib/python3/dist-packages/urllib3/connection.py", line 975, in _ssl_wrap_socket_and_match_hostname
    ssl_sock = ssl_wrap_socket(
        sock=sock,
    ...<8 lines>...
        tls_in_tls=tls_in_tls,
    )
  File "/usr/lib/python3/dist-packages/urllib3/util/ssl_.py", line 483, in ssl_wrap_socket
    ssl_sock = _ssl_wrap_socket_impl(sock, context, tls_in_tls, server_hostname)
  File "/usr/lib/python3/dist-packages/urllib3/util/ssl_.py", line 527, in _ssl_wrap_socket_impl
    return ssl_context.wrap_socket(sock, server_hostname=server_hostname)
           ~~~~~~~~~~~~~~~~~~~~~~~^^^^^^^^^^^^^^^^^^^^^^^^^^^^^^^^^^^^^^^
  File "/usr/lib/python3.13/ssl.py", line 455, in wrap_socket
    return self.sslsocket_class._create(
           ~~~~~~~~~~~~~~~~~~~~~~~~~~~~^
        sock=sock,
        ^^^^^^^^^^
    ...<5 lines>...
        session=session
        ^^^^^^^^^^^^^^^
    )
    ^
  File "/usr/lib/python3.13/ssl.py", line 1076, in _create
    self.do_handshake()
    ~~~~~~~~~~~~~~~~~^^
  File "/usr/lib/python3.13/ssl.py", line 1372, in do_handshake
    self._sslobj.do_handshake()
    ~~~~~~~~~~~~~~~~~~~~~~~~~^^
urllib3.exceptions.ProtocolError: ('Connection aborted.', ConnectionResetError(104, 'Connection reset by peer'))

During handling of the above exception, another exception occurred:

Traceback (most recent call last):
  File "/home/openclaw/.openclaw/workspace/scripts/lynk_revenue_monitor.py", line 153, in <module>
    check()
    ~~~~~^^
  File "/home/openclaw/.openclaw/workspace/scripts/lynk_revenue_monitor.py", line 109, in check
    session = login()
  File "/home/openclaw/.openclaw/workspace/scripts/lynk_revenue_monitor.py", line 39, in login
    r = s.get(f"{LYNK_BASE}/login", timeout=10)
  File "/usr/lib/python3/dist-packages/requests/sessions.py", line 602, in get
    return self.request("GET", url, **kwargs)
           ~~~~~~~~~~~~^^^^^^^^^^^^^^^^^^^^^^
  File "/usr/lib/python3/dist-packages/requests/sessions.py", line 589, in request
    resp = self.send(prep, **send_kwargs)
  File "/usr/lib/python3/dist-packages/requests/sessions.py", line 703, in send
    r = adapter.send(request, **kwargs)
  File "/usr/lib/python3/dist-packages/requests/adapters.py", line 659, in send
    raise ConnectionError(err, request=request)
requests.exceptions.ConnectionError: ('Connection aborted.', ConnectionResetError(104, 'Connection reset by peer'))
======================================================================
LYNK Monitoring - 2026-03-14 00:00:01
======================================================================

📊 LYNK Dashboard: https://lynk.id/jendralbot
⚠️  Status: Manual check required
💡 Visit URL and note revenue activity

📄 Report: /home/openclaw/.openclaw/workspace/temp/lynk_report.txt
💾 Checkpoint: /home/openclaw/.openclaw/workspace/temp/lynk_checkpoint.json
======================================================================
[2026-03-14 00:00] orders=3 paid=0 free=1 new_paid=0 total_idr=0
[2026-03-14 00:00] Logging into LYNK...
  3 orders fetched
  No new paid sales | Total: IDR 0
[2026-03-14 01:00] orders=3 paid=0 free=1 new_paid=0 total_idr=0
[2026-03-14 01:00] Logging into LYNK...
  3 orders fetched
  No new paid sales | Total: IDR 0
[2026-03-14 02:00] orders=3 paid=0 free=1 new_paid=0 total_idr=0
[2026-03-14 02:00] Logging into LYNK...
  3 orders fetched
  No new paid sales | Total: IDR 0
======================================================================
LYNK Monitoring - 2026-03-14 03:00:01
======================================================================

📊 LYNK Dashboard: https://lynk.id/jendralbot
⚠️  Status: Manual check required
💡 Visit URL and note revenue activity

📄 Report: /home/openclaw/.openclaw/workspace/temp/lynk_report.txt
💾 Checkpoint: /home/openclaw/.openclaw/workspace/temp/lynk_checkpoint.json
======================================================================
[2026-03-14 03:00] orders=3 paid=0 free=1 new_paid=0 total_idr=0
[2026-03-14 03:00] Logging into LYNK...
  3 orders fetched
  No new paid sales | Total: IDR 0
[2026-03-14 04:00] orders=3 paid=0 free=1 new_paid=0 total_idr=0
[2026-03-14 04:00] Logging into LYNK...
  3 orders fetched
  No new paid sales | Total: IDR 0
[2026-03-14 05:00] orders=3 paid=0 free=1 new_paid=0 total_idr=0
[2026-03-14 05:00] Logging into LYNK...
  3 orders fetched
  No new paid sales | Total: IDR 0
======================================================================
LYNK Monitoring - 2026-03-14 06:00:01
======================================================================

📊 LYNK Dashboard: https://lynk.id/jendralbot
⚠️  Status: Manual check required
💡 Visit URL and note revenue activity

📄 Report: /home/openclaw/.openclaw/workspace/temp/lynk_report.txt
💾 Checkpoint: /home/openclaw/.openclaw/workspace/temp/lynk_checkpoint.json
======================================================================
[2026-03-14 06:00] orders=3 paid=0 free=1 new_paid=0 total_idr=0
[2026-03-14 06:00] Logging into LYNK...
  3 orders fetched
  No new paid sales | Total: IDR 0
[2026-03-14 07:00] orders=3 paid=0 free=1 new_paid=0 total_idr=0
[2026-03-14 07:00] Logging into LYNK...
  3 orders fetched
  No new paid sales | Total: IDR 0
[2026-03-14 08:00] orders=3 paid=0 free=1 new_paid=0 total_idr=0
[2026-03-14 08:00] Logging into LYNK...
  3 orders fetched
  No new paid sales | Total: IDR 0
======================================================================
LYNK Monitoring - 2026-03-14 09:00:01
======================================================================

📊 LYNK Dashboard: https://lynk.id/jendralbot
⚠️  Status: Manual check required
💡 Visit URL and note revenue activity

📄 Report: /home/openclaw/.openclaw/workspace/temp/lynk_report.txt
💾 Checkpoint: /home/openclaw/.openclaw/workspace/temp/lynk_checkpoint.json
======================================================================
[2026-03-14 09:00] orders=3 paid=0 free=1 new_paid=0 total_idr=0
[2026-03-14 09:00] Logging into LYNK...
  3 orders fetched
  No new paid sales | Total: IDR 0
[2026-03-14 10:00] orders=3 paid=0 free=1 new_paid=0 total_idr=0
[2026-03-14 10:00] Logging into LYNK...
  3 orders fetched
  No new paid sales | Total: IDR 0
[2026-03-14 11:00] orders=3 paid=0 free=1 new_paid=0 total_idr=0
[2026-03-14 11:00] Logging into LYNK...
  3 orders fetched
  No new paid sales | Total: IDR 0
======================================================================
LYNK Monitoring - 2026-03-14 12:00:01
======================================================================

📊 LYNK Dashboard: https://lynk.id/jendralbot
⚠️  Status: Manual check required
💡 Visit URL and note revenue activity

📄 Report: /home/openclaw/.openclaw/workspace/temp/lynk_report.txt
💾 Checkpoint: /home/openclaw/.openclaw/workspace/temp/lynk_checkpoint.json
======================================================================
[2026-03-14 12:00] orders=3 paid=0 free=1 new_paid=0 total_idr=0
[2026-03-14 12:00] Logging into LYNK...
  3 orders fetched
  No new paid sales | Total: IDR 0
[2026-03-14 13:00] orders=3 paid=0 free=1 new_paid=0 total_idr=0
[2026-03-14 13:00] Logging into LYNK...
  3 orders fetched
  No new paid sales | Total: IDR 0
[2026-03-14 14:00] orders=3 paid=0 free=1 new_paid=0 total_idr=0
[2026-03-14 14:00] Logging into LYNK...
  3 orders fetched
  No new paid sales | Total: IDR 0
======================================================================
LYNK Monitoring - 2026-03-14 15:00:01
======================================================================

📊 LYNK Dashboard: https://lynk.id/jendralbot
⚠️  Status: Manual check required
💡 Visit URL and note revenue activity

📄 Report: /home/openclaw/.openclaw/workspace/temp/lynk_report.txt
💾 Checkpoint: /home/openclaw/.openclaw/workspace/temp/lynk_checkpoint.json
======================================================================
[2026-03-14 15:00] orders=3 paid=0 free=1 new_paid=0 total_idr=0
[2026-03-14 15:00] Logging into LYNK...
  3 orders fetched
  No new paid sales | Total: IDR 0
[2026-03-14 16:00] orders=3 paid=0 free=1 new_paid=0 total_idr=0
[2026-03-14 16:00] Logging into LYNK...
  3 orders fetched
  No new paid sales | Total: IDR 0
<<<<<<< Updated upstream
[2026-03-14 17:00] orders=4 paid=0 free=1 new_paid=0 total_idr=0
[2026-03-14 17:00] Logging into LYNK...
  4 orders fetched
  No new paid sales | Total: IDR 0
======================================================================
LYNK Monitoring - 2026-03-14 18:00:01
=======
[2026-03-16 13:00] orders=4 paid=0 free=1 new_paid=0 total_idr=0
[2026-03-16 13:00] Logging into LYNK...
  4 orders fetched
  No new paid sales | Total: IDR 0
[2026-03-16 14:00] orders=4 paid=0 free=1 new_paid=0 total_idr=0
[2026-03-16 14:00] Logging into LYNK...
  4 orders fetched
  No new paid sales | Total: IDR 0
======================================================================
LYNK Monitoring - 2026-03-16 15:00:01
>>>>>>> Stashed changes
======================================================================

📊 LYNK Dashboard: https://lynk.id/jendralbot
⚠️  Status: Manual check required
💡 Visit URL and note revenue activity

📄 Report: /home/openclaw/.openclaw/workspace/temp/lynk_report.txt
💾 Checkpoint: /home/openclaw/.openclaw/workspace/temp/lynk_checkpoint.json
======================================================================
<<<<<<< Updated upstream
[2026-03-14 18:00] orders=4 paid=0 free=1 new_paid=0 total_idr=0
[2026-03-14 18:00] Logging into LYNK...
  4 orders fetched
  No new paid sales | Total: IDR 0
[2026-03-14 19:00] orders=4 paid=0 free=1 new_paid=0 total_idr=0
[2026-03-14 19:00] Logging into LYNK...
  4 orders fetched
  No new paid sales | Total: IDR 0
[2026-03-14 20:00] orders=4 paid=0 free=1 new_paid=0 total_idr=0
[2026-03-14 20:00] Logging into LYNK...
  4 orders fetched
  No new paid sales | Total: IDR 0
======================================================================
LYNK Monitoring - 2026-03-14 21:00:01
=======
[2026-03-16 15:00] orders=4 paid=0 free=1 new_paid=0 total_idr=0
[2026-03-16 15:00] Logging into LYNK...
  4 orders fetched
  No new paid sales | Total: IDR 0
[2026-03-16 16:00] orders=4 paid=0 free=1 new_paid=0 total_idr=0
[2026-03-16 16:00] Logging into LYNK...
  4 orders fetched
  No new paid sales | Total: IDR 0
[2026-03-16 17:00] orders=4 paid=0 free=1 new_paid=0 total_idr=0
[2026-03-16 17:00] Logging into LYNK...
  4 orders fetched
  No new paid sales | Total: IDR 0
======================================================================
LYNK Monitoring - 2026-03-16 18:00:01
>>>>>>> Stashed changes
======================================================================

📊 LYNK Dashboard: https://lynk.id/jendralbot
⚠️  Status: Manual check required
💡 Visit URL and note revenue activity

📄 Report: /home/openclaw/.openclaw/workspace/temp/lynk_report.txt
💾 Checkpoint: /home/openclaw/.openclaw/workspace/temp/lynk_checkpoint.json
======================================================================
<<<<<<< Updated upstream
[2026-03-14 21:00] orders=4 paid=0 free=1 new_paid=0 total_idr=0
[2026-03-14 21:00] Logging into LYNK...
  4 orders fetched
  No new paid sales | Total: IDR 0
[2026-03-14 22:00] orders=4 paid=0 free=1 new_paid=0 total_idr=0
[2026-03-14 22:00] Logging into LYNK...
  4 orders fetched
  No new paid sales | Total: IDR 0
======================================================================
LYNK Monitoring - 2026-03-15 00:00:01
=======
[2026-03-16 18:00] orders=4 paid=0 free=1 new_paid=0 total_idr=0
[2026-03-16 18:00] Logging into LYNK...
  4 orders fetched
  No new paid sales | Total: IDR 0
[2026-03-16 19:00] orders=4 paid=0 free=1 new_paid=0 total_idr=0
[2026-03-16 19:00] Logging into LYNK...
  4 orders fetched
  No new paid sales | Total: IDR 0
[2026-03-16 20:00] orders=4 paid=0 free=1 new_paid=0 total_idr=0
[2026-03-16 20:00] Logging into LYNK...
  4 orders fetched
  No new paid sales | Total: IDR 0
======================================================================
LYNK Monitoring - 2026-03-17 00:00:01
>>>>>>> Stashed changes
======================================================================

📊 LYNK Dashboard: https://lynk.id/jendralbot
⚠️  Status: Manual check required
💡 Visit URL and note revenue activity

📄 Report: /home/openclaw/.openclaw/workspace/temp/lynk_report.txt
💾 Checkpoint: /home/openclaw/.openclaw/workspace/temp/lynk_checkpoint.json
======================================================================
<<<<<<< Updated upstream
[2026-03-15 00:00] orders=4 paid=0 free=1 new_paid=0 total_idr=0
[2026-03-15 00:00] Logging into LYNK...
  4 orders fetched
  No new paid sales | Total: IDR 0
[2026-03-15 01:00] orders=4 paid=0 free=1 new_paid=0 total_idr=0
[2026-03-15 01:00] Logging into LYNK...
  4 orders fetched
  No new paid sales | Total: IDR 0
[2026-03-15 02:00] orders=4 paid=0 free=1 new_paid=0 total_idr=0
[2026-03-15 02:00] Logging into LYNK...
  4 orders fetched
  No new paid sales | Total: IDR 0
======================================================================
LYNK Monitoring - 2026-03-15 03:00:01
=======
[2026-03-17 00:00] orders=4 paid=0 free=1 new_paid=0 total_idr=0
[2026-03-17 00:00] Logging into LYNK...
  4 orders fetched
  No new paid sales | Total: IDR 0
[2026-03-17 01:00] orders=4 paid=0 free=1 new_paid=0 total_idr=0
[2026-03-17 01:00] Logging into LYNK...
  4 orders fetched
  No new paid sales | Total: IDR 0
[2026-03-17 02:00] orders=4 paid=0 free=1 new_paid=0 total_idr=0
[2026-03-17 02:00] Logging into LYNK...
  4 orders fetched
  No new paid sales | Total: IDR 0
======================================================================
LYNK Monitoring - 2026-03-17 03:00:01
>>>>>>> Stashed changes
======================================================================

📊 LYNK Dashboard: https://lynk.id/jendralbot
⚠️  Status: Manual check required
💡 Visit URL and note revenue activity

📄 Report: /home/openclaw/.openclaw/workspace/temp/lynk_report.txt
💾 Checkpoint: /home/openclaw/.openclaw/workspace/temp/lynk_checkpoint.json
======================================================================
<<<<<<< Updated upstream
[2026-03-15 03:00] orders=4 paid=0 free=1 new_paid=0 total_idr=0
[2026-03-15 03:00] Logging into LYNK...
  4 orders fetched
  No new paid sales | Total: IDR 0
[2026-03-15 04:00] orders=4 paid=0 free=1 new_paid=0 total_idr=0
[2026-03-15 04:00] Logging into LYNK...
  4 orders fetched
  No new paid sales | Total: IDR 0
[2026-03-15 05:00] orders=4 paid=0 free=1 new_paid=0 total_idr=0
[2026-03-15 05:00] Logging into LYNK...
  4 orders fetched
  No new paid sales | Total: IDR 0
======================================================================
LYNK Monitoring - 2026-03-15 06:00:01
=======
[2026-03-17 03:00] orders=4 paid=0 free=1 new_paid=0 total_idr=0
[2026-03-17 03:00] Logging into LYNK...
  4 orders fetched
  No new paid sales | Total: IDR 0
[2026-03-17 04:00] orders=4 paid=0 free=1 new_paid=0 total_idr=0
[2026-03-17 04:00] Logging into LYNK...
  4 orders fetched
  No new paid sales | Total: IDR 0
[2026-03-17 05:00] orders=4 paid=0 free=1 new_paid=0 total_idr=0
[2026-03-17 05:00] Logging into LYNK...
  4 orders fetched
  No new paid sales | Total: IDR 0
======================================================================
LYNK Monitoring - 2026-03-17 06:00:01
>>>>>>> Stashed changes
======================================================================

📊 LYNK Dashboard: https://lynk.id/jendralbot
⚠️  Status: Manual check required
💡 Visit URL and note revenue activity

📄 Report: /home/openclaw/.openclaw/workspace/temp/lynk_report.txt
💾 Checkpoint: /home/openclaw/.openclaw/workspace/temp/lynk_checkpoint.json
======================================================================
<<<<<<< Updated upstream
[2026-03-15 06:00] orders=4 paid=0 free=1 new_paid=0 total_idr=0
[2026-03-15 06:00] Logging into LYNK...
  4 orders fetched
  No new paid sales | Total: IDR 0
[2026-03-15 07:00] orders=4 paid=0 free=1 new_paid=0 total_idr=0
[2026-03-15 07:00] Logging into LYNK...
  4 orders fetched
  No new paid sales | Total: IDR 0
[2026-03-15 08:00] orders=4 paid=0 free=1 new_paid=0 total_idr=0
[2026-03-15 08:00] Logging into LYNK...
  4 orders fetched
  No new paid sales | Total: IDR 0
======================================================================
LYNK Monitoring - 2026-03-15 09:00:01
=======
[2026-03-17 06:00] orders=4 paid=0 free=1 new_paid=0 total_idr=0
[2026-03-17 06:00] Logging into LYNK...
  4 orders fetched
  No new paid sales | Total: IDR 0
[2026-03-17 07:00] orders=4 paid=0 free=1 new_paid=0 total_idr=0
[2026-03-17 07:00] Logging into LYNK...
  4 orders fetched
  No new paid sales | Total: IDR 0
[2026-03-17 08:00] orders=4 paid=0 free=1 new_paid=0 total_idr=0
[2026-03-17 08:00] Logging into LYNK...
  4 orders fetched
  No new paid sales | Total: IDR 0
======================================================================
LYNK Monitoring - 2026-03-17 09:00:01
>>>>>>> Stashed changes
======================================================================

📊 LYNK Dashboard: https://lynk.id/jendralbot
⚠️  Status: Manual check required
💡 Visit URL and note revenue activity

📄 Report: /home/openclaw/.openclaw/workspace/temp/lynk_report.txt
💾 Checkpoint: /home/openclaw/.openclaw/workspace/temp/lynk_checkpoint.json
======================================================================
<<<<<<< Updated upstream
[2026-03-15 09:00] orders=4 paid=0 free=1 new_paid=0 total_idr=0
[2026-03-15 09:00] Logging into LYNK...
  4 orders fetched
  No new paid sales | Total: IDR 0
[2026-03-15 10:00] orders=4 paid=0 free=1 new_paid=0 total_idr=0
[2026-03-15 10:00] Logging into LYNK...
  4 orders fetched
  No new paid sales | Total: IDR 0
[2026-03-15 11:00] orders=4 paid=0 free=1 new_paid=0 total_idr=0
[2026-03-15 11:00] Logging into LYNK...
  4 orders fetched
  No new paid sales | Total: IDR 0
======================================================================
LYNK Monitoring - 2026-03-15 12:00:01
=======
[2026-03-17 09:00] orders=4 paid=0 free=1 new_paid=0 total_idr=0
[2026-03-17 09:00] Logging into LYNK...
  4 orders fetched
  No new paid sales | Total: IDR 0
[2026-03-17 10:00] orders=4 paid=0 free=1 new_paid=0 total_idr=0
[2026-03-17 10:00] Logging into LYNK...
  4 orders fetched
  No new paid sales | Total: IDR 0
[2026-03-17 11:00] orders=4 paid=0 free=1 new_paid=0 total_idr=0
[2026-03-17 11:00] Logging into LYNK...
  4 orders fetched
  No new paid sales | Total: IDR 0
======================================================================
LYNK Monitoring - 2026-03-17 12:00:01
>>>>>>> Stashed changes
======================================================================

📊 LYNK Dashboard: https://lynk.id/jendralbot
⚠️  Status: Manual check required
💡 Visit URL and note revenue activity

📄 Report: /home/openclaw/.openclaw/workspace/temp/lynk_report.txt
💾 Checkpoint: /home/openclaw/.openclaw/workspace/temp/lynk_checkpoint.json
======================================================================
<<<<<<< Updated upstream
[2026-03-15 12:00] orders=4 paid=0 free=1 new_paid=0 total_idr=0
[2026-03-15 12:00] Logging into LYNK...
  4 orders fetched
  No new paid sales | Total: IDR 0
[2026-03-15 13:00] orders=4 paid=0 free=1 new_paid=0 total_idr=0
[2026-03-15 13:00] Logging into LYNK...
  4 orders fetched
  No new paid sales | Total: IDR 0
[2026-03-15 14:00] orders=4 paid=0 free=1 new_paid=0 total_idr=0
[2026-03-15 14:00] Logging into LYNK...
  4 orders fetched
  No new paid sales | Total: IDR 0
======================================================================
LYNK Monitoring - 2026-03-15 15:00:01
======================================================================

📊 LYNK Dashboard: https://lynk.id/jendralbot
⚠️  Status: Manual check required
💡 Visit URL and note revenue activity

📄 Report: /home/openclaw/.openclaw/workspace/temp/lynk_report.txt
💾 Checkpoint: /home/openclaw/.openclaw/workspace/temp/lynk_checkpoint.json
======================================================================
[2026-03-15 15:00] orders=4 paid=0 free=1 new_paid=0 total_idr=0
[2026-03-15 15:00] Logging into LYNK...
  4 orders fetched
  No new paid sales | Total: IDR 0
[2026-03-15 16:00] orders=4 paid=0 free=1 new_paid=0 total_idr=0
[2026-03-15 16:00] Logging into LYNK...
  4 orders fetched
  No new paid sales | Total: IDR 0
[2026-03-15 17:00] orders=4 paid=0 free=1 new_paid=0 total_idr=0
[2026-03-15 17:00] Logging into LYNK...
  4 orders fetched
  No new paid sales | Total: IDR 0
======================================================================
LYNK Monitoring - 2026-03-15 18:00:01
======================================================================

📊 LYNK Dashboard: https://lynk.id/jendralbot
⚠️  Status: Manual check required
💡 Visit URL and note revenue activity

📄 Report: /home/openclaw/.openclaw/workspace/temp/lynk_report.txt
💾 Checkpoint: /home/openclaw/.openclaw/workspace/temp/lynk_checkpoint.json
======================================================================
[2026-03-15 18:00] orders=4 paid=0 free=1 new_paid=0 total_idr=0
[2026-03-15 18:00] Logging into LYNK...
  4 orders fetched
  No new paid sales | Total: IDR 0
[2026-03-15 19:00] orders=4 paid=0 free=1 new_paid=0 total_idr=0
[2026-03-15 19:00] Logging into LYNK...
  4 orders fetched
  No new paid sales | Total: IDR 0
[2026-03-15 20:00] orders=4 paid=0 free=1 new_paid=0 total_idr=0
[2026-03-15 20:00] Logging into LYNK...
  4 orders fetched
  No new paid sales | Total: IDR 0
======================================================================
LYNK Monitoring - 2026-03-15 21:00:01
======================================================================

📊 LYNK Dashboard: https://lynk.id/jendralbot
⚠️  Status: Manual check required
💡 Visit URL and note revenue activity

📄 Report: /home/openclaw/.openclaw/workspace/temp/lynk_report.txt
💾 Checkpoint: /home/openclaw/.openclaw/workspace/temp/lynk_checkpoint.json
======================================================================
[2026-03-15 21:00] orders=4 paid=0 free=1 new_paid=0 total_idr=0
[2026-03-15 21:00] Logging into LYNK...
  4 orders fetched
  No new paid sales | Total: IDR 0
[2026-03-15 22:00] orders=4 paid=0 free=1 new_paid=0 total_idr=0
[2026-03-15 22:00] Logging into LYNK...
  4 orders fetched
  No new paid sales | Total: IDR 0
[2026-03-15 23:00] orders=4 paid=0 free=1 new_paid=0 total_idr=0
[2026-03-15 23:00] Logging into LYNK...
  4 orders fetched
  No new paid sales | Total: IDR 0
======================================================================
LYNK Monitoring - 2026-03-16 00:00:01
======================================================================

📊 LYNK Dashboard: https://lynk.id/jendralbot
⚠️  Status: Manual check required
💡 Visit URL and note revenue activity

📄 Report: /home/openclaw/.openclaw/workspace/temp/lynk_report.txt
💾 Checkpoint: /home/openclaw/.openclaw/workspace/temp/lynk_checkpoint.json
======================================================================
[2026-03-16 00:00] orders=4 paid=0 free=1 new_paid=0 total_idr=0
[2026-03-16 00:00] Logging into LYNK...
  4 orders fetched
  No new paid sales | Total: IDR 0
[2026-03-16 01:00] orders=4 paid=0 free=1 new_paid=0 total_idr=0
[2026-03-16 01:00] Logging into LYNK...
  4 orders fetched
  No new paid sales | Total: IDR 0
[2026-03-16 02:00] orders=4 paid=0 free=1 new_paid=0 total_idr=0
[2026-03-16 02:00] Logging into LYNK...
  4 orders fetched
  No new paid sales | Total: IDR 0
======================================================================
LYNK Monitoring - 2026-03-16 03:00:01
======================================================================

📊 LYNK Dashboard: https://lynk.id/jendralbot
⚠️  Status: Manual check required
💡 Visit URL and note revenue activity

📄 Report: /home/openclaw/.openclaw/workspace/temp/lynk_report.txt
💾 Checkpoint: /home/openclaw/.openclaw/workspace/temp/lynk_checkpoint.json
======================================================================
[2026-03-16 03:00] orders=4 paid=0 free=1 new_paid=0 total_idr=0
[2026-03-16 03:00] Logging into LYNK...
  4 orders fetched
  No new paid sales | Total: IDR 0
[2026-03-16 04:00] orders=4 paid=0 free=1 new_paid=0 total_idr=0
[2026-03-16 04:00] Logging into LYNK...
  4 orders fetched
  No new paid sales | Total: IDR 0
[2026-03-16 05:00] orders=4 paid=0 free=1 new_paid=0 total_idr=0
[2026-03-16 05:00] Logging into LYNK...
  4 orders fetched
  No new paid sales | Total: IDR 0
======================================================================
LYNK Monitoring - 2026-03-16 06:00:01
======================================================================

📊 LYNK Dashboard: https://lynk.id/jendralbot
⚠️  Status: Manual check required
💡 Visit URL and note revenue activity

📄 Report: /home/openclaw/.openclaw/workspace/temp/lynk_report.txt
💾 Checkpoint: /home/openclaw/.openclaw/workspace/temp/lynk_checkpoint.json
======================================================================
[2026-03-16 06:00] orders=4 paid=0 free=1 new_paid=0 total_idr=0
[2026-03-16 06:00] Logging into LYNK...
  4 orders fetched
  No new paid sales | Total: IDR 0
[2026-03-16 07:00] orders=4 paid=0 free=1 new_paid=0 total_idr=0
[2026-03-16 07:00] Logging into LYNK...
  4 orders fetched
  No new paid sales | Total: IDR 0
[2026-03-16 08:00] orders=4 paid=0 free=1 new_paid=0 total_idr=0
[2026-03-16 08:00] Logging into LYNK...
  4 orders fetched
  No new paid sales | Total: IDR 0
======================================================================
LYNK Monitoring - 2026-03-16 09:00:01
======================================================================

📊 LYNK Dashboard: https://lynk.id/jendralbot
⚠️  Status: Manual check required
💡 Visit URL and note revenue activity

📄 Report: /home/openclaw/.openclaw/workspace/temp/lynk_report.txt
💾 Checkpoint: /home/openclaw/.openclaw/workspace/temp/lynk_checkpoint.json
======================================================================
[2026-03-16 09:00] orders=4 paid=0 free=1 new_paid=0 total_idr=0
[2026-03-16 09:00] Logging into LYNK...
  4 orders fetched
  No new paid sales | Total: IDR 0
[2026-03-16 10:00] orders=4 paid=0 free=1 new_paid=0 total_idr=0
[2026-03-16 10:00] Logging into LYNK...
  4 orders fetched
  No new paid sales | Total: IDR 0
[2026-03-16 11:00] orders=4 paid=0 free=1 new_paid=0 total_idr=0
[2026-03-16 11:00] Logging into LYNK...
  4 orders fetched
  No new paid sales | Total: IDR 0
======================================================================
LYNK Monitoring - 2026-03-16 12:00:02
======================================================================

📊 LYNK Dashboard: https://lynk.id/jendralbot
⚠️  Status: Manual check required
💡 Visit URL and note revenue activity

📄 Report: /home/openclaw/.openclaw/workspace/temp/lynk_report.txt
💾 Checkpoint: /home/openclaw/.openclaw/workspace/temp/lynk_checkpoint.json
======================================================================
[2026-03-16 12:00] orders=4 paid=0 free=1 new_paid=0 total_idr=0
[2026-03-16 12:00] Logging into LYNK...
=======
[2026-03-17 12:00] orders=4 paid=0 free=1 new_paid=0 total_idr=0
[2026-03-17 12:00] Logging into LYNK...
>>>>>>> Stashed changes
  4 orders fetched
  No new paid sales | Total: IDR 0
[2026-03-17 13:00] orders=4 paid=0 free=1 new_paid=0 total_idr=0
[2026-03-17 13:00] Logging into LYNK...
  4 orders fetched
  No new paid sales | Total: IDR 0
[2026-03-17 14:00] orders=4 paid=0 free=1 new_paid=0 total_idr=0
[2026-03-17 14:00] Logging into LYNK...
  4 orders fetched
  No new paid sales | Total: IDR 0
======================================================================
LYNK Monitoring - 2026-03-17 15:00:02
======================================================================

📊 LYNK Dashboard: https://lynk.id/jendralbot
⚠️  Status: Manual check required
💡 Visit URL and note revenue activity

📄 Report: /home/openclaw/.openclaw/workspace/temp/lynk_report.txt
💾 Checkpoint: /home/openclaw/.openclaw/workspace/temp/lynk_checkpoint.json
======================================================================
[2026-03-17 15:00] orders=4 paid=0 free=1 new_paid=0 total_idr=0
[2026-03-17 15:00] Logging into LYNK...
  4 orders fetched
  No new paid sales | Total: IDR 0
[2026-03-17 17:00] orders=4 paid=0 free=1 new_paid=0 total_idr=0
[2026-03-17 17:00] Logging into LYNK...
  4 orders fetched
  No new paid sales | Total: IDR 0
======================================================================
LYNK Monitoring - 2026-03-17 18:00:01
======================================================================

📊 LYNK Dashboard: https://lynk.id/jendralbot
⚠️  Status: Manual check required
💡 Visit URL and note revenue activity

📄 Report: /home/openclaw/.openclaw/workspace/temp/lynk_report.txt
💾 Checkpoint: /home/openclaw/.openclaw/workspace/temp/lynk_checkpoint.json
======================================================================
[2026-03-17 18:00] orders=4 paid=0 free=1 new_paid=0 total_idr=0
[2026-03-17 18:00] Logging into LYNK...
  4 orders fetched
  No new paid sales | Total: IDR 0
[2026-03-17 19:00] orders=4 paid=0 free=1 new_paid=0 total_idr=0
[2026-03-17 19:00] Logging into LYNK...
  4 orders fetched
  No new paid sales | Total: IDR 0
[2026-03-17 20:00] orders=4 paid=0 free=1 new_paid=0 total_idr=0
[2026-03-17 20:00] Logging into LYNK...
  4 orders fetched
  No new paid sales | Total: IDR 0
======================================================================
LYNK Monitoring - 2026-03-17 21:00:01
======================================================================

📊 LYNK Dashboard: https://lynk.id/jendralbot
⚠️  Status: Manual check required
💡 Visit URL and note revenue activity

📄 Report: /home/openclaw/.openclaw/workspace/temp/lynk_report.txt
💾 Checkpoint: /home/openclaw/.openclaw/workspace/temp/lynk_checkpoint.json
======================================================================
[2026-03-17 21:00] orders=4 paid=0 free=1 new_paid=0 total_idr=0
[2026-03-17 21:00] Logging into LYNK...
  4 orders fetched
  No new paid sales | Total: IDR 0
[2026-03-17 22:00] orders=4 paid=0 free=1 new_paid=0 total_idr=0
[2026-03-17 22:00] Logging into LYNK...
  4 orders fetched
  No new paid sales | Total: IDR 0
