2026-03-08 18:06:56 | Hand[COLLECTOR]: Starting...
2026-03-08 18:08:10 | Hand[COLLECTOR]: Starting...
2026-03-08 20:00:01 | Hand[CLIP]: Starting...
2026-03-08 23:15:49 | Hand[COLLECTOR]: Starting...
2026-03-08 23:19:07 | Hand[COLLECTOR]: Starting...
2026-03-08 23:19:07 | Hand[COLLECTOR]: Complete
2026-03-08 23:19:07 | Hand[LEAD]: Starting...
2026-03-08 23:19:07 | Hand[LEAD]: Complete
2026-03-08 23:19:07 | Hand[CLIP]: Starting...
2026-03-08 23:20:41 | Hand[CLIP]: Complete
2026-03-09 00:00:01 | Hand[CLIP]: Starting...
2026-03-09 00:00:01 | Hand[COLLECTOR]: Starting...
2026-03-09 00:00:01 | Hand[CLIP]: Complete
2026-03-09 00:00:01 | Hand[COLLECTOR]: Complete
2026-03-09 04:00:01 | Hand[CLIP]: Starting...
2026-03-09 04:00:01 | Hand[CLIP]: Complete
2026-03-09 06:00:01 | Hand[COLLECTOR]: Starting...
2026-03-09 06:00:01 | Hand[COLLECTOR]: Complete
2026-03-09 08:00:01 | Hand[CLIP]: Starting...
2026-03-09 08:00:01 | Hand[CLIP]: Complete
2026-03-09 10:00:01 | Hand[LEAD]: Starting...
2026-03-09 10:00:01 | Hand[LEAD]: Complete
2026-03-09 12:00:01 | Hand[CLIP]: Starting...
2026-03-09 12:00:01 | Hand[COLLECTOR]: Starting...
2026-03-09 12:00:01 | Hand[CLIP]: Complete
2026-03-09 12:00:01 | Hand[COLLECTOR]: Complete
2026-03-09 16:00:01 | Hand[CLIP]: Starting...
2026-03-09 16:00:01 | Hand[CLIP]: Complete
2026-03-09 18:00:01 | Hand[COLLECTOR]: Starting...
2026-03-09 18:00:01 | Hand[COLLECTOR]: Complete
2026-03-09 20:00:01 | Hand[CLIP]: Starting...
2026-03-09 20:00:01 | Hand[CLIP]: Complete
2026-03-10 00:00:01 | Hand[CLIP]: Starting...
2026-03-10 00:00:01 | Hand[COLLECTOR]: Starting...
2026-03-10 00:00:01 | Hand[COLLECTOR]: Complete
2026-03-10 00:00:01 | Hand[CLIP]: Complete
2026-03-10 04:00:01 | Hand[CLIP]: Starting...
2026-03-10 04:00:01 | Hand[CLIP]: Complete
2026-03-10 06:00:01 | Hand[COLLECTOR]: Starting...
2026-03-10 06:00:01 | Hand[COLLECTOR]: Complete
2026-03-10 08:00:01 | Hand[CLIP]: Starting...
2026-03-10 08:00:01 | Hand[CLIP]: Complete
2026-03-10 10:00:01 | Hand[LEAD]: Starting...
2026-03-10 10:00:01 | Hand[LEAD]: Complete
2026-03-10 12:00:01 | Hand[COLLECTOR]: Starting...
2026-03-10 12:00:01 | Hand[CLIP]: Starting...
2026-03-10 12:00:02 | Hand[COLLECTOR]: Complete
2026-03-10 12:00:02 | Hand[CLIP]: Complete
2026-03-10 18:00:01 | Hand[COLLECTOR]: Starting...
2026-03-10 18:00:02 | Hand[COLLECTOR]: Complete
2026-03-11 16:00:01 | Hand[CLIP]: Starting...
2026-03-11 16:00:01 | Hand[CLIP]: Complete
2026-03-11 18:00:01 | Hand[COLLECTOR]: Starting...
2026-03-11 18:00:01 | Hand[COLLECTOR]: Complete
2026-03-11 20:00:01 | Hand[CLIP]: Starting...
2026-03-11 20:00:01 | Hand[CLIP]: Complete
2026-03-12 00:00:01 | Hand[CLIP]: Starting...
2026-03-12 00:00:01 | Hand[COLLECTOR]: Starting...
2026-03-12 00:00:01 | Hand[CLIP]: Complete
2026-03-12 00:00:01 | Hand[COLLECTOR]: Complete
2026-03-12 04:00:01 | Hand[CLIP]: Starting...
2026-03-12 04:00:01 | Hand[CLIP]: Complete
2026-03-12 06:00:01 | Hand[COLLECTOR]: Starting...
2026-03-12 06:00:01 | Hand[COLLECTOR]: Complete
2026-03-12 08:00:01 | Hand[CLIP]: Starting...
2026-03-12 08:00:01 | Hand[CLIP]: Complete
2026-03-12 10:00:01 | Hand[LEAD]: Starting...
2026-03-12 10:00:01 | Hand[LEAD]: Complete
2026-03-12 12:00:01 | Hand[CLIP]: Starting...
2026-03-12 12:00:01 | Hand[COLLECTOR]: Starting...
2026-03-12 12:00:01 | Hand[COLLECTOR]: Complete
2026-03-12 12:00:02 | Hand[CLIP]: Complete
2026-03-12 16:00:01 | Hand[CLIP]: Starting...
2026-03-12 16:00:01 | Hand[CLIP]: Complete
2026-03-12 18:00:01 | Hand[COLLECTOR]: Starting...
2026-03-12 18:00:01 | Hand[COLLECTOR]: Complete
2026-03-12 20:00:01 | Hand[CLIP]: Starting...
2026-03-12 20:00:02 | Hand[CLIP]: Complete
2026-03-13 00:00:01 | Hand[COLLECTOR]: Starting...
2026-03-13 00:00:01 | Hand[CLIP]: Starting...
2026-03-13 00:00:01 | Hand[COLLECTOR]: Complete
2026-03-13 00:00:01 | Hand[CLIP]: Complete
2026-03-13 04:00:01 | Hand[CLIP]: Starting...
2026-03-13 04:00:01 | Hand[CLIP]: Complete
2026-03-13 06:00:01 | Hand[COLLECTOR]: Starting...
2026-03-13 06:00:01 | Hand[COLLECTOR]: Complete
2026-03-13 08:00:01 | Hand[CLIP]: Starting...
2026-03-13 08:00:01 | Hand[CLIP]: Complete
2026-03-13 10:00:01 | Hand[LEAD]: Starting...
2026-03-13 10:00:01 | Hand[LEAD]: Complete
2026-03-13 12:00:01 | Hand[COLLECTOR]: Starting...
2026-03-13 12:00:01 | Hand[CLIP]: Starting...
2026-03-13 12:00:01 | Hand[COLLECTOR]: Complete
2026-03-13 12:00:01 | Hand[CLIP]: Complete
2026-03-13 16:00:01 | Hand[CLIP]: Starting...
2026-03-13 16:00:01 | Hand[CLIP]: Complete
2026-03-13 18:00:01 | Hand[COLLECTOR]: Starting...
2026-03-13 18:00:01 | Hand[COLLECTOR]: Complete
2026-03-13 20:00:01 | Hand[CLIP]: Starting...
2026-03-13 20:00:02 | Hand[CLIP]: Complete
2026-03-14 00:00:01 | Hand[CLIP]: Starting...
2026-03-14 00:00:01 | Hand[COLLECTOR]: Starting...
2026-03-14 00:00:01 | Hand[COLLECTOR]: Complete
2026-03-14 00:00:01 | Hand[CLIP]: Complete
2026-03-14 04:00:01 | Hand[CLIP]: Starting...
2026-03-14 04:00:01 | Hand[CLIP]: Complete
2026-03-14 06:00:01 | Hand[COLLECTOR]: Starting...
2026-03-14 06:00:01 | Hand[COLLECTOR]: Complete
2026-03-14 08:00:01 | Hand[CLIP]: Starting...
2026-03-14 08:00:01 | Hand[CLIP]: Complete
2026-03-14 10:00:01 | Hand[LEAD]: Starting...
2026-03-14 10:00:01 | Hand[LEAD]: Complete
2026-03-14 12:00:01 | Hand[CLIP]: Starting...
2026-03-14 12:00:01 | Hand[COLLECTOR]: Starting...
2026-03-14 12:00:01 | Hand[COLLECTOR]: Complete
2026-03-14 12:00:02 | Hand[CLIP]: Complete
2026-03-14 16:00:01 | Hand[CLIP]: Starting...
2026-03-14 16:00:01 | Hand[CLIP]: Complete
