[2026-03-08 12:00:02] Running standalone revenue gap detector...
Gap: 0.5 hours | Source: memory_update
Level: OK
Last Activity: memory_update
Recommendation: ✅ Revenue monitoring OK - continue tracking
[2026-03-08 14:00:01] Running standalone revenue gap detector...
Gap: 24.0 hours | Source: no_activity
Level: EMERGENCY
Last Activity: no_activity
Recommendation: 🆘 URGENT: All hands on deck - generate revenue NOW
🆘 Execute all pending marketing content
🆘 Check bank balance and calculate runway
🆘 Manual outreach to all leads
🆘 Review crisis protocols
[2026-03-08 16:00:01] Running standalone revenue gap detector...
Gap: 24.0 hours | Source: no_activity
Level: EMERGENCY
Last Activity: no_activity
Recommendation: 🆘 URGENT: All hands on deck - generate revenue NOW
🆘 Execute all pending marketing content
🆘 Check bank balance and calculate runway
🆘 Manual outreach to all leads
🆘 Review crisis protocols
[2026-03-08 18:00:01] Running standalone revenue gap detector...
Gap: 0.1 hours | Source: memory_update
Level: OK
Last Activity: memory_update
Recommendation: ✅ Revenue monitoring OK - continue tracking
[2026-03-08 20:00:01] Running standalone revenue gap detector...
Gap: 0.4 hours | Source: memory_update
Level: OK
Last Activity: memory_update
Recommendation: ✅ Revenue monitoring OK - continue tracking
[2026-03-08 22:00:01] Running standalone revenue gap detector...
Gap: 0.5 hours | Source: memory_update
Level: OK
Last Activity: memory_update
Recommendation: ✅ Revenue monitoring OK - continue tracking
[2026-03-09 00:00:01] Running standalone revenue gap detector...
Gap: 24.0 hours | Source: no_activity
Level: EMERGENCY
Last Activity: no_activity
Recommendation: 🆘 URGENT: All hands on deck - generate revenue NOW
🆘 Execute all pending marketing content
🆘 Check bank balance and calculate runway
🆘 Manual outreach to all leads
🆘 Review crisis protocols
