📊 Syncing PostBridge posts...
  ✅ Synced 100/100 posts
📈 Syncing PostBridge analytics...
  ✅ Updated 0 post analytics

📊 === BERKAHKARYA DASHBOARD ===
  Today's Revenue: IDR 0
  Posts: {'posted': 67, 'scheduled': 72}
  Talents: 0 total
  Clients: 0 total
  Bank Balance: IDR 0 | Runway: 0 days
================================

📊 Syncing PostBridge posts...
  ✅ Synced 100/100 posts
📈 Syncing PostBridge analytics...
  ✅ Updated 0 post analytics

📊 === BERKAHKARYA DASHBOARD ===
  Today's Revenue: IDR 0
  Posts: {'posted': 70, 'scheduled': 169}
  Talents: 0 total
  Clients: 0 total
  Bank Balance: IDR 0 | Runway: 0 days
================================

📊 Syncing PostBridge posts...
  ✅ Synced 100/100 posts
📈 Syncing PostBridge analytics...
  ✅ Updated 0 post analytics

📊 === BERKAHKARYA DASHBOARD ===
  Today's Revenue: IDR 0
  Posts: {'posted': 137, 'scheduled': 199}
  Talents: 0 total
  Clients: 0 total
  Bank Balance: IDR 0 | Runway: 0 days
================================

