[2026-03-13 17:47:31] ✅ Monitor started as @codergaboets
[2026-03-13 17:47:31] ✅ Monitor started as @codergaboets
[2026-03-13 17:47:31] 👂 Listening for messages... (Ctrl+C to stop)
[2026-03-13 17:47:31] 👂 Listening for messages... (Ctrl+C to stop)
[2026-03-13 17:53:02] ✅ Monitor started as @codergaboets
[2026-03-13 17:53:02] ✅ Monitor started as @codergaboets
[2026-03-13 17:53:02] 👂 Listening for messages... (Ctrl+C to stop)
[2026-03-13 17:53:02] 👂 Listening for messages... (Ctrl+C to stop)
[2026-03-13 17:57:55] ✅ Vilona monitor started as @codergaboets
[2026-03-13 17:57:55] ✅ Vilona monitor started as @codergaboets
[2026-03-13 17:57:55] 👂 Vilona listening (female voice active)... (Ctrl+C to stop)
[2026-03-13 17:57:55] 👂 Vilona listening (female voice active)... (Ctrl+C to stop)
[2026-03-13 18:06:56] ALERT: down from Unknown
[2026-03-13 18:06:56] ALERT: down from Unknown
[2026-03-13 19:16:12] AUTO_REPLY to BerkahKarya Bot: kw='daftar'
[2026-03-13 19:16:12] AUTO_REPLY to BerkahKarya Bot: kw='daftar'
[2026-03-13 19:33:56] AUTO_REPLY to Reborn Rich: kw='daftar'
[2026-03-13 19:33:56] AUTO_REPLY to Reborn Rich: kw='daftar'
[2026-03-13 20:27:32] ALERT: error from Unknown
[2026-03-13 20:27:32] ALERT: error from Unknown
[2026-03-13 20:28:01] AUTO_REPLY to BerkahKarya Bot: kw='price'
[2026-03-13 20:28:01] AUTO_REPLY to BerkahKarya Bot: kw='price'
[2026-03-13 20:29:08] AUTO_REPLY to BerkahKarya Bot: kw='price'
[2026-03-13 20:29:08] AUTO_REPLY to BerkahKarya Bot: kw='price'
[2026-03-13 20:32:52] AUTO_REPLY to PENIKMAT PEKOB INDO: kw='harga'
[2026-03-13 20:32:52] AUTO_REPLY to PENIKMAT PEKOB INDO: kw='harga'
[2026-03-13 20:48:06] AUTO_REPLY to BerkahKarya Bot: kw='harga'
[2026-03-13 20:48:06] AUTO_REPLY to BerkahKarya Bot: kw='harga'
[2026-03-13 20:48:08] AUTO_REPLY to BerkahKarya Bot: kw='beli'
[2026-03-13 20:48:08] AUTO_REPLY to BerkahKarya Bot: kw='beli'
[2026-03-13 20:51:16] AUTO_REPLY to BerkahKarya Bot: kw='price'
[2026-03-13 20:51:16] AUTO_REPLY to BerkahKarya Bot: kw='price'
[2026-03-13 20:53:18] ALERT: bayar from Unknown
[2026-03-13 20:53:18] ALERT: bayar from Unknown
[2026-03-13 20:54:52] ✅ Monitor started as @codergaboets
[2026-03-13 20:54:52] ✅ Monitor started as @codergaboets
[2026-03-13 20:54:52] 👂 Listening for messages... (Ctrl+C to stop)
[2026-03-13 20:54:52] 👂 Listening for messages... (Ctrl+C to stop)
[2026-03-13 22:20:28] ALERT: 🚨 KEYWORD: 'down'
Group: Airdrop Finder
From: Unknown
Msg: Minara Sharpe Guard V2 Trading Upgrade

✅Changes:
• Optimized trading parameters
• Lower leverage to reduce drawdowns 
• Improved long-term strategy performance

You can also see how V2 performs in di
[2026-03-13 22:20:28] ALERT: 🚨 KEYWORD: 'down'
Group: Airdrop Finder
From: Unknown
Msg: Minara Sharpe Guard V2 Trading Upgrade

✅Changes:
• Optimized trading parameters
• Lower leverage to reduce drawdowns 
• Improved long-term strategy performance

You can also see how V2 performs in di
[2026-03-13 23:59:23] AUTO_REPLY to DINO HIJAU #VIRAL (8432491039): kw='harga'
[2026-03-13 23:59:23] AUTO_REPLY to DINO HIJAU #VIRAL (8432491039): kw='harga'
[2026-03-14 00:00:04] AUTO_REPLY to DINO MERAH VIRAL 2 REAL (8080709730): kw='harga'
[2026-03-14 00:00:04] AUTO_REPLY to DINO MERAH VIRAL 2 REAL (8080709730): kw='harga'
[2026-03-14 00:52:29] AUTO_REPLY to 𝙃𝙐𝙉𝙏𝙀𝙍 𝙓 .𝟬 (7978797052): kw='harga'
[2026-03-14 00:52:29] AUTO_REPLY to 𝙃𝙐𝙉𝙏𝙀𝙍 𝙓 .𝟬 (7978797052): kw='harga'
[2026-03-14 01:44:01] AUTO_REPLY to DINO MERAH REAL 3 #VIRAL (7919013431): kw='harga'
[2026-03-14 01:44:01] AUTO_REPLY to DINO MERAH REAL 3 #VIRAL (7919013431): kw='harga'
[2026-03-14 02:48:22] AUTO_REPLY to 𝙃𝙐𝙉𝙏𝙀𝙍 𝙓 .𝟬 (7978797052): kw='harga'
[2026-03-14 02:48:22] AUTO_REPLY to 𝙃𝙐𝙉𝙏𝙀𝙍 𝙓 .𝟬 (7978797052): kw='harga'
[2026-03-14 03:46:37] AUTO_REPLY to DINO BIRU VIRAL REAL 3 (7975906028): kw='harga'
[2026-03-14 03:46:37] AUTO_REPLY to DINO BIRU VIRAL REAL 3 (7975906028): kw='harga'
[2026-03-14 04:48:15] AUTO_REPLY to 𝙃𝙐𝙉𝙏𝙀𝙍 𝙓 .𝟬 (7978797052): kw='harga'
[2026-03-14 04:48:15] AUTO_REPLY to 𝙃𝙐𝙉𝙏𝙀𝙍 𝙓 .𝟬 (7978797052): kw='harga'
[2026-03-14 07:31:21] AUTO_REPLY to REFAND DIGITAL [BOT ORDER] (8160040513): kw='info'
[2026-03-14 07:31:21] AUTO_REPLY to REFAND DIGITAL [BOT ORDER] (8160040513): kw='info'
[2026-03-14 08:34:08] AUTO_REPLY to PENIKMAT PEKOB INDO (6553609826): kw='harga'
[2026-03-14 08:34:08] AUTO_REPLY to PENIKMAT PEKOB INDO (6553609826): kw='harga'
[2026-03-14 12:15:47] ALERT: 🚨 KEYWORD: 'down'
Group: GETMODPC
From: Unknown
Msg: 📊** ₹100 Deposit To Unlock This TashanWin Apk** ⚡️

**👉****  Minimum Deposit - ₹100
   ****🟢**** DAILY PROFIT LIMIT ****🟢****
  UpTo ~ ₹50000 ****📈**
**
  𝗨𝗣𝗔𝗗𝗧𝗘𝗗 ****🆕**** 𝗩𝗘𝗥𝗦𝗜𝗢𝗡    **

**   ****🤩**
[2026-03-14 12:15:47] ALERT: 🚨 KEYWORD: 'down'
Group: GETMODPC
From: Unknown
Msg: 📊** ₹100 Deposit To Unlock This TashanWin Apk** ⚡️

**👉****  Minimum Deposit - ₹100
   ****🟢**** DAILY PROFIT LIMIT ****🟢****
  UpTo ~ ₹50000 ****📈**
**
  𝗨𝗣𝗔𝗗𝗧𝗘𝗗 ****🆕**** 𝗩𝗘𝗥𝗦𝗜𝗢𝗡    **

**   ****🤩**
[2026-03-14 13:01:46] ALERT: 🚨 KEYWORD: 'down'
Group: Airdrop Finder
From: Unknown
Msg: New Depin : Action Model

🪂 Register:  http://join.actionmodel.com/SETYA

➖ Login With Gmail
➖ You can Verify With Ethos without Code ( need score 1300 )
➖ Download Ekstension

🤖Join Discord: https://
[2026-03-14 13:01:46] ALERT: 🚨 KEYWORD: 'down'
Group: Airdrop Finder
From: Unknown
Msg: New Depin : Action Model

🪂 Register:  http://join.actionmodel.com/SETYA

➖ Login With Gmail
➖ You can Verify With Ethos without Code ( need score 1300 )
➖ Download Ekstension

🤖Join Discord: https://
[2026-03-14 13:05:20] ALERT: 🚨 KEYWORD: 'bayar'
Group: Mikro makro ekonomi crypto, saham, forex, komoditas
From: Unknown
Msg: Gua disini gamau tone deaf, Yudo ada benarnya dan ada salahnya juga.

Pedagang offline itu harus sewa tempat, bayar preman, bayar ini itu sedangkan online itu cost nya sangat murah sangat jelas kompet
[2026-03-14 13:05:20] ALERT: 🚨 KEYWORD: 'bayar'
Group: Mikro makro ekonomi crypto, saham, forex, komoditas
From: Unknown
Msg: Gua disini gamau tone deaf, Yudo ada benarnya dan ada salahnya juga.

Pedagang offline itu harus sewa tempat, bayar preman, bayar ini itu sedangkan online itu cost nya sangat murah sangat jelas kompet
[2026-03-14 14:42:33] AUTO_REPLY to TWITTER TERUPDATE VIRAL (6399003399): kw='harga'
[2026-03-14 14:42:33] AUTO_REPLY to TWITTER TERUPDATE VIRAL (6399003399): kw='harga'
[2026-03-14 15:27:25] ALERT: 🚨 KEYWORD: 'down'
Group: GETMODPC
From: Unknown
Msg: **📈**** ₹100 Deposit To Unlock This Premium Hack ****🚀****

****🛒**** Minimum Deposit ~ ₹100
****✅**** DAILY PROFIT LIMIT ****✅****
       Upto ~ ₹50,000 ****⚡️****

****🆘**** Number Hack Apk Download
[2026-03-14 15:27:25] ALERT: 🚨 KEYWORD: 'down'
Group: GETMODPC
From: Unknown
Msg: **📈**** ₹100 Deposit To Unlock This Premium Hack ****🚀****

****🛒**** Minimum Deposit ~ ₹100
****✅**** DAILY PROFIT LIMIT ****✅****
       Upto ~ ₹50,000 ****⚡️****

****🆘**** Number Hack Apk Download
[2026-03-14 15:41:02] ALERT: 🚨 KEYWORD: 'down'
Group: Airdrop Finder
From: Unknown
Msg: Update Edel Finance, the countdown is on: 7 days left in the EDEL testnet on Robinhood Chain + Base.

This is your final week to get active, and climb the leaderboard.

📖 Source: https://x.com/i/statu
[2026-03-14 15:41:02] ALERT: 🚨 KEYWORD: 'down'
Group: Airdrop Finder
From: Unknown
Msg: Update Edel Finance, the countdown is on: 7 days left in the EDEL testnet on Robinhood Chain + Base.

This is your final week to get active, and climb the leaderboard.

📖 Source: https://x.com/i/statu
[2026-03-14 16:06:53] ALERT: 🚨 KEYWORD: 'bayar'
Group: TumbuhKaya | Saham Indonesia
From: Unknown
Msg: PENTING🔴

🔴CUYYY , Dari sini gw mau angkat 50 orang untuk menjadi murid  gw secara cuma cuma, kalian beruntung ga bayar karena murid yang lain pada bayar.

50 orang pertama👍
https://t.me/+KilPqWh7-rNk
[2026-03-14 16:06:53] ALERT: 🚨 KEYWORD: 'bayar'
Group: TumbuhKaya | Saham Indonesia
From: Unknown
Msg: PENTING🔴

🔴CUYYY , Dari sini gw mau angkat 50 orang untuk menjadi murid  gw secara cuma cuma, kalian beruntung ga bayar karena murid yang lain pada bayar.

50 orang pertama👍
https://t.me/+KilPqWh7-rNk
