2026-03-14 01:15:29,553 [INFO] 🔍 PHASE 1: RESEARCH
2026-03-14 01:15:29,553 [INFO]   ✅ Trends saved: /home/openclaw/.openclaw/workspace/content_suite/output/2026-03-14/trends.json
2026-03-14 01:15:29,553 [INFO] ✅ Phase 'research' complete
2026-03-14 01:15:32,211 [INFO] 📋 PHASE 2: PLAN
2026-03-14 01:15:32,213 [INFO]   ✅ Plan: 9 persona plans saved → /home/openclaw/.openclaw/workspace/content_suite/output/2026-03-14/plan.json
2026-03-14 01:15:32,214 [INFO] ✅ Phase 'plan' complete
2026-03-14 01:15:35,113 [INFO] 🎨 PHASE 3: PRODUCE
2026-03-14 01:15:35,245 [INFO]   🖼️  trading-finance: trading-finance_3_Hal_yang_Bikin_Hidupmu_Lebih_20260314.png
2026-03-14 01:15:35,353 [INFO]   🖼️  health-wellness: health-wellness_Tips_Hidup_yang_Simpel_tapi_Po_20260314.png
2026-03-14 01:15:35,450 [INFO]   🖼️  product-review: product-review_Hal_yang_Sering_Salah_Dipahami_20260314.png
2026-03-14 01:15:35,558 [INFO]   🖼️  digital-marketing: digital-marketing_3_Hal_yang_Bikin_Hidupmu_Lebih_20260314.png
2026-03-14 01:15:35,662 [INFO]   🖼️  food-recipe: food-recipe_Tips_Hidup_yang_Simpel_tapi_Po_20260314.png
2026-03-14 01:15:35,771 [INFO]   🖼️  fashion-lifestyle: fashion-lifestyle_Tips_Hidup_yang_Simpel_tapi_Po_20260314.png
2026-03-14 01:15:35,871 [INFO]   🖼️  ai-content-creator: ai-content-creator_3_Hal_yang_Bikin_Hidupmu_Lebih_20260314.png
2026-03-14 01:15:35,973 [INFO]   🖼️  tech-developer: tech-developer_3_Hal_yang_Bikin_Hidupmu_Lebih_20260314.png
2026-03-14 01:15:36,064 [INFO]   🖼️  entertainment-engagement: entertainment-engagement_3_Hal_yang_Bikin_Hidupmu_Lebih_20260314.png
2026-03-14 01:15:36,064 [INFO]   ✅ Produced 9 items → /home/openclaw/.openclaw/workspace/content_suite/output/2026-03-14/produced.json
2026-03-14 01:15:36,065 [INFO] ✅ Phase 'produce' complete
2026-03-14 01:15:38,779 [INFO] ✅ PHASE 4: REVIEW (Auto-QC)
2026-03-14 01:15:38,780 [INFO]   ⚠️  Removed incompatible accounts: [49660] (media_type=image)
2026-03-14 01:15:38,780 [INFO]   ⚠️  Removed incompatible accounts: [49636] (media_type=image)
2026-03-14 01:15:38,780 [WARNING]   ❌ tech-developer: ['No compatible accounts after filtering']
2026-03-14 01:15:38,781 [INFO]   ✅ Approved: 8 | Rejected: 1
2026-03-14 01:15:38,781 [INFO] ✅ Phase 'review' complete
2026-03-14 01:16:20,642 [INFO] 📤 PHASE 5: PUBLISH
2026-03-14 01:16:20,642 [INFO]   📎 Uploading image for trading-finance...
2026-03-14 01:16:22,579 [INFO]     ✅ media_id=c06113a3-eaed-4d07-9fda-b67722145638
2026-03-14 01:16:23,083 [WARNING]   Schedule failed 500: {"statusCode":500,"message":"Internal Server Error"}
2026-03-14 01:16:23,934 [WARNING]   Schedule failed 500: {"statusCode":500,"message":"Internal Server Error"}
2026-03-14 01:16:24,085 [INFO]   📎 Uploading image for health-wellness...
2026-03-14 01:16:25,487 [INFO]     ✅ media_id=cdf615ba-de8a-459c-8145-45a01c95e716
2026-03-14 01:16:26,228 [WARNING]   Schedule failed 500: {"statusCode":500,"message":"Internal Server Error"}
2026-03-14 01:16:26,897 [WARNING]   Schedule failed 500: {"statusCode":500,"message":"Internal Server Error"}
2026-03-14 01:16:27,048 [INFO]   📎 Uploading image for product-review...
2026-03-14 01:16:28,334 [INFO]     ✅ media_id=633b1706-d585-48fc-86f2-5b01710ce059
2026-03-14 01:16:28,880 [WARNING]   Schedule failed 500: {"statusCode":500,"message":"Internal Server Error"}
2026-03-14 01:16:29,545 [WARNING]   Schedule failed 500: {"statusCode":500,"message":"Internal Server Error"}
2026-03-14 01:16:29,696 [INFO]   📎 Uploading image for digital-marketing...
2026-03-14 01:16:31,025 [INFO]     ✅ media_id=b35d981c-9692-4ec2-ba1f-17febb42be4e
2026-03-14 01:16:31,725 [WARNING]   Schedule failed 500: {"statusCode":500,"message":"Internal Server Error"}
2026-03-14 01:16:32,603 [WARNING]   Schedule failed 500: {"statusCode":500,"message":"Internal Server Error"}
2026-03-14 01:16:32,755 [INFO]   📎 Uploading image for food-recipe...
2026-03-14 01:16:34,815 [INFO]     ✅ media_id=fb391e4e-46fe-4c58-9f0e-9874b53b2753
2026-03-14 01:16:35,514 [WARNING]   Schedule failed 500: {"statusCode":500,"message":"Internal Server Error"}
2026-03-14 01:16:36,187 [WARNING]   Schedule failed 500: {"statusCode":500,"message":"Internal Server Error"}
2026-03-14 01:16:36,339 [INFO]   📎 Uploading image for fashion-lifestyle...
2026-03-14 01:16:37,620 [INFO]     ✅ media_id=5dc5d680-4437-4b7c-b784-fa1affa51d97
2026-03-14 01:16:38,158 [WARNING]   Schedule failed 500: {"statusCode":500,"message":"Internal Server Error"}
2026-03-14 01:16:38,820 [WARNING]   Schedule failed 500: {"statusCode":500,"message":"Internal Server Error"}
2026-03-14 01:16:38,971 [INFO]   📎 Uploading image for ai-content-creator...
2026-03-14 01:16:40,124 [INFO]     ✅ media_id=2f7d4aaa-cfb4-4263-9e44-2b0db01c6789
2026-03-14 01:16:40,830 [WARNING]   Schedule failed 500: {"statusCode":500,"message":"Internal Server Error"}
2026-03-14 01:16:42,425 [WARNING]   Schedule failed 500: {"statusCode":500,"message":"Internal Server Error"}
2026-03-14 01:16:42,576 [INFO]   📎 Uploading image for entertainment-engagement...
2026-03-14 01:16:43,654 [INFO]     ✅ media_id=48f150d2-0907-427a-97a1-ee96513f1e04
2026-03-14 01:16:44,391 [WARNING]   Schedule failed 500: {"statusCode":500,"message":"Internal Server Error"}
2026-03-14 01:16:45,266 [WARNING]   Schedule failed 500: {"statusCode":500,"message":"Internal Server Error"}
2026-03-14 01:16:45,418 [INFO]   ✅ Scheduled: 0 | Failed: 16
2026-03-14 01:16:45,418 [INFO] ✅ Phase 'publish' complete
2026-03-14 01:19:41,343 [INFO] ✅ PHASE 4: REVIEW (Auto-QC)
2026-03-14 01:19:41,344 [INFO]   ⚠️  Removed incompatible accounts: [49660, 49677, 49662, 49663] (media_type=image)
2026-03-14 01:19:41,344 [INFO]   ⚠️  Removed incompatible accounts: [48338, 49642, 48372, 48373] (media_type=image)
2026-03-14 01:19:41,344 [WARNING]   ❌ health-wellness: ['No compatible accounts after filtering']
2026-03-14 01:19:41,344 [INFO]   ⚠️  Removed incompatible accounts: [48374, 49613, 49646] (media_type=image)
2026-03-14 01:19:41,344 [INFO]   ⚠️  Removed incompatible accounts: [49680, 49658] (media_type=image)
2026-03-14 01:19:41,344 [INFO]   ⚠️  Removed incompatible accounts: [49636, 49635] (media_type=image)
2026-03-14 01:19:41,345 [INFO]   ⚠️  Removed incompatible accounts: [49683, 49631] (media_type=image)
2026-03-14 01:19:41,345 [INFO]   ⚠️  Removed incompatible accounts: [49641, 49614, 48335, 48336, 48337, 49659] (media_type=image)
2026-03-14 01:19:41,345 [WARNING]   ❌ tech-developer: ['No compatible accounts after filtering']
2026-03-14 01:19:41,346 [INFO]   ✅ Approved: 7 | Rejected: 2
2026-03-14 01:19:41,346 [INFO] ✅ Phase 'review' complete
2026-03-14 01:19:41,514 [INFO] 📤 PHASE 5: PUBLISH
2026-03-14 01:19:41,514 [INFO]   📎 Uploading image for trading-finance...
2026-03-14 01:19:43,398 [INFO]     ✅ media_id=ffff5611-93a4-4269-8c91-4fb005890461
2026-03-14 01:19:44,106 [WARNING]   Schedule failed 500: {"statusCode":500,"message":"Internal Server Error"}
2026-03-14 01:19:44,965 [WARNING]   Schedule failed 500: {"statusCode":500,"message":"Internal Server Error"}
2026-03-14 01:19:45,116 [INFO]   📎 Uploading image for product-review...
2026-03-14 01:19:47,206 [INFO]     ✅ media_id=a4959468-0c5f-4690-8702-b3d0d78a1633
2026-03-14 01:19:47,746 [WARNING]   Schedule failed 500: {"statusCode":500,"message":"Internal Server Error"}
2026-03-14 01:19:48,434 [WARNING]   Schedule failed 500: {"statusCode":500,"message":"Internal Server Error"}
2026-03-14 01:19:48,585 [INFO]   📎 Uploading image for digital-marketing...
2026-03-14 01:19:49,864 [INFO]     ✅ media_id=b7933f70-88f5-4f03-9ea6-a713434fb968
2026-03-14 01:19:50,419 [WARNING]   Schedule failed 500: {"statusCode":500,"message":"Internal Server Error"}
2026-03-14 01:19:51,096 [WARNING]   Schedule failed 500: {"statusCode":500,"message":"Internal Server Error"}
2026-03-14 01:19:51,248 [INFO]   📎 Uploading image for food-recipe...
2026-03-14 01:19:52,976 [INFO]     ✅ media_id=3f450f88-d63a-4ef8-8dfa-45b5e31ce9d3
2026-03-14 01:19:53,485 [WARNING]   Schedule failed 500: {"statusCode":500,"message":"Internal Server Error"}
2026-03-14 01:19:54,160 [WARNING]   Schedule failed 500: {"statusCode":500,"message":"Internal Server Error"}
2026-03-14 01:19:54,311 [INFO]   📎 Uploading image for fashion-lifestyle...
2026-03-14 01:19:55,441 [INFO]     ✅ media_id=142adba0-464c-495b-b19a-b3d19cc7bc97
2026-03-14 01:19:56,168 [WARNING]   Schedule failed 500: {"statusCode":500,"message":"Internal Server Error"}
2026-03-14 01:19:56,857 [WARNING]   Schedule failed 500: {"statusCode":500,"message":"Internal Server Error"}
2026-03-14 01:19:57,009 [INFO]   📎 Uploading image for ai-content-creator...
2026-03-14 01:19:59,055 [INFO]     ✅ media_id=fa2e5a42-7aca-4c38-a8ce-b34f14715b03
2026-03-14 01:19:59,751 [WARNING]   Schedule failed 500: {"statusCode":500,"message":"Internal Server Error"}
2026-03-14 01:20:00,440 [WARNING]   Schedule failed 500: {"statusCode":500,"message":"Internal Server Error"}
2026-03-14 01:20:00,592 [INFO]   📎 Uploading image for entertainment-engagement...
2026-03-14 01:20:01,894 [INFO]     ✅ media_id=dfb617fe-a1ed-4c93-b652-d183a21282ac
2026-03-14 01:20:02,597 [WARNING]   Schedule failed 500: {"statusCode":500,"message":"Internal Server Error"}
2026-03-14 01:20:03,290 [WARNING]   Schedule failed 500: {"statusCode":500,"message":"Internal Server Error"}
2026-03-14 01:20:03,443 [INFO]   ✅ Scheduled: 0 | Failed: 14
2026-03-14 01:20:03,443 [INFO] ✅ Phase 'publish' complete
2026-03-14 01:20:36,429 [INFO] ✅ PHASE 4: REVIEW (Auto-QC)
2026-03-14 01:20:36,430 [INFO]   ⚠️  Removed incompatible accounts: [49660, 49677, 49662, 49663] (media_type=image)
2026-03-14 01:20:36,430 [INFO]   ⚠️  Removed incompatible accounts: [48338, 49642, 48372, 48373] (media_type=image)
2026-03-14 01:20:36,430 [WARNING]   ❌ health-wellness: ['No compatible accounts after filtering']
2026-03-14 01:20:36,430 [INFO]   ⚠️  Removed incompatible accounts: [48374, 49613, 49646] (media_type=image)
2026-03-14 01:20:36,430 [INFO]   ⚠️  Removed incompatible accounts: [49680, 49658] (media_type=image)
2026-03-14 01:20:36,430 [INFO]   ⚠️  Removed incompatible accounts: [49636, 49635] (media_type=image)
2026-03-14 01:20:36,430 [INFO]   ⚠️  Removed incompatible accounts: [49683, 49631] (media_type=image)
2026-03-14 01:20:36,431 [INFO]   ⚠️  Removed incompatible accounts: [49641, 49614, 48335, 48336, 48337, 49659] (media_type=image)
2026-03-14 01:20:36,431 [WARNING]   ❌ tech-developer: ['No compatible accounts after filtering']
2026-03-14 01:20:36,431 [INFO]   ✅ Approved: 7 | Rejected: 2
2026-03-14 01:20:36,432 [INFO] ✅ Phase 'review' complete
2026-03-14 01:20:39,312 [INFO] 📤 PHASE 5: PUBLISH
2026-03-14 01:20:39,312 [INFO]   📎 Uploading image for trading-finance...
2026-03-14 01:20:41,178 [INFO]     ✅ media_id=6c9d8e40-efe5-4976-a465-a96e69b3badb
2026-03-14 01:20:41,712 [WARNING]   Schedule failed 500: {"statusCode":500,"message":"Internal Server Error"}
2026-03-14 01:20:42,402 [WARNING]   Schedule failed 500: {"statusCode":500,"message":"Internal Server Error"}
2026-03-14 01:20:42,554 [INFO]   📎 Uploading image for product-review...
2026-03-14 01:20:44,632 [INFO]     ✅ media_id=f0cca23d-e4a1-4eb3-a4a5-1789e906eab9
2026-03-14 01:20:45,339 [WARNING]   Schedule failed 500: {"statusCode":500,"message":"Internal Server Error"}
2026-03-14 01:20:46,042 [WARNING]   Schedule failed 500: {"statusCode":500,"message":"Internal Server Error"}
2026-03-14 01:20:46,193 [INFO]   📎 Uploading image for digital-marketing...
2026-03-14 01:20:47,586 [INFO]     ✅ media_id=23e2e7cf-e4c2-4281-8fa1-797bbff0c594
2026-03-14 01:20:48,124 [WARNING]   Schedule failed 500: {"statusCode":500,"message":"Internal Server Error"}
2026-03-14 01:20:48,812 [WARNING]   Schedule failed 500: {"statusCode":500,"message":"Internal Server Error"}
2026-03-14 01:20:48,963 [INFO]   📎 Uploading image for food-recipe...
2026-03-14 01:20:50,852 [INFO]     ✅ media_id=8a907b0a-e646-4a3d-9dc3-1e5732521a30
2026-03-14 01:20:51,577 [WARNING]   Schedule failed 500: {"statusCode":500,"message":"Internal Server Error"}
2026-03-14 01:20:52,473 [WARNING]   Schedule failed 500: {"statusCode":500,"message":"Internal Server Error"}
2026-03-14 01:20:52,624 [INFO]   📎 Uploading image for fashion-lifestyle...
2026-03-14 01:20:54,622 [INFO]     ✅ media_id=7fee308e-afe3-4ae2-a8d2-68662a47cece
2026-03-14 01:20:55,180 [WARNING]   Schedule failed 500: {"statusCode":500,"message":"Internal Server Error"}
2026-03-14 01:20:55,860 [WARNING]   Schedule failed 500: {"statusCode":500,"message":"Internal Server Error"}
2026-03-14 01:20:56,011 [INFO]   📎 Uploading image for ai-content-creator...
2026-03-14 01:20:57,973 [INFO]     ✅ media_id=deaf1329-5acd-496f-95b5-76598baaab9e
2026-03-14 01:20:58,523 [WARNING]   Schedule failed 500: {"statusCode":500,"message":"Internal Server Error"}
2026-03-14 01:20:59,265 [WARNING]   Schedule failed 500: {"statusCode":500,"message":"Internal Server Error"}
2026-03-14 01:20:59,417 [INFO]   📎 Uploading image for entertainment-engagement...
2026-03-14 01:21:01,197 [INFO]     ✅ media_id=f2068974-52dd-4acb-baf2-9ce73f741fd2
2026-03-14 01:21:01,908 [WARNING]   Schedule failed 500: {"statusCode":500,"message":"Internal Server Error"}
2026-03-14 01:21:02,751 [WARNING]   Schedule failed 500: {"statusCode":500,"message":"Internal Server Error"}
2026-03-14 01:21:02,903 [INFO]   ✅ Scheduled: 0 | Failed: 14
2026-03-14 01:21:02,903 [INFO] ✅ Phase 'publish' complete
2026-03-14 01:24:11,621 [INFO] 📤 PHASE 5: PUBLISH
2026-03-14 01:24:11,621 [INFO]   📎 Uploading image for trading-finance...
2026-03-14 01:24:13,776 [INFO]     ✅ media_id=953eca43-7f14-41ad-8140-4c9d4bb7b692
2026-03-14 01:24:14,518 [WARNING]   PostBridge 500 error, queueing for retry: trading-finance
2026-03-14 01:24:14,523 [INFO]   📦 Queued: trading-finance → 1 total pending
2026-03-14 01:24:14,524 [INFO]   📦 trading-finance queued (PostBridge 500)
2026-03-14 01:24:15,418 [WARNING]   PostBridge 500 error, queueing for retry: trading-finance
2026-03-14 01:24:15,418 [INFO]   📦 Queued: trading-finance → 2 total pending
2026-03-14 01:24:15,420 [INFO]   📦 trading-finance queued (PostBridge 500)
2026-03-14 01:24:15,571 [INFO]   📎 Uploading image for product-review...
2026-03-14 01:24:16,627 [INFO]     ✅ media_id=b66d3a6d-8bd2-4964-8dda-6d11d3d9e27b
2026-03-14 01:24:17,196 [WARNING]   PostBridge 500 error, queueing for retry: product-review
2026-03-14 01:24:17,196 [INFO]   📦 Queued: product-review → 3 total pending
2026-03-14 01:24:17,197 [INFO]   📦 product-review queued (PostBridge 500)
2026-03-14 01:24:17,866 [WARNING]   PostBridge 500 error, queueing for retry: product-review
2026-03-14 01:24:17,867 [INFO]   📦 Queued: product-review → 4 total pending
2026-03-14 01:24:17,868 [INFO]   📦 product-review queued (PostBridge 500)
2026-03-14 01:24:18,019 [INFO]   📎 Uploading image for digital-marketing...
2026-03-14 01:24:19,607 [INFO]     ✅ media_id=d2fd66d7-3771-4dad-9fee-ab0328357e6d
2026-03-14 01:24:20,141 [WARNING]   PostBridge 500 error, queueing for retry: digital-marketing
2026-03-14 01:24:20,141 [INFO]   📦 Queued: digital-marketing → 5 total pending
2026-03-14 01:24:20,143 [INFO]   📦 digital-marketing queued (PostBridge 500)
2026-03-14 01:24:20,825 [WARNING]   PostBridge 500 error, queueing for retry: digital-marketing
2026-03-14 01:24:20,826 [INFO]   📦 Queued: digital-marketing → 6 total pending
2026-03-14 01:24:20,827 [INFO]   📦 digital-marketing queued (PostBridge 500)
2026-03-14 01:24:20,978 [INFO]   📎 Uploading image for food-recipe...
2026-03-14 01:24:22,096 [INFO]     ✅ media_id=e47c6b47-c345-4675-a84e-0772fff04c5b
2026-03-14 01:24:22,810 [WARNING]   PostBridge 500 error, queueing for retry: food-recipe
2026-03-14 01:24:22,829 [INFO]   📦 Queued: food-recipe → 7 total pending
2026-03-14 01:24:22,830 [INFO]   📦 food-recipe queued (PostBridge 500)
2026-03-14 01:24:23,676 [WARNING]   PostBridge 500 error, queueing for retry: food-recipe
2026-03-14 01:24:23,676 [INFO]   📦 Queued: food-recipe → 8 total pending
2026-03-14 01:24:23,677 [INFO]   📦 food-recipe queued (PostBridge 500)
2026-03-14 01:24:23,828 [INFO]   📎 Uploading image for fashion-lifestyle...
2026-03-14 01:24:25,631 [INFO]     ✅ media_id=e1714740-0b20-4dd6-8f81-c3df606d3597
2026-03-14 01:24:26,174 [WARNING]   PostBridge 500 error, queueing for retry: fashion-lifestyle
2026-03-14 01:24:26,175 [INFO]   📦 Queued: fashion-lifestyle → 9 total pending
2026-03-14 01:24:26,176 [INFO]   📦 fashion-lifestyle queued (PostBridge 500)
2026-03-14 01:24:26,852 [WARNING]   PostBridge 500 error, queueing for retry: fashion-lifestyle
2026-03-14 01:24:26,853 [INFO]   📦 Queued: fashion-lifestyle → 10 total pending
2026-03-14 01:24:26,855 [INFO]   📦 fashion-lifestyle queued (PostBridge 500)
2026-03-14 01:24:27,006 [INFO]   📎 Uploading image for ai-content-creator...
2026-03-14 01:24:28,200 [INFO]     ✅ media_id=c3d75ade-c692-4fa5-90b7-9b9b3914e95e
2026-03-14 01:24:28,727 [WARNING]   PostBridge 500 error, queueing for retry: ai-content-creator
2026-03-14 01:24:28,729 [INFO]   📦 Queued: ai-content-creator → 11 total pending
2026-03-14 01:24:28,730 [INFO]   📦 ai-content-creator queued (PostBridge 500)
2026-03-14 01:24:29,423 [WARNING]   PostBridge 500 error, queueing for retry: ai-content-creator
2026-03-14 01:24:29,424 [INFO]   📦 Queued: ai-content-creator → 12 total pending
2026-03-14 01:24:29,426 [INFO]   📦 ai-content-creator queued (PostBridge 500)
2026-03-14 01:24:29,576 [INFO]   📎 Uploading image for entertainment-engagement...
2026-03-14 01:24:30,955 [INFO]     ✅ media_id=35ed76de-3a05-4457-9134-635b86134bf0
2026-03-14 01:24:31,478 [WARNING]   PostBridge 500 error, queueing for retry: entertainment-engagement
2026-03-14 01:24:31,479 [INFO]   📦 Queued: entertainment-engagement → 13 total pending
2026-03-14 01:24:31,479 [INFO]   📦 entertainment-engagement queued (PostBridge 500)
2026-03-14 01:24:32,194 [WARNING]   PostBridge 500 error, queueing for retry: entertainment-engagement
2026-03-14 01:24:32,195 [INFO]   📦 Queued: entertainment-engagement → 14 total pending
2026-03-14 01:24:32,196 [INFO]   📦 entertainment-engagement queued (PostBridge 500)
2026-03-14 01:24:32,346 [INFO]   ✅ Scheduled: 14 | Failed: 0
2026-03-14 01:24:32,347 [INFO] ✅ Phase 'publish' complete
2026-03-14 02:46:48,007 [INFO] 🎨 PHASE 3: PRODUCE
2026-03-14 02:46:48,032 [WARNING]   ⚠️  Image gen failed for trading-finance: PersonaVisualEngine.generate_hook_frame() got an unexpected keyword argument 'subtext'
2026-03-14 02:46:48,033 [WARNING]   ⚠️  Image gen failed for health-wellness: PersonaVisualEngine.generate_hook_frame() got an unexpected keyword argument 'subtext'
2026-03-14 02:46:48,033 [WARNING]   ⚠️  Image gen failed for product-review: PersonaVisualEngine.generate_hook_frame() got an unexpected keyword argument 'subtext'
2026-03-14 02:46:48,033 [WARNING]   ⚠️  Image gen failed for digital-marketing: PersonaVisualEngine.generate_hook_frame() got an unexpected keyword argument 'subtext'
2026-03-14 02:46:48,033 [WARNING]   ⚠️  Image gen failed for food-recipe: PersonaVisualEngine.generate_hook_frame() got an unexpected keyword argument 'subtext'
2026-03-14 02:46:48,033 [WARNING]   ⚠️  Image gen failed for fashion-lifestyle: PersonaVisualEngine.generate_hook_frame() got an unexpected keyword argument 'subtext'
2026-03-14 02:46:48,033 [WARNING]   ⚠️  Image gen failed for ai-content-creator: PersonaVisualEngine.generate_hook_frame() got an unexpected keyword argument 'subtext'
2026-03-14 02:46:48,033 [WARNING]   ⚠️  Image gen failed for tech-developer: PersonaVisualEngine.generate_hook_frame() got an unexpected keyword argument 'subtext'
2026-03-14 02:46:48,033 [WARNING]   ⚠️  Image gen failed for entertainment-engagement: PersonaVisualEngine.generate_hook_frame() got an unexpected keyword argument 'subtext'
2026-03-14 02:46:48,033 [INFO]   ✅ Produced 9 items → /home/openclaw/.openclaw/workspace/content_suite/output/2026-03-14/produced.json
2026-03-14 02:46:48,034 [INFO] ✅ Phase 'produce' complete
2026-03-14 02:47:07,710 [INFO] 🎨 PHASE 3: PRODUCE
2026-03-14 02:47:07,888 [INFO]   🖼️  trading-finance: trading-finance_3_Hal_yang_Bikin_Hidupmu__20260314.png
2026-03-14 02:47:08,030 [INFO]   🖼️  health-wellness: health-wellness_Tips_Hidup_yang_Simpel_ta_20260314.png
2026-03-14 02:47:08,172 [INFO]   🖼️  product-review: product-review_Hal_yang_Sering_Salah_Dip_20260314.png
2026-03-14 02:47:08,308 [INFO]   🖼️  digital-marketing: digital-marketing_3_Hal_yang_Bikin_Hidupmu__20260314.png
2026-03-14 02:47:08,450 [INFO]   🖼️  food-recipe: food-recipe_Tips_Hidup_yang_Simpel_ta_20260314.png
2026-03-14 02:47:08,585 [INFO]   🖼️  fashion-lifestyle: fashion-lifestyle_Tips_Hidup_yang_Simpel_ta_20260314.png
2026-03-14 02:47:08,731 [INFO]   🖼️  ai-content-creator: ai-content-creator_3_Hal_yang_Bikin_Hidupmu__20260314.png
2026-03-14 02:47:08,885 [INFO]   🖼️  tech-developer: tech-developer_3_Hal_yang_Bikin_Hidupmu__20260314.png
2026-03-14 02:47:09,028 [INFO]   🖼️  entertainment-engagement: entertainment-engagement_3_Hal_yang_Bikin_Hidupmu__20260314.png
2026-03-14 02:47:09,029 [INFO]   ✅ Produced 9 items → /home/openclaw/.openclaw/workspace/content_suite/output/2026-03-14/produced.json
2026-03-14 02:47:09,029 [INFO] ✅ Phase 'produce' complete
2026-03-14 02:47:09,220 [INFO] ✅ PHASE 4: REVIEW (Auto-QC)
2026-03-14 02:47:09,220 [INFO]   ⚠️  Removed incompatible accounts: [49660, 49677, 49662, 49663] (media_type=image)
2026-03-14 02:47:09,221 [INFO]   ⚠️  Removed incompatible accounts: [48338, 49642, 48372, 48373] (media_type=image)
2026-03-14 02:47:09,221 [WARNING]   ❌ health-wellness: ['No compatible accounts after filtering']
2026-03-14 02:47:09,221 [INFO]   ⚠️  Removed incompatible accounts: [48374, 49613, 49646] (media_type=image)
2026-03-14 02:47:09,221 [INFO]   ⚠️  Removed incompatible accounts: [49680, 49658] (media_type=image)
2026-03-14 02:47:09,221 [INFO]   ⚠️  Removed incompatible accounts: [49636, 49635] (media_type=image)
2026-03-14 02:47:09,221 [INFO]   ⚠️  Removed incompatible accounts: [49683, 49631] (media_type=image)
2026-03-14 02:47:09,221 [INFO]   ⚠️  Removed incompatible accounts: [49641, 49614, 48335, 48336, 48337, 49659] (media_type=image)
2026-03-14 02:47:09,221 [WARNING]   ❌ tech-developer: ['No compatible accounts after filtering']
2026-03-14 02:47:09,222 [INFO]   ✅ Approved: 7 | Rejected: 2
2026-03-14 02:47:09,222 [INFO] ✅ Phase 'review' complete
2026-03-14 02:47:09,405 [INFO] 📤 PHASE 5: PUBLISH
2026-03-14 02:47:09,405 [INFO]   📎 Uploading image for trading-finance...
2026-03-14 02:47:11,418 [INFO]     ✅ media_id=2467f578-a5e4-4bd0-a097-9f837d93ab62
2026-03-14 02:47:12,546 [INFO]   ✅ trading-finance @ 2026-03-14T07:00:00+07:00 → post_id=a289e74b-00dc-4a39-9071-006b8d410f86
2026-03-14 02:47:13,852 [INFO]   ✅ trading-finance @ 2026-03-14T12:00:00+07:00 → post_id=fef95766-c459-4047-89ed-670a8d8377b0
2026-03-14 02:47:14,002 [INFO]   📎 Uploading image for product-review...
2026-03-14 02:47:16,011 [INFO]     ✅ media_id=0cec9338-d5b2-4bbe-aa7f-7de73b4423f6
2026-03-14 02:47:16,867 [INFO]   ✅ product-review @ 2026-03-14T10:00:00+07:00 → post_id=912a9e50-d342-47c3-a3d6-4295b020b288
2026-03-14 02:47:18,025 [INFO]   ✅ product-review @ 2026-03-14T14:00:00+07:00 → post_id=bfc8e5c1-c0f2-447b-8dfb-e31cbde3e509
2026-03-14 02:47:18,176 [INFO]   📎 Uploading image for digital-marketing...
2026-03-14 02:47:20,161 [INFO]     ✅ media_id=1868135c-1fe8-4c27-9809-d7809ce73536
2026-03-14 02:47:21,509 [INFO]   ✅ digital-marketing @ 2026-03-14T08:00:00+07:00 → post_id=1c07b562-7d0b-4263-8491-6344e8d3101d
2026-03-14 02:47:22,904 [INFO]   ✅ digital-marketing @ 2026-03-14T11:00:00+07:00 → post_id=740cbfae-a9e1-4d2c-ae73-ab3eebe97c47
2026-03-14 02:47:23,054 [INFO]   📎 Uploading image for food-recipe...
2026-03-14 02:47:25,144 [INFO]     ✅ media_id=799b5282-231f-417f-b99b-c0ccba2dc0d0
2026-03-14 02:47:26,212 [INFO]   ✅ food-recipe @ 2026-03-14T07:00:00+07:00 → post_id=e15b4c66-2a13-4be1-9649-70b6a2f5511a
2026-03-14 02:47:27,228 [INFO]   ✅ food-recipe @ 2026-03-14T11:30:00+07:00 → post_id=dd274000-46ca-454c-bdc8-f6ad906f9528
2026-03-14 02:47:27,379 [INFO]   📎 Uploading image for fashion-lifestyle...
2026-03-14 02:47:28,924 [INFO]     ✅ media_id=384ad3f9-1c33-445a-8192-b27c12fb006e
2026-03-14 02:47:29,765 [INFO]   ✅ fashion-lifestyle @ 2026-03-14T07:30:00+07:00 → post_id=f7482994-2bcc-4f2b-bc99-28ad274f59af
2026-03-14 02:47:30,978 [INFO]   ✅ fashion-lifestyle @ 2026-03-14T12:00:00+07:00 → post_id=6df7a6c3-df66-4264-9a11-e7681d82d166
2026-03-14 02:47:31,128 [INFO]   📎 Uploading image for ai-content-creator...
2026-03-14 02:47:33,199 [INFO]     ✅ media_id=36b1e2e3-b40d-466e-9c26-ac97e9fbece1
2026-03-14 02:47:34,164 [INFO]   ✅ ai-content-creator @ 2026-03-14T08:00:00+07:00 → post_id=320d6583-dfd1-4478-aa1e-52bbf0607435
2026-03-14 02:47:35,238 [INFO]   ✅ ai-content-creator @ 2026-03-14T13:00:00+07:00 → post_id=29c168e4-c166-4942-8178-492cd13aacfb
2026-03-14 02:47:35,388 [INFO]   📎 Uploading image for entertainment-engagement...
2026-03-14 02:47:36,856 [INFO]     ✅ media_id=0db67ccc-6ed4-45a2-bb37-77ab9cdb7ffb
2026-03-14 02:47:40,252 [INFO]   ✅ entertainment-engagement @ 2026-03-14T09:00:00+07:00 → post_id=1742d946-257b-44f3-871f-89c57b7d3a1f
2026-03-14 02:47:43,799 [INFO]   ✅ entertainment-engagement @ 2026-03-14T12:00:00+07:00 → post_id=a440e963-f386-4659-a459-fd2bcee61eea
2026-03-14 02:47:43,950 [INFO]   ✅ Scheduled: 14 | Failed: 0
2026-03-14 02:47:43,950 [INFO] ✅ Phase 'publish' complete
2026-03-14 06:09:23,761 [INFO] 🔍 PHASE 1: RESEARCH
2026-03-14 06:09:23,770 [INFO]   ✅ Trends saved: /home/openclaw/.openclaw/workspace/content_suite/output/2026-03-14/trends.json
2026-03-14 06:09:23,770 [INFO] ✅ Phase 'research' complete
2026-03-14 06:09:32,976 [INFO] 📋 PHASE 2: PLAN
2026-03-14 06:09:32,978 [INFO]   ✅ Plan: 9 persona plans saved → /home/openclaw/.openclaw/workspace/content_suite/output/2026-03-14/plan.json
2026-03-14 06:09:32,978 [INFO] ✅ Phase 'plan' complete
2026-03-14 06:09:36,113 [INFO] 🎨 PHASE 3: PRODUCE
2026-03-14 06:09:36,855 [INFO]   🖼️  trading-finance: trading-finance_Fakta_Mengejutkan_yang_Ba_20260314.png
2026-03-14 06:09:37,466 [INFO]   🖼️  health-wellness: health-wellness_Fakta_Mengejutkan_yang_Ba_20260314.png
2026-03-14 06:09:38,104 [INFO]   🖼️  product-review: product-review_Fakta_Mengejutkan_yang_Ba_20260314.png
2026-03-14 06:09:38,654 [INFO]   🖼️  digital-marketing: digital-marketing_Fakta_Mengejutkan_yang_Ba_20260314.png
2026-03-14 06:09:39,217 [INFO]   🖼️  food-recipe: food-recipe_Hal_yang_Sering_Salah_Dip_20260314.png
2026-03-14 06:09:39,777 [INFO]   🖼️  fashion-lifestyle: fashion-lifestyle_Hal_yang_Sering_Salah_Dip_20260314.png
2026-03-14 06:09:40,363 [INFO]   🖼️  ai-content-creator: ai-content-creator_Hal_yang_Sering_Salah_Dip_20260314.png
2026-03-14 06:09:40,905 [INFO]   🖼️  tech-developer: tech-developer_Fakta_Mengejutkan_yang_Ba_20260314.png
2026-03-14 06:09:41,453 [INFO]   🖼️  entertainment-engagement: entertainment-engagement_Fakta_Mengejutkan_yang_Ba_20260314.png
2026-03-14 06:09:41,454 [INFO]   ✅ Produced 9 items → /home/openclaw/.openclaw/workspace/content_suite/output/2026-03-14/produced.json
2026-03-14 06:09:41,454 [INFO] ✅ Phase 'produce' complete
2026-03-14 06:09:44,985 [INFO] ✅ PHASE 4: REVIEW (Auto-QC)
2026-03-14 06:09:44,985 [INFO]   ⚠️  Removed incompatible accounts: [49660, 49677, 49662, 49663] (media_type=image)
2026-03-14 06:09:44,986 [INFO]   ⚠️  Removed incompatible accounts: [48338, 49642, 48372, 48373] (media_type=image)
2026-03-14 06:09:44,986 [WARNING]   ❌ health-wellness: ['No compatible accounts after filtering']
2026-03-14 06:09:44,986 [INFO]   ⚠️  Removed incompatible accounts: [48374, 49613, 49646] (media_type=image)
2026-03-14 06:09:44,986 [INFO]   ⚠️  Removed incompatible accounts: [49680, 49658] (media_type=image)
2026-03-14 06:09:44,986 [INFO]   ⚠️  Removed incompatible accounts: [49636, 49635] (media_type=image)
2026-03-14 06:09:44,986 [INFO]   ⚠️  Removed incompatible accounts: [49683, 49631] (media_type=image)
2026-03-14 06:09:44,986 [INFO]   ⚠️  Removed incompatible accounts: [49641, 49614, 48335, 48336, 48337, 49659] (media_type=image)
2026-03-14 06:09:44,994 [WARNING]   ❌ tech-developer: ['No compatible accounts after filtering']
2026-03-14 06:09:44,995 [INFO]   ✅ Approved: 7 | Rejected: 2
2026-03-14 06:09:44,996 [INFO] ✅ Phase 'review' complete
2026-03-14 06:09:45,292 [INFO] 📤 PHASE 5: PUBLISH
2026-03-14 06:09:45,292 [INFO]   📎 Uploading image for trading-finance...
2026-03-14 06:09:47,117 [INFO]     ✅ media_id=dd6c6382-0768-4b57-8332-2b7cd7b5e579
2026-03-14 06:09:48,261 [INFO]   ✅ trading-finance @ 2026-03-14T07:00:00+07:00 → post_id=726b0635-8a56-482e-ad09-38738199a0bf
2026-03-14 06:09:49,627 [INFO]   ✅ trading-finance @ 2026-03-14T12:00:00+07:00 → post_id=10fb4fd9-27a6-4980-8dc2-7d0b54d2b064
2026-03-14 06:09:49,778 [INFO]   📎 Uploading image for product-review...
2026-03-14 06:09:52,002 [INFO]     ✅ media_id=ae29d2b8-fb94-4c35-a5d9-e6bc94542b6b
2026-03-14 06:09:52,838 [INFO]   ✅ product-review @ 2026-03-14T10:00:00+07:00 → post_id=9ebf3ed2-f802-4a7e-8c29-fcecc587d1c2
2026-03-14 06:09:54,084 [INFO]   ✅ product-review @ 2026-03-14T14:00:00+07:00 → post_id=128574ec-1e1b-49be-8843-da8450fb44aa
2026-03-14 06:09:54,243 [INFO]   📎 Uploading image for digital-marketing...
2026-03-14 06:09:55,941 [INFO]     ✅ media_id=46099a89-3989-4830-b139-feb96eec8a66
2026-03-14 06:09:57,025 [INFO]   ✅ digital-marketing @ 2026-03-14T08:00:00+07:00 → post_id=d2f61bbd-8f62-401b-bb49-592bdec9aa42
2026-03-14 06:09:58,650 [INFO]   ✅ digital-marketing @ 2026-03-14T11:00:00+07:00 → post_id=94d771cd-d964-4124-9101-2e0a19f29838
2026-03-14 06:09:58,801 [INFO]   📎 Uploading image for food-recipe...
2026-03-14 06:10:00,506 [INFO]     ✅ media_id=414fd098-3b46-4fcb-a0ee-3cdefdb16b3e
2026-03-14 06:10:01,537 [INFO]   ✅ food-recipe @ 2026-03-14T07:00:00+07:00 → post_id=8e1125e7-d8fa-4b74-b15b-e6b771a7035b
2026-03-14 06:10:02,937 [INFO]   ✅ food-recipe @ 2026-03-14T11:30:00+07:00 → post_id=a86bf82b-69c1-42ac-ab37-f2e0a16cf5c0
2026-03-14 06:10:03,088 [INFO]   📎 Uploading image for fashion-lifestyle...
2026-03-14 06:10:04,979 [INFO]     ✅ media_id=69c969a9-bff2-441c-bb3a-b6bd46772767
2026-03-14 06:10:06,095 [INFO]   ✅ fashion-lifestyle @ 2026-03-14T07:30:00+07:00 → post_id=b95f29ce-cc1f-4cec-9a66-6f4245784c66
2026-03-14 06:10:07,340 [INFO]   ✅ fashion-lifestyle @ 2026-03-14T12:00:00+07:00 → post_id=5777084d-de98-4429-934c-8ca044b9a83e
2026-03-14 06:10:07,491 [INFO]   📎 Uploading image for ai-content-creator...
2026-03-14 06:10:09,165 [INFO]     ✅ media_id=770a0761-038b-49c4-b5bc-55969a3f264f
2026-03-14 06:10:10,133 [INFO]   ✅ ai-content-creator @ 2026-03-14T08:00:00+07:00 → post_id=c32223db-5913-4c50-9d4c-e3ffa3bb8273
2026-03-14 06:10:11,206 [INFO]   ✅ ai-content-creator @ 2026-03-14T13:00:00+07:00 → post_id=aec96939-592b-478f-a8b3-c58e7884ec64
2026-03-14 06:10:11,357 [INFO]   📎 Uploading image for entertainment-engagement...
2026-03-14 06:10:12,774 [INFO]     ✅ media_id=a2f96f91-dd7a-4203-a784-95f9145068a2
2026-03-14 06:10:13,773 [INFO]   ✅ entertainment-engagement @ 2026-03-14T09:00:00+07:00 → post_id=25e5b46f-02cb-4f52-9f53-78d570a2f7bf
2026-03-14 06:10:14,964 [INFO]   ✅ entertainment-engagement @ 2026-03-14T12:00:00+07:00 → post_id=9f225804-c38e-4b2f-b9e4-d3228c5f79d0
2026-03-14 06:10:15,116 [INFO]   ✅ Scheduled: 14 | Failed: 0
2026-03-14 06:10:15,116 [INFO] ✅ Phase 'publish' complete
