[2026-03-13 00:44:02] LIKE | account:48374 | platform:tiktok | url:https://tiktok.com/@test/123... | dry_run:True
[2026-03-13 00:44:02]   [DRY RUN] Would like post from account 48374
[2026-03-13 00:44:02] === Like Campaign START | post:https://tiktok.com/@test/123 | accounts:3 | dry_run:True ===
[2026-03-13 00:44:02] LIKE | account:48374 | platform:tiktok | url:https://tiktok.com/@test/123... | dry_run:True
[2026-03-13 00:44:02]   [DRY RUN] Would like post from account 48374
[2026-03-13 00:44:02]   Waiting 0s before next account...
[2026-03-13 00:44:02] LIKE | account:48373 | platform:tiktok | url:https://tiktok.com/@test/123... | dry_run:True
[2026-03-13 00:44:02]   [DRY RUN] Would like post from account 48373
[2026-03-13 00:44:02]   Waiting 0s before next account...
[2026-03-13 00:44:02] LIKE | account:48372 | platform:tiktok | url:https://tiktok.com/@test/123... | dry_run:True
[2026-03-13 00:44:02]   [DRY RUN] Would like post from account 48372
[2026-03-13 00:44:02] === Like Campaign DONE | success:3 failed:0 skipped:0 ===
[2026-03-13 00:44:10] LIKE | account:48374 | platform:tiktok | url:https://tiktok.com/@test/123... | dry_run:True
[2026-03-13 00:44:10]   [DRY RUN] Would like post from account 48374
[2026-03-13 00:44:10] === Like Campaign START | post:https://tiktok.com/@test/123 | accounts:3 | dry_run:True ===
[2026-03-13 00:44:10] LIKE | account:48374 | platform:tiktok | url:https://tiktok.com/@test/123... | dry_run:True
[2026-03-13 00:44:10]   [DRY RUN] Would like post from account 48374
[2026-03-13 00:44:10]   Waiting 0s before next account...
[2026-03-13 00:44:10] LIKE | account:48373 | platform:tiktok | url:https://tiktok.com/@test/123... | dry_run:True
[2026-03-13 00:44:10]   [DRY RUN] Would like post from account 48373
[2026-03-13 00:44:10]   Waiting 0s before next account...
[2026-03-13 00:44:10] LIKE | account:48372 | platform:tiktok | url:https://tiktok.com/@test/123... | dry_run:True
[2026-03-13 00:44:10]   [DRY RUN] Would like post from account 48372
[2026-03-13 00:44:10] === Like Campaign DONE | success:3 failed:0 skipped:0 ===
